<?xml version="1.0" encoding="UTF-8"?>
<coverage generated="1579277211438" clover="3.2.0">
  <project timestamp="1579277211439" name="All files">
    <metrics statements="3844" coveredstatements="3155" conditionals="1310" coveredconditionals="1060" methods="1395" coveredmethods="1158" elements="6549" coveredelements="5373" complexity="0" loc="3844" ncloc="3844" packages="80" files="277" classes="277">
      <package name="app">
        <metrics statements="13" coveredstatements="0" conditionals="0" coveredconditionals="0" methods="4" coveredmethods="0"/>
        <file name="app.ts" path="/home/travis/build/MaibornWolff/codecharta/visualization/app/app.ts">
          <metrics statements="13" coveredstatements="0" conditionals="0" coveredconditionals="0" methods="4" coveredmethods="0"/>
          <line num="2" count="0" type="stmt"/>
          <line num="3" count="0" type="stmt"/>
          <line num="4" count="0" type="stmt"/>
          <line num="5" count="0" type="stmt"/>
          <line num="6" count="0" type="stmt"/>
          <line num="9" count="0" type="stmt"/>
          <line num="11" count="0" type="stmt"/>
          <line num="16" count="0" type="stmt"/>
          <line num="17" count="0" type="stmt"/>
          <line num="24" count="0" type="stmt"/>
          <line num="31" count="0" type="stmt"/>
          <line num="36" count="0" type="stmt"/>
          <line num="37" count="0" type="stmt"/>
        </file>
      </package>
      <package name="app.codeCharta">
        <metrics statements="89" coveredstatements="75" conditionals="36" coveredconditionals="26" methods="23" coveredmethods="20"/>
        <file name="codeCharta.component.ts" path="/home/travis/build/MaibornWolff/codecharta/visualization/app/codeCharta/codeCharta.component.ts">
          <metrics statements="36" coveredstatements="29" conditionals="10" coveredconditionals="7" methods="10" coveredmethods="7"/>
          <line num="16" count="10" type="stmt"/>
          <line num="30" count="10" type="stmt"/>
          <line num="31" count="10" type="stmt"/>
          <line num="32" count="10" type="stmt"/>
          <line num="33" count="10" type="stmt"/>
          <line num="34" count="10" type="stmt"/>
          <line num="35" count="10" type="stmt"/>
          <line num="36" count="10" type="stmt"/>
          <line num="38" count="10" type="stmt"/>
          <line num="40" count="10" type="stmt"/>
          <line num="41" count="10" type="stmt"/>
          <line num="42" count="10" type="stmt"/>
          <line num="46" count="13" type="stmt"/>
          <line num="49" count="13" type="cond" truecount="2" falsecount="0"/>
          <line num="50" count="2" type="stmt"/>
          <line num="51" count="2" type="stmt"/>
          <line num="53" count="11" type="stmt"/>
          <line num="57" count="0" type="stmt"/>
          <line num="62" count="13" type="cond" truecount="2" falsecount="0"/>
          <line num="63" count="11" type="stmt"/>
          <line num="67" count="13" type="stmt"/>
          <line num="74" count="15" type="stmt"/>
          <line num="76" count="15" type="stmt"/>
          <line num="79" count="15" type="stmt"/>
          <line num="82" count="0" type="stmt"/>
          <line num="83" count="0" type="stmt"/>
          <line num="84" count="0" type="stmt"/>
          <line num="89" count="2" type="stmt"/>
          <line num="90" count="2" type="stmt"/>
          <line num="92" count="2" type="cond" truecount="2" falsecount="2"/>
          <line num="93" count="0" type="stmt"/>
          <line num="94" count="2" type="cond" truecount="1" falsecount="1"/>
          <line num="95" count="0" type="stmt"/>
          <line num="97" count="2" type="stmt"/>
          <line num="102" count="0" type="stmt"/>
          <line num="106" count="87" type="stmt"/>
        </file>
        <file name="codeCharta.model.ts" path="/home/travis/build/MaibornWolff/codecharta/visualization/app/codeCharta/codeCharta.model.ts">
          <metrics statements="22" coveredstatements="22" conditionals="10" coveredconditionals="10" methods="5" coveredmethods="5"/>
          <line num="14" count="113" type="cond" truecount="2" falsecount="0"/>
          <line num="15" count="113" type="stmt"/>
          <line num="16" count="113" type="stmt"/>
          <line num="17" count="113" type="stmt"/>
          <line num="18" count="113" type="stmt"/>
          <line num="19" count="113" type="stmt"/>
          <line num="22" count="113" type="cond" truecount="2" falsecount="0"/>
          <line num="23" count="113" type="stmt"/>
          <line num="24" count="113" type="stmt"/>
          <line num="25" count="113" type="stmt"/>
          <line num="26" count="113" type="stmt"/>
          <line num="150" count="113" type="cond" truecount="2" falsecount="0"/>
          <line num="151" count="113" type="stmt"/>
          <line num="152" count="113" type="stmt"/>
          <line num="162" count="113" type="cond" truecount="2" falsecount="0"/>
          <line num="163" count="113" type="stmt"/>
          <line num="164" count="113" type="stmt"/>
          <line num="165" count="113" type="stmt"/>
          <line num="166" count="113" type="stmt"/>
          <line num="179" count="113" type="cond" truecount="2" falsecount="0"/>
          <line num="180" count="113" type="stmt"/>
          <line num="181" count="113" type="stmt"/>
        </file>
        <file name="codeCharta.module.ts" path="/home/travis/build/MaibornWolff/codecharta/visualization/app/codeCharta/codeCharta.module.ts">
          <metrics statements="2" coveredstatements="2" conditionals="0" coveredconditionals="0" methods="0" coveredmethods="0"/>
          <line num="12" count="87" type="stmt"/>
          <line num="14" count="87" type="stmt"/>
        </file>
        <file name="codeCharta.service.ts" path="/home/travis/build/MaibornWolff/codecharta/visualization/app/codeCharta/codeCharta.service.ts">
          <metrics statements="29" coveredstatements="22" conditionals="16" coveredconditionals="9" methods="8" coveredmethods="8"/>
          <line num="8" count="96" type="stmt"/>
          <line num="9" count="96" type="stmt"/>
          <line num="10" count="96" type="stmt"/>
          <line num="12" count="18" type="stmt"/>
          <line num="15" count="6" type="stmt"/>
          <line num="16" count="6" type="stmt"/>
          <line num="17" count="6" type="stmt"/>
          <line num="18" count="5" type="cond" truecount="2" falsecount="0"/>
          <line num="19" count="3" type="stmt"/>
          <line num="20" count="3" type="stmt"/>
          <line num="21" count="3" type="stmt"/>
          <line num="23" count="2" type="stmt"/>
          <line num="27" count="5" type="stmt"/>
          <line num="28" count="5" type="stmt"/>
          <line num="33" count="3" type="stmt"/>
          <line num="52" count="3" type="stmt"/>
          <line num="54" count="3" type="cond" truecount="2" falsecount="2"/>
          <line num="55" count="3" type="stmt"/>
          <line num="60" count="0" type="cond" truecount="0" falsecount="2"/>
          <line num="61" count="0" type="stmt"/>
          <line num="63" count="0" type="stmt"/>
          <line num="66" count="0" type="cond" truecount="0" falsecount="2"/>
          <line num="67" count="0" type="stmt"/>
          <line num="69" count="0" type="stmt"/>
          <line num="72" count="0" type="stmt"/>
          <line num="76" count="3" type="stmt"/>
          <line num="77" count="1" type="cond" truecount="1" falsecount="1"/>
          <line num="78" count="1" type="stmt"/>
          <line num="81" count="3" type="stmt"/>
        </file>
      </package>
      <package name="app.codeCharta.state">
        <metrics statements="279" coveredstatements="271" conditionals="71" coveredconditionals="62" methods="134" coveredmethods="127"/>
        <file name="edgeMetricData.service.ts" path="/home/travis/build/MaibornWolff/codecharta/visualization/app/codeCharta/state/edgeMetricData.service.ts">
          <metrics statements="81" coveredstatements="80" conditionals="26" coveredconditionals="25" methods="36" coveredmethods="36"/>
          <line num="23" count="87" type="stmt"/>
          <line num="25" count="200" type="stmt"/>
          <line num="28" count="200" type="stmt"/>
          <line num="29" count="200" type="stmt"/>
          <line num="30" count="200" type="stmt"/>
          <line num="34" count="15" type="stmt"/>
          <line num="35" count="15" type="stmt"/>
          <line num="39" count="7" type="stmt"/>
          <line num="43" count="22" type="stmt"/>
          <line num="44" count="22" type="stmt"/>
          <line num="45" count="22" type="stmt"/>
          <line num="46" count="22" type="stmt"/>
          <line num="50" count="3" type="cond" truecount="1" falsecount="1"/>
          <line num="51" count="0" type="stmt"/>
          <line num="54" count="6" type="stmt"/>
          <line num="58" count="2" type="cond" truecount="4" falsecount="0"/>
          <line num="59" count="1" type="stmt"/>
          <line num="61" count="1" type="stmt"/>
          <line num="65" count="2" type="cond" truecount="4" falsecount="0"/>
          <line num="66" count="1" type="stmt"/>
          <line num="69" count="1" type="stmt"/>
          <line num="70" count="1" type="stmt"/>
          <line num="71" count="1" type="stmt"/>
          <line num="72" count="2" type="stmt"/>
          <line num="75" count="1" type="stmt"/>
          <line num="79" count="4" type="stmt"/>
          <line num="80" count="1" type="stmt"/>
          <line num="82" count="1" type="stmt"/>
          <line num="83" count="3" type="stmt"/>
          <line num="85" count="1" type="stmt"/>
          <line num="89" count="6" type="stmt"/>
          <line num="93" count="22" type="cond" truecount="2" falsecount="0"/>
          <line num="94" count="17" type="stmt"/>
          <line num="96" count="5" type="stmt"/>
          <line num="97" count="5" type="stmt"/>
          <line num="102" count="5" type="stmt"/>
          <line num="103" count="5" type="stmt"/>
          <line num="104" count="5" type="stmt"/>
          <line num="105" count="5" type="stmt"/>
          <line num="106" count="5" type="stmt"/>
          <line num="107" count="5" type="stmt"/>
          <line num="108" count="5" type="stmt"/>
          <line num="109" count="15" type="cond" truecount="2" falsecount="0"/>
          <line num="110" count="10" type="stmt"/>
          <line num="114" count="5" type="stmt"/>
          <line num="118" count="65" type="stmt"/>
          <line num="119" count="60" type="stmt"/>
          <line num="120" count="15" type="cond" truecount="4" falsecount="0"/>
          <line num="124" count="20" type="stmt"/>
          <line num="128" count="10" type="stmt"/>
          <line num="129" count="20" type="stmt"/>
          <line num="130" count="20" type="stmt"/>
          <line num="135" count="20" type="cond" truecount="2" falsecount="0"/>
          <line num="136" count="15" type="stmt"/>
          <line num="138" count="20" type="stmt"/>
          <line num="142" count="20" type="stmt"/>
          <line num="143" count="20" type="stmt"/>
          <line num="144" count="20" type="stmt"/>
          <line num="145" count="20" type="stmt"/>
          <line num="149" count="40" type="cond" truecount="2" falsecount="0"/>
          <line num="150" count="35" type="stmt"/>
          <line num="155" count="5" type="stmt"/>
          <line num="157" count="5" type="stmt"/>
          <line num="158" count="15" type="stmt"/>
          <line num="159" count="15" type="stmt"/>
          <line num="160" count="35" type="stmt"/>
          <line num="161" count="35" type="cond" truecount="2" falsecount="0"/>
          <line num="162" count="20" type="stmt"/>
          <line num="165" count="15" type="stmt"/>
          <line num="168" count="5" type="stmt"/>
          <line num="172" count="24" type="stmt"/>
          <line num="173" count="24" type="cond" truecount="2" falsecount="0"/>
          <line num="174" count="16" type="stmt"/>
          <line num="175" count="17" type="stmt"/>
          <line num="176" count="24" type="stmt"/>
          <line num="178" count="17" type="stmt"/>
          <line num="181" count="24" type="stmt"/>
          <line num="185" count="22" type="stmt"/>
          <line num="189" count="22" type="stmt"/>
          <line num="193" count="12" type="stmt"/>
          <line num="194" count="17" type="stmt"/>
        </file>
        <file name="fileState.service.ts" path="/home/travis/build/MaibornWolff/codecharta/visualization/app/codeCharta/state/fileState.service.ts">
          <metrics statements="38" coveredstatements="38" conditionals="6" coveredconditionals="6" methods="25" coveredmethods="25"/>
          <line num="12" count="87" type="stmt"/>
          <line num="14" count="341" type="stmt"/>
          <line num="17" count="341" type="stmt"/>
          <line num="20" count="2" type="stmt"/>
          <line num="24" count="5" type="stmt"/>
          <line num="28" count="9" type="stmt"/>
          <line num="32" count="58" type="stmt"/>
          <line num="36" count="1" type="stmt"/>
          <line num="37" count="1" type="stmt"/>
          <line num="41" count="7" type="stmt"/>
          <line num="42" count="7" type="stmt"/>
          <line num="43" count="7" type="cond" truecount="2" falsecount="0"/>
          <line num="44" count="2" type="stmt"/>
          <line num="46" count="7" type="stmt"/>
          <line num="50" count="1" type="stmt"/>
          <line num="51" count="1" type="stmt"/>
          <line num="52" count="1" type="stmt"/>
          <line num="56" count="5" type="stmt"/>
          <line num="57" count="6" type="stmt"/>
          <line num="58" count="7" type="stmt"/>
          <line num="60" count="5" type="cond" truecount="2" falsecount="0"/>
          <line num="61" count="3" type="stmt"/>
          <line num="64" count="5" type="cond" truecount="2" falsecount="0"/>
          <line num="65" count="3" type="stmt"/>
          <line num="67" count="5" type="stmt"/>
          <line num="71" count="1" type="stmt"/>
          <line num="72" count="2" type="stmt"/>
          <line num="73" count="1" type="stmt"/>
          <line num="77" count="4" type="stmt"/>
          <line num="78" count="6" type="stmt"/>
          <line num="79" count="4" type="stmt"/>
          <line num="83" count="795" type="stmt"/>
          <line num="87" count="9" type="stmt"/>
          <line num="91" count="19" type="stmt"/>
          <line num="95" count="16" type="stmt"/>
          <line num="96" count="16" type="stmt"/>
          <line num="100" count="1075" type="stmt"/>
          <line num="101" count="12" type="stmt"/>
        </file>
        <file name="injector.service.ts" path="/home/travis/build/MaibornWolff/codecharta/visualization/app/codeCharta/state/injector.service.ts">
          <metrics statements="32" coveredstatements="32" conditionals="0" coveredconditionals="0" methods="1" coveredmethods="1"/>
          <line num="41" count="8" type="stmt"/>
          <line num="42" count="8" type="stmt"/>
          <line num="43" count="8" type="stmt"/>
          <line num="44" count="8" type="stmt"/>
          <line num="45" count="8" type="stmt"/>
          <line num="46" count="8" type="stmt"/>
          <line num="47" count="8" type="stmt"/>
          <line num="48" count="8" type="stmt"/>
          <line num="49" count="8" type="stmt"/>
          <line num="50" count="8" type="stmt"/>
          <line num="51" count="8" type="stmt"/>
          <line num="52" count="8" type="stmt"/>
          <line num="53" count="8" type="stmt"/>
          <line num="54" count="8" type="stmt"/>
          <line num="55" count="8" type="stmt"/>
          <line num="56" count="8" type="stmt"/>
          <line num="57" count="8" type="stmt"/>
          <line num="58" count="8" type="stmt"/>
          <line num="59" count="8" type="stmt"/>
          <line num="60" count="8" type="stmt"/>
          <line num="61" count="8" type="stmt"/>
          <line num="62" count="8" type="stmt"/>
          <line num="63" count="8" type="stmt"/>
          <line num="64" count="8" type="stmt"/>
          <line num="65" count="8" type="stmt"/>
          <line num="66" count="8" type="stmt"/>
          <line num="67" count="8" type="stmt"/>
          <line num="68" count="8" type="stmt"/>
          <line num="69" count="8" type="stmt"/>
          <line num="70" count="8" type="stmt"/>
          <line num="71" count="8" type="stmt"/>
          <line num="72" count="8" type="stmt"/>
        </file>
        <file name="loadingStatus.service.ts" path="/home/travis/build/MaibornWolff/codecharta/visualization/app/codeCharta/state/loadingStatus.service.ts">
          <metrics statements="18" coveredstatements="16" conditionals="2" coveredconditionals="2" methods="10" coveredmethods="8"/>
          <line num="10" count="88" type="stmt"/>
          <line num="11" count="88" type="stmt"/>
          <line num="13" count="712" type="stmt"/>
          <line num="14" count="712" type="stmt"/>
          <line num="16" count="712" type="stmt"/>
          <line num="19" count="11" type="stmt"/>
          <line num="20" count="11" type="stmt"/>
          <line num="24" count="314" type="cond" truecount="2" falsecount="0"/>
          <line num="25" count="2" type="stmt"/>
          <line num="26" count="2" type="stmt"/>
          <line num="31" count="4" type="stmt"/>
          <line num="35" count="3" type="stmt"/>
          <line num="39" count="11" type="stmt"/>
          <line num="43" count="2" type="stmt"/>
          <line num="47" count="4" type="stmt"/>
          <line num="48" count="0" type="stmt"/>
          <line num="50" count="4" type="stmt"/>
          <line num="51" count="0" type="stmt"/>
        </file>
        <file name="metric.service.ts" path="/home/travis/build/MaibornWolff/codecharta/visualization/app/codeCharta/state/metric.service.ts">
          <metrics statements="64" coveredstatements="61" conditionals="28" coveredconditionals="20" methods="38" coveredmethods="35"/>
          <line num="31" count="87" type="stmt"/>
          <line num="34" count="217" type="stmt"/>
          <line num="36" count="217" type="stmt"/>
          <line num="37" count="217" type="stmt"/>
          <line num="38" count="217" type="stmt"/>
          <line num="42" count="3" type="stmt"/>
          <line num="46" count="19" type="stmt"/>
          <line num="50" count="3" type="stmt"/>
          <line num="54" count="2" type="stmt"/>
          <line num="58" count="0" type="cond" truecount="0" falsecount="2"/>
          <line num="62" count="48" type="stmt"/>
          <line num="63" count="48" type="cond" truecount="2" falsecount="0"/>
          <line num="67" count="6" type="stmt"/>
          <line num="68" count="11" type="stmt"/>
          <line num="71" count="6" type="cond" truecount="2" falsecount="0"/>
          <line num="72" count="5" type="stmt"/>
          <line num="74" count="1" type="stmt"/>
          <line num="78" count="22" type="stmt"/>
          <line num="79" count="22" type="stmt"/>
          <line num="80" count="22" type="stmt"/>
          <line num="81" count="22" type="stmt"/>
          <line num="85" count="6" type="stmt"/>
          <line num="87" count="6" type="stmt"/>
          <line num="88" count="15" type="stmt"/>
          <line num="89" count="0" type="cond" truecount="0" falsecount="2"/>
          <line num="90" count="0" type="stmt"/>
          <line num="95" count="6" type="stmt"/>
          <line num="99" count="20" type="cond" truecount="2" falsecount="0"/>
          <line num="100" count="18" type="stmt"/>
          <line num="103" count="2" type="stmt"/>
          <line num="104" count="2" type="stmt"/>
          <line num="105" count="2" type="stmt"/>
          <line num="110" count="2" type="stmt"/>
          <line num="112" count="2" type="stmt"/>
          <line num="113" count="4" type="stmt"/>
          <line num="114" count="4" type="stmt"/>
          <line num="115" count="16" type="cond" truecount="1" falsecount="1"/>
          <line num="119" count="16" type="stmt"/>
          <line num="123" count="2" type="stmt"/>
          <line num="131" count="16" type="stmt"/>
          <line num="133" count="16" type="stmt"/>
          <line num="134" count="48" type="cond" truecount="4" falsecount="0"/>
          <line num="135" count="18" type="stmt"/>
          <line num="144" count="2" type="stmt"/>
          <line num="146" count="2" type="stmt"/>
          <line num="147" count="8" type="stmt"/>
          <line num="153" count="2" type="stmt"/>
          <line num="157" count="18" type="stmt"/>
          <line num="161" count="2" type="cond" truecount="2" falsecount="0"/>
          <line num="162" count="1" type="stmt"/>
          <line num="164" count="1" type="stmt"/>
          <line num="165" count="1" type="stmt"/>
          <line num="166" count="1" type="stmt"/>
          <line num="168" count="1" type="stmt"/>
          <line num="169" count="3" type="cond" truecount="1" falsecount="1"/>
          <line num="171" count="1" type="stmt"/>
          <line num="172" count="6" type="stmt"/>
          <line num="174" count="1" type="stmt"/>
          <line num="179" count="10" type="cond" truecount="3" falsecount="1"/>
          <line num="183" count="22" type="cond" truecount="1" falsecount="1"/>
          <line num="184" count="22" type="stmt"/>
          <line num="193" count="22" type="stmt"/>
          <line num="197" count="189" type="stmt"/>
          <line num="198" count="85" type="stmt"/>
        </file>
        <file name="nodeSearch.service.ts" path="/home/travis/build/MaibornWolff/codecharta/visualization/app/codeCharta/state/nodeSearch.service.ts">
          <metrics statements="19" coveredstatements="18" conditionals="4" coveredconditionals="4" methods="9" coveredmethods="8"/>
          <line num="15" count="87" type="stmt"/>
          <line num="17" count="13" type="stmt"/>
          <line num="21" count="13" type="stmt"/>
          <line num="22" count="13" type="stmt"/>
          <line num="23" count="13" type="stmt"/>
          <line num="25" count="13" type="stmt"/>
          <line num="29" count="18" type="stmt"/>
          <line num="30" count="18" type="stmt"/>
          <line num="31" count="18" type="stmt"/>
          <line num="35" count="18" type="cond" truecount="2" falsecount="0"/>
          <line num="36" count="16" type="stmt"/>
          <line num="38" count="2" type="stmt"/>
          <line num="41" count="12" type="stmt"/>
          <line num="42" count="2" type="stmt"/>
          <line num="47" count="18" type="cond" truecount="2" falsecount="0"/>
          <line num="48" count="18" type="stmt"/>
          <line num="52" count="18" type="stmt"/>
          <line num="56" count="1" type="stmt"/>
          <line num="57" count="0" type="stmt"/>
        </file>
        <file name="searchPanel.service.ts" path="/home/travis/build/MaibornWolff/codecharta/visualization/app/codeCharta/state/searchPanel.service.ts">
          <metrics statements="8" coveredstatements="7" conditionals="0" coveredconditionals="0" methods="5" coveredmethods="4"/>
          <line num="9" count="87" type="stmt"/>
          <line num="11" count="14" type="stmt"/>
          <line num="14" count="14" type="stmt"/>
          <line num="17" count="2" type="stmt"/>
          <line num="18" count="2" type="stmt"/>
          <line num="22" count="2" type="stmt"/>
          <line num="26" count="9" type="stmt"/>
          <line num="27" count="0" type="stmt"/>
        </file>
        <file name="state.module.ts" path="/home/travis/build/MaibornWolff/codecharta/visualization/app/codeCharta/state/state.module.ts">
          <metrics statements="1" coveredstatements="1" conditionals="0" coveredconditionals="0" methods="0" coveredmethods="0"/>
          <line num="45" count="87" type="stmt"/>
        </file>
        <file name="store.service.ts" path="/home/travis/build/MaibornWolff/codecharta/visualization/app/codeCharta/state/store.service.ts">
          <metrics statements="18" coveredstatements="18" conditionals="5" coveredconditionals="5" methods="10" coveredmethods="10"/>
          <line num="17" count="87" type="stmt"/>
          <line num="21" count="655" type="stmt"/>
          <line num="22" count="655" type="stmt"/>
          <line num="23" count="655" type="stmt"/>
          <line num="27" count="6" type="stmt"/>
          <line num="31" count="312" type="cond" truecount="2" falsecount="0"/>
          <line num="32" count="309" type="stmt"/>
          <line num="35" count="312" type="stmt"/>
          <line num="36" count="1454" type="stmt"/>
          <line num="37" count="1454" type="cond" truecount="2" falsecount="0"/>
          <line num="38" count="1421" type="stmt"/>
          <line num="44" count="1495" type="stmt"/>
          <line num="48" count="6" type="stmt"/>
          <line num="49" count="8" type="stmt"/>
          <line num="50" count="6" type="stmt"/>
          <line num="54" count="1421" type="stmt"/>
          <line num="58" count="406" type="stmt"/>
          <line num="59" count="22696" type="stmt"/>
        </file>
      </package>
      <package name="app.codeCharta.state.store">
        <metrics statements="25" coveredstatements="24" conditionals="21" coveredconditionals="20" methods="3" coveredmethods="3"/>
        <file name="reducer.ts" path="/home/travis/build/MaibornWolff/codecharta/visualization/app/codeCharta/state/store/reducer.ts">
          <metrics statements="1" coveredstatements="1" conditionals="0" coveredconditionals="0" methods="0" coveredmethods="0"/>
          <line num="7" count="88" type="stmt"/>
        </file>
        <file name="state.actions.ts" path="/home/travis/build/MaibornWolff/codecharta/visualization/app/codeCharta/state/store/state.actions.ts">
          <metrics statements="4" coveredstatements="4" conditionals="3" coveredconditionals="3" methods="2" coveredmethods="2"/>
          <line num="7" count="88" type="cond" truecount="2" falsecount="0"/>
          <line num="8" count="88" type="stmt"/>
          <line num="19" count="40" type="stmt"/>
          <line num="25" count="88" type="stmt"/>
        </file>
        <file name="state.splitter.ts" path="/home/travis/build/MaibornWolff/codecharta/visualization/app/codeCharta/state/store/state.splitter.ts">
          <metrics statements="20" coveredstatements="19" conditionals="18" coveredconditionals="17" methods="1" coveredmethods="1"/>
          <line num="14" count="318" type="cond" truecount="2" falsecount="0"/>
          <line num="15" count="5" type="stmt"/>
          <line num="18" count="313" type="cond" truecount="2" falsecount="0"/>
          <line num="19" count="6" type="stmt"/>
          <line num="22" count="307" type="cond" truecount="2" falsecount="0"/>
          <line num="23" count="15" type="stmt"/>
          <line num="26" count="292" type="cond" truecount="1" falsecount="1"/>
          <line num="27" count="0" type="stmt"/>
          <line num="30" count="292" type="cond" truecount="2" falsecount="0"/>
          <line num="31" count="37" type="stmt"/>
          <line num="33" count="37" type="cond" truecount="2" falsecount="0"/>
          <line num="34" count="34" type="stmt"/>
          <line num="37" count="37" type="cond" truecount="2" falsecount="0"/>
          <line num="38" count="31" type="stmt"/>
          <line num="41" count="37" type="cond" truecount="2" falsecount="0"/>
          <line num="42" count="34" type="stmt"/>
          <line num="45" count="37" type="cond" truecount="2" falsecount="0"/>
          <line num="46" count="30" type="stmt"/>
          <line num="48" count="37" type="stmt"/>
          <line num="50" count="255" type="stmt"/>
        </file>
      </package>
      <package name="app.codeCharta.state.store.appSettings">
        <metrics statements="39" coveredstatements="39" conditionals="35" coveredconditionals="35" methods="3" coveredmethods="3"/>
        <file name="appSettings.actions.ts" path="/home/travis/build/MaibornWolff/codecharta/visualization/app/codeCharta/state/store/appSettings/appSettings.actions.ts">
          <metrics statements="4" coveredstatements="4" conditionals="3" coveredconditionals="3" methods="2" coveredmethods="2"/>
          <line num="19" count="88" type="cond" truecount="2" falsecount="0"/>
          <line num="20" count="88" type="stmt"/>
          <line num="31" count="17" type="stmt"/>
          <line num="37" count="88" type="stmt"/>
        </file>
        <file name="appSettings.reducer.ts" path="/home/travis/build/MaibornWolff/codecharta/visualization/app/codeCharta/state/store/appSettings/appSettings.reducer.ts">
          <metrics statements="1" coveredstatements="1" conditionals="0" coveredconditionals="0" methods="0" coveredmethods="0"/>
          <line num="20" count="89" type="stmt"/>
        </file>
        <file name="appSettings.splitter.ts" path="/home/travis/build/MaibornWolff/codecharta/visualization/app/codeCharta/state/store/appSettings/appSettings.splitter.ts">
          <metrics statements="34" coveredstatements="34" conditionals="32" coveredconditionals="32" methods="1" coveredmethods="1"/>
          <line num="22" count="49" type="stmt"/>
          <line num="25" count="49" type="cond" truecount="2" falsecount="0"/>
          <line num="26" count="44" type="stmt"/>
          <line num="29" count="49" type="cond" truecount="2" falsecount="0"/>
          <line num="30" count="44" type="stmt"/>
          <line num="33" count="49" type="cond" truecount="2" falsecount="0"/>
          <line num="34" count="44" type="stmt"/>
          <line num="37" count="49" type="cond" truecount="2" falsecount="0"/>
          <line num="38" count="44" type="stmt"/>
          <line num="41" count="49" type="cond" truecount="2" falsecount="0"/>
          <line num="42" count="44" type="stmt"/>
          <line num="45" count="49" type="cond" truecount="2" falsecount="0"/>
          <line num="46" count="44" type="stmt"/>
          <line num="49" count="49" type="cond" truecount="2" falsecount="0"/>
          <line num="50" count="44" type="stmt"/>
          <line num="53" count="49" type="cond" truecount="2" falsecount="0"/>
          <line num="54" count="44" type="stmt"/>
          <line num="57" count="49" type="cond" truecount="2" falsecount="0"/>
          <line num="58" count="46" type="stmt"/>
          <line num="61" count="49" type="cond" truecount="2" falsecount="0"/>
          <line num="62" count="46" type="stmt"/>
          <line num="65" count="49" type="cond" truecount="2" falsecount="0"/>
          <line num="66" count="45" type="stmt"/>
          <line num="69" count="49" type="cond" truecount="2" falsecount="0"/>
          <line num="70" count="46" type="stmt"/>
          <line num="73" count="49" type="cond" truecount="2" falsecount="0"/>
          <line num="74" count="45" type="stmt"/>
          <line num="77" count="49" type="cond" truecount="2" falsecount="0"/>
          <line num="78" count="44" type="stmt"/>
          <line num="81" count="49" type="cond" truecount="2" falsecount="0"/>
          <line num="82" count="44" type="stmt"/>
          <line num="85" count="49" type="cond" truecount="2" falsecount="0"/>
          <line num="86" count="44" type="stmt"/>
          <line num="89" count="49" type="stmt"/>
        </file>
      </package>
      <package name="app.codeCharta.state.store.appSettings.amountOfEdgePreviews">
        <metrics statements="17" coveredstatements="16" conditionals="8" coveredconditionals="8" methods="10" coveredmethods="9"/>
        <file name="amountOfEdgePreviews.actions.ts" path="/home/travis/build/MaibornWolff/codecharta/visualization/app/codeCharta/state/store/appSettings/amountOfEdgePreviews/amountOfEdgePreviews.actions.ts">
          <metrics statements="4" coveredstatements="4" conditionals="3" coveredconditionals="3" methods="2" coveredmethods="2"/>
          <line num="3" count="91" type="cond" truecount="2" falsecount="0"/>
          <line num="4" count="91" type="stmt"/>
          <line num="15" count="1063" type="stmt"/>
          <line num="21" count="91" type="stmt"/>
        </file>
        <file name="amountOfEdgePreviews.reducer.ts" path="/home/travis/build/MaibornWolff/codecharta/visualization/app/codeCharta/state/store/appSettings/amountOfEdgePreviews/amountOfEdgePreviews.reducer.ts">
          <metrics statements="3" coveredstatements="3" conditionals="3" coveredconditionals="3" methods="1" coveredmethods="1"/>
          <line num="4" count="2499" type="stmt"/>
          <line num="6" count="52" type="stmt"/>
          <line num="8" count="2447" type="stmt"/>
        </file>
        <file name="amountOfEdgePreviews.service.ts" path="/home/travis/build/MaibornWolff/codecharta/visualization/app/codeCharta/state/store/appSettings/amountOfEdgePreviews/amountOfEdgePreviews.service.ts">
          <metrics statements="9" coveredstatements="8" conditionals="2" coveredconditionals="2" methods="6" coveredmethods="5"/>
          <line num="11" count="87" type="stmt"/>
          <line num="13" count="12" type="stmt"/>
          <line num="14" count="12" type="stmt"/>
          <line num="18" count="710" type="cond" truecount="2" falsecount="0"/>
          <line num="19" count="29" type="stmt"/>
          <line num="24" count="29" type="stmt"/>
          <line num="28" count="29" type="stmt"/>
          <line num="32" count="1" type="stmt"/>
          <line num="33" count="0" type="stmt"/>
        </file>
        <file name="amountOfEdgePreviews.splitter.ts" path="/home/travis/build/MaibornWolff/codecharta/visualization/app/codeCharta/state/store/appSettings/amountOfEdgePreviews/amountOfEdgePreviews.splitter.ts">
          <metrics statements="1" coveredstatements="1" conditionals="0" coveredconditionals="0" methods="1" coveredmethods="1"/>
          <line num="4" count="44" type="stmt"/>
        </file>
      </package>
      <package name="app.codeCharta.state.store.appSettings.amountOfTopLabels">
        <metrics statements="17" coveredstatements="16" conditionals="8" coveredconditionals="8" methods="10" coveredmethods="9"/>
        <file name="amountOfTopLabels.actions.ts" path="/home/travis/build/MaibornWolff/codecharta/visualization/app/codeCharta/state/store/appSettings/amountOfTopLabels/amountOfTopLabels.actions.ts">
          <metrics statements="4" coveredstatements="4" conditionals="3" coveredconditionals="3" methods="2" coveredmethods="2"/>
          <line num="3" count="91" type="cond" truecount="2" falsecount="0"/>
          <line num="4" count="91" type="stmt"/>
          <line num="15" count="1063" type="stmt"/>
          <line num="21" count="91" type="stmt"/>
        </file>
        <file name="amountOfTopLabels.reducer.ts" path="/home/travis/build/MaibornWolff/codecharta/visualization/app/codeCharta/state/store/appSettings/amountOfTopLabels/amountOfTopLabels.reducer.ts">
          <metrics statements="3" coveredstatements="3" conditionals="3" coveredconditionals="3" methods="1" coveredmethods="1"/>
          <line num="4" count="2499" type="stmt"/>
          <line num="6" count="52" type="stmt"/>
          <line num="8" count="2447" type="stmt"/>
        </file>
        <file name="amountOfTopLabels.service.ts" path="/home/travis/build/MaibornWolff/codecharta/visualization/app/codeCharta/state/store/appSettings/amountOfTopLabels/amountOfTopLabels.service.ts">
          <metrics statements="9" coveredstatements="8" conditionals="2" coveredconditionals="2" methods="6" coveredmethods="5"/>
          <line num="11" count="87" type="stmt"/>
          <line num="13" count="12" type="stmt"/>
          <line num="14" count="12" type="stmt"/>
          <line num="18" count="710" type="cond" truecount="2" falsecount="0"/>
          <line num="19" count="29" type="stmt"/>
          <line num="24" count="29" type="stmt"/>
          <line num="28" count="29" type="stmt"/>
          <line num="32" count="1" type="stmt"/>
          <line num="33" count="0" type="stmt"/>
        </file>
        <file name="amountOfTopLabels.splitter.ts" path="/home/travis/build/MaibornWolff/codecharta/visualization/app/codeCharta/state/store/appSettings/amountOfTopLabels/amountOfTopLabels.splitter.ts">
          <metrics statements="1" coveredstatements="1" conditionals="0" coveredconditionals="0" methods="1" coveredmethods="1"/>
          <line num="4" count="44" type="stmt"/>
        </file>
      </package>
      <package name="app.codeCharta.state.store.appSettings.camera">
        <metrics statements="16" coveredstatements="14" conditionals="8" coveredconditionals="8" methods="10" coveredmethods="8"/>
        <file name="camera.actions.ts" path="/home/travis/build/MaibornWolff/codecharta/visualization/app/codeCharta/state/store/appSettings/camera/camera.actions.ts">
          <metrics statements="4" coveredstatements="4" conditionals="3" coveredconditionals="3" methods="2" coveredmethods="2"/>
          <line num="4" count="91" type="cond" truecount="2" falsecount="0"/>
          <line num="5" count="91" type="stmt"/>
          <line num="16" count="1064" type="stmt"/>
          <line num="22" count="91" type="stmt"/>
        </file>
        <file name="camera.reducer.ts" path="/home/travis/build/MaibornWolff/codecharta/visualization/app/codeCharta/state/store/appSettings/camera/camera.reducer.ts">
          <metrics statements="3" coveredstatements="3" conditionals="3" coveredconditionals="3" methods="1" coveredmethods="1"/>
          <line num="5" count="2499" type="stmt"/>
          <line num="7" count="51" type="stmt"/>
          <line num="9" count="2448" type="stmt"/>
        </file>
        <file name="camera.service.ts" path="/home/travis/build/MaibornWolff/codecharta/visualization/app/codeCharta/state/store/appSettings/camera/camera.service.ts">
          <metrics statements="8" coveredstatements="6" conditionals="2" coveredconditionals="2" methods="6" coveredmethods="4"/>
          <line num="12" count="87" type="stmt"/>
          <line num="14" count="10" type="stmt"/>
          <line num="15" count="10" type="stmt"/>
          <line num="19" count="708" type="cond" truecount="2" falsecount="0"/>
          <line num="20" count="28" type="stmt"/>
          <line num="25" count="28" type="stmt"/>
          <line num="34" count="0" type="stmt"/>
          <line num="35" count="0" type="stmt"/>
        </file>
        <file name="camera.splitter.ts" path="/home/travis/build/MaibornWolff/codecharta/visualization/app/codeCharta/state/store/appSettings/camera/camera.splitter.ts">
          <metrics statements="1" coveredstatements="1" conditionals="0" coveredconditionals="0" methods="1" coveredmethods="1"/>
          <line num="5" count="45" type="stmt"/>
        </file>
      </package>
      <package name="app.codeCharta.state.store.appSettings.dynamicMargin">
        <metrics statements="17" coveredstatements="17" conditionals="8" coveredconditionals="8" methods="10" coveredmethods="10"/>
        <file name="dynamicMargin.actions.ts" path="/home/travis/build/MaibornWolff/codecharta/visualization/app/codeCharta/state/store/appSettings/dynamicMargin/dynamicMargin.actions.ts">
          <metrics statements="4" coveredstatements="4" conditionals="3" coveredconditionals="3" methods="2" coveredmethods="2"/>
          <line num="3" count="91" type="cond" truecount="2" falsecount="0"/>
          <line num="4" count="91" type="stmt"/>
          <line num="15" count="1067" type="stmt"/>
          <line num="21" count="91" type="stmt"/>
        </file>
        <file name="dynamicMargin.reducer.ts" path="/home/travis/build/MaibornWolff/codecharta/visualization/app/codeCharta/state/store/appSettings/dynamicMargin/dynamicMargin.reducer.ts">
          <metrics statements="3" coveredstatements="3" conditionals="3" coveredconditionals="3" methods="1" coveredmethods="1"/>
          <line num="4" count="2499" type="stmt"/>
          <line num="6" count="56" type="stmt"/>
          <line num="8" count="2443" type="stmt"/>
        </file>
        <file name="dynamicMargin.service.ts" path="/home/travis/build/MaibornWolff/codecharta/visualization/app/codeCharta/state/store/appSettings/dynamicMargin/dynamicMargin.service.ts">
          <metrics statements="9" coveredstatements="9" conditionals="2" coveredconditionals="2" methods="6" coveredmethods="6"/>
          <line num="11" count="87" type="stmt"/>
          <line num="13" count="12" type="stmt"/>
          <line num="14" count="12" type="stmt"/>
          <line num="18" count="710" type="cond" truecount="2" falsecount="0"/>
          <line num="19" count="29" type="stmt"/>
          <line num="24" count="29" type="stmt"/>
          <line num="28" count="29" type="stmt"/>
          <line num="32" count="14" type="stmt"/>
          <line num="33" count="28" type="stmt"/>
        </file>
        <file name="dynamicMargin.splitter.ts" path="/home/travis/build/MaibornWolff/codecharta/visualization/app/codeCharta/state/store/appSettings/dynamicMargin/dynamicMargin.splitter.ts">
          <metrics statements="1" coveredstatements="1" conditionals="0" coveredconditionals="0" methods="1" coveredmethods="1"/>
          <line num="4" count="44" type="stmt"/>
        </file>
      </package>
      <package name="app.codeCharta.state.store.appSettings.edgeHeight">
        <metrics statements="17" coveredstatements="16" conditionals="8" coveredconditionals="8" methods="10" coveredmethods="9"/>
        <file name="edgeHeight.actions.ts" path="/home/travis/build/MaibornWolff/codecharta/visualization/app/codeCharta/state/store/appSettings/edgeHeight/edgeHeight.actions.ts">
          <metrics statements="4" coveredstatements="4" conditionals="3" coveredconditionals="3" methods="2" coveredmethods="2"/>
          <line num="3" count="91" type="cond" truecount="2" falsecount="0"/>
          <line num="4" count="91" type="stmt"/>
          <line num="15" count="1060" type="stmt"/>
          <line num="21" count="91" type="stmt"/>
        </file>
        <file name="edgeHeight.reducer.ts" path="/home/travis/build/MaibornWolff/codecharta/visualization/app/codeCharta/state/store/appSettings/edgeHeight/edgeHeight.reducer.ts">
          <metrics statements="3" coveredstatements="3" conditionals="3" coveredconditionals="3" methods="1" coveredmethods="1"/>
          <line num="4" count="2499" type="stmt"/>
          <line num="6" count="48" type="stmt"/>
          <line num="8" count="2451" type="stmt"/>
        </file>
        <file name="edgeHeight.service.ts" path="/home/travis/build/MaibornWolff/codecharta/visualization/app/codeCharta/state/store/appSettings/edgeHeight/edgeHeight.service.ts">
          <metrics statements="9" coveredstatements="8" conditionals="2" coveredconditionals="2" methods="6" coveredmethods="5"/>
          <line num="11" count="87" type="stmt"/>
          <line num="13" count="12" type="stmt"/>
          <line num="14" count="12" type="stmt"/>
          <line num="18" count="710" type="cond" truecount="2" falsecount="0"/>
          <line num="19" count="29" type="stmt"/>
          <line num="24" count="29" type="stmt"/>
          <line num="28" count="29" type="stmt"/>
          <line num="32" count="3" type="stmt"/>
          <line num="33" count="0" type="stmt"/>
        </file>
        <file name="edgeHeight.splitter.ts" path="/home/travis/build/MaibornWolff/codecharta/visualization/app/codeCharta/state/store/appSettings/edgeHeight/edgeHeight.splitter.ts">
          <metrics statements="1" coveredstatements="1" conditionals="0" coveredconditionals="0" methods="1" coveredmethods="1"/>
          <line num="4" count="45" type="stmt"/>
        </file>
      </package>
      <package name="app.codeCharta.state.store.appSettings.hideFlatBuildings">
        <metrics statements="17" coveredstatements="16" conditionals="8" coveredconditionals="8" methods="10" coveredmethods="9"/>
        <file name="hideFlatBuildings.actions.ts" path="/home/travis/build/MaibornWolff/codecharta/visualization/app/codeCharta/state/store/appSettings/hideFlatBuildings/hideFlatBuildings.actions.ts">
          <metrics statements="4" coveredstatements="4" conditionals="3" coveredconditionals="3" methods="2" coveredmethods="2"/>
          <line num="3" count="91" type="cond" truecount="2" falsecount="0"/>
          <line num="4" count="91" type="stmt"/>
          <line num="15" count="1062" type="stmt"/>
          <line num="21" count="91" type="stmt"/>
        </file>
        <file name="hideFlatBuildings.reducer.ts" path="/home/travis/build/MaibornWolff/codecharta/visualization/app/codeCharta/state/store/appSettings/hideFlatBuildings/hideFlatBuildings.reducer.ts">
          <metrics statements="3" coveredstatements="3" conditionals="3" coveredconditionals="3" methods="1" coveredmethods="1"/>
          <line num="4" count="2499" type="stmt"/>
          <line num="6" count="51" type="stmt"/>
          <line num="8" count="2448" type="stmt"/>
        </file>
        <file name="hideFlatBuildings.service.ts" path="/home/travis/build/MaibornWolff/codecharta/visualization/app/codeCharta/state/store/appSettings/hideFlatBuildings/hideFlatBuildings.service.ts">
          <metrics statements="9" coveredstatements="8" conditionals="2" coveredconditionals="2" methods="6" coveredmethods="5"/>
          <line num="11" count="87" type="stmt"/>
          <line num="13" count="12" type="stmt"/>
          <line num="14" count="12" type="stmt"/>
          <line num="18" count="710" type="cond" truecount="2" falsecount="0"/>
          <line num="19" count="29" type="stmt"/>
          <line num="24" count="29" type="stmt"/>
          <line num="28" count="29" type="stmt"/>
          <line num="32" count="1" type="stmt"/>
          <line num="33" count="0" type="stmt"/>
        </file>
        <file name="hideFlatBuildings.splitter.ts" path="/home/travis/build/MaibornWolff/codecharta/visualization/app/codeCharta/state/store/appSettings/hideFlatBuildings/hideFlatBuildings.splitter.ts">
          <metrics statements="1" coveredstatements="1" conditionals="0" coveredconditionals="0" methods="1" coveredmethods="1"/>
          <line num="4" count="46" type="stmt"/>
        </file>
      </package>
      <package name="app.codeCharta.state.store.appSettings.invertColorRange">
        <metrics statements="17" coveredstatements="16" conditionals="8" coveredconditionals="8" methods="10" coveredmethods="9"/>
        <file name="invertColorRange.actions.ts" path="/home/travis/build/MaibornWolff/codecharta/visualization/app/codeCharta/state/store/appSettings/invertColorRange/invertColorRange.actions.ts">
          <metrics statements="4" coveredstatements="4" conditionals="3" coveredconditionals="3" methods="2" coveredmethods="2"/>
          <line num="3" count="91" type="cond" truecount="2" falsecount="0"/>
          <line num="4" count="91" type="stmt"/>
          <line num="15" count="1064" type="stmt"/>
          <line num="21" count="91" type="stmt"/>
        </file>
        <file name="invertColorRange.reducer.ts" path="/home/travis/build/MaibornWolff/codecharta/visualization/app/codeCharta/state/store/appSettings/invertColorRange/invertColorRange.reducer.ts">
          <metrics statements="3" coveredstatements="3" conditionals="3" coveredconditionals="3" methods="1" coveredmethods="1"/>
          <line num="4" count="2499" type="stmt"/>
          <line num="6" count="53" type="stmt"/>
          <line num="8" count="2446" type="stmt"/>
        </file>
        <file name="invertColorRange.service.ts" path="/home/travis/build/MaibornWolff/codecharta/visualization/app/codeCharta/state/store/appSettings/invertColorRange/invertColorRange.service.ts">
          <metrics statements="9" coveredstatements="8" conditionals="2" coveredconditionals="2" methods="6" coveredmethods="5"/>
          <line num="11" count="87" type="stmt"/>
          <line num="13" count="12" type="stmt"/>
          <line num="14" count="12" type="stmt"/>
          <line num="18" count="710" type="cond" truecount="2" falsecount="0"/>
          <line num="19" count="29" type="stmt"/>
          <line num="24" count="29" type="stmt"/>
          <line num="28" count="29" type="stmt"/>
          <line num="32" count="15" type="stmt"/>
          <line num="33" count="0" type="stmt"/>
        </file>
        <file name="invertColorRange.splitter.ts" path="/home/travis/build/MaibornWolff/codecharta/visualization/app/codeCharta/state/store/appSettings/invertColorRange/invertColorRange.splitter.ts">
          <metrics statements="1" coveredstatements="1" conditionals="0" coveredconditionals="0" methods="1" coveredmethods="1"/>
          <line num="4" count="46" type="stmt"/>
        </file>
      </package>
      <package name="app.codeCharta.state.store.appSettings.invertDeltaColors">
        <metrics statements="17" coveredstatements="16" conditionals="8" coveredconditionals="8" methods="10" coveredmethods="9"/>
        <file name="invertDeltaColors.actions.ts" path="/home/travis/build/MaibornWolff/codecharta/visualization/app/codeCharta/state/store/appSettings/invertDeltaColors/invertDeltaColors.actions.ts">
          <metrics statements="4" coveredstatements="4" conditionals="3" coveredconditionals="3" methods="2" coveredmethods="2"/>
          <line num="3" count="91" type="cond" truecount="2" falsecount="0"/>
          <line num="4" count="91" type="stmt"/>
          <line num="15" count="1067" type="stmt"/>
          <line num="21" count="91" type="stmt"/>
        </file>
        <file name="invertDeltaColors.reducer.ts" path="/home/travis/build/MaibornWolff/codecharta/visualization/app/codeCharta/state/store/appSettings/invertDeltaColors/invertDeltaColors.reducer.ts">
          <metrics statements="3" coveredstatements="3" conditionals="3" coveredconditionals="3" methods="1" coveredmethods="1"/>
          <line num="4" count="2499" type="stmt"/>
          <line num="6" count="56" type="stmt"/>
          <line num="8" count="2443" type="stmt"/>
        </file>
        <file name="invertDeltaColors.service.ts" path="/home/travis/build/MaibornWolff/codecharta/visualization/app/codeCharta/state/store/appSettings/invertDeltaColors/invertDeltaColors.service.ts">
          <metrics statements="9" coveredstatements="8" conditionals="2" coveredconditionals="2" methods="6" coveredmethods="5"/>
          <line num="11" count="87" type="stmt"/>
          <line num="13" count="12" type="stmt"/>
          <line num="14" count="12" type="stmt"/>
          <line num="18" count="710" type="cond" truecount="2" falsecount="0"/>
          <line num="19" count="29" type="stmt"/>
          <line num="24" count="29" type="stmt"/>
          <line num="28" count="29" type="stmt"/>
          <line num="32" count="17" type="stmt"/>
          <line num="33" count="0" type="stmt"/>
        </file>
        <file name="invertDeltaColors.splitter.ts" path="/home/travis/build/MaibornWolff/codecharta/visualization/app/codeCharta/state/store/appSettings/invertDeltaColors/invertDeltaColors.splitter.ts">
          <metrics statements="1" coveredstatements="1" conditionals="0" coveredconditionals="0" methods="1" coveredmethods="1"/>
          <line num="4" count="44" type="stmt"/>
        </file>
      </package>
      <package name="app.codeCharta.state.store.appSettings.invertHeight">
        <metrics statements="17" coveredstatements="16" conditionals="8" coveredconditionals="8" methods="10" coveredmethods="9"/>
        <file name="invertHeight.actions.ts" path="/home/travis/build/MaibornWolff/codecharta/visualization/app/codeCharta/state/store/appSettings/invertHeight/invertHeight.actions.ts">
          <metrics statements="4" coveredstatements="4" conditionals="3" coveredconditionals="3" methods="2" coveredmethods="2"/>
          <line num="3" count="91" type="cond" truecount="2" falsecount="0"/>
          <line num="4" count="91" type="stmt"/>
          <line num="15" count="1059" type="stmt"/>
          <line num="21" count="91" type="stmt"/>
        </file>
        <file name="invertHeight.reducer.ts" path="/home/travis/build/MaibornWolff/codecharta/visualization/app/codeCharta/state/store/appSettings/invertHeight/invertHeight.reducer.ts">
          <metrics statements="3" coveredstatements="3" conditionals="3" coveredconditionals="3" methods="1" coveredmethods="1"/>
          <line num="4" count="2499" type="stmt"/>
          <line num="6" count="48" type="stmt"/>
          <line num="8" count="2451" type="stmt"/>
        </file>
        <file name="invertHeight.service.ts" path="/home/travis/build/MaibornWolff/codecharta/visualization/app/codeCharta/state/store/appSettings/invertHeight/invertHeight.service.ts">
          <metrics statements="9" coveredstatements="8" conditionals="2" coveredconditionals="2" methods="6" coveredmethods="5"/>
          <line num="11" count="87" type="stmt"/>
          <line num="13" count="12" type="stmt"/>
          <line num="14" count="12" type="stmt"/>
          <line num="18" count="710" type="cond" truecount="2" falsecount="0"/>
          <line num="19" count="29" type="stmt"/>
          <line num="24" count="29" type="stmt"/>
          <line num="28" count="29" type="stmt"/>
          <line num="32" count="5" type="stmt"/>
          <line num="33" count="0" type="stmt"/>
        </file>
        <file name="invertHeight.splitter.ts" path="/home/travis/build/MaibornWolff/codecharta/visualization/app/codeCharta/state/store/appSettings/invertHeight/invertHeight.splitter.ts">
          <metrics statements="1" coveredstatements="1" conditionals="0" coveredconditionals="0" methods="1" coveredmethods="1"/>
          <line num="4" count="44" type="stmt"/>
        </file>
      </package>
      <package name="app.codeCharta.state.store.appSettings.isPresentationMode">
        <metrics statements="17" coveredstatements="16" conditionals="8" coveredconditionals="8" methods="10" coveredmethods="9"/>
        <file name="isPresentationMode.actions.ts" path="/home/travis/build/MaibornWolff/codecharta/visualization/app/codeCharta/state/store/appSettings/isPresentationMode/isPresentationMode.actions.ts">
          <metrics statements="4" coveredstatements="4" conditionals="3" coveredconditionals="3" methods="2" coveredmethods="2"/>
          <line num="3" count="91" type="cond" truecount="2" falsecount="0"/>
          <line num="4" count="91" type="stmt"/>
          <line num="15" count="1062" type="stmt"/>
          <line num="21" count="91" type="stmt"/>
        </file>
        <file name="isPresentationMode.reducer.ts" path="/home/travis/build/MaibornWolff/codecharta/visualization/app/codeCharta/state/store/appSettings/isPresentationMode/isPresentationMode.reducer.ts">
          <metrics statements="3" coveredstatements="3" conditionals="3" coveredconditionals="3" methods="1" coveredmethods="1"/>
          <line num="4" count="2499" type="stmt"/>
          <line num="6" count="51" type="stmt"/>
          <line num="8" count="2448" type="stmt"/>
        </file>
        <file name="isPresentationMode.service.ts" path="/home/travis/build/MaibornWolff/codecharta/visualization/app/codeCharta/state/store/appSettings/isPresentationMode/isPresentationMode.service.ts">
          <metrics statements="9" coveredstatements="8" conditionals="2" coveredconditionals="2" methods="6" coveredmethods="5"/>
          <line num="11" count="87" type="stmt"/>
          <line num="13" count="12" type="stmt"/>
          <line num="14" count="12" type="stmt"/>
          <line num="18" count="710" type="cond" truecount="2" falsecount="0"/>
          <line num="19" count="29" type="stmt"/>
          <line num="24" count="29" type="stmt"/>
          <line num="28" count="29" type="stmt"/>
          <line num="32" count="1" type="stmt"/>
          <line num="33" count="0" type="stmt"/>
        </file>
        <file name="isPresentationMode.splitter.ts" path="/home/travis/build/MaibornWolff/codecharta/visualization/app/codeCharta/state/store/appSettings/isPresentationMode/isPresentationMode.splitter.ts">
          <metrics statements="1" coveredstatements="1" conditionals="0" coveredconditionals="0" methods="1" coveredmethods="1"/>
          <line num="4" count="44" type="stmt"/>
        </file>
      </package>
      <package name="app.codeCharta.state.store.appSettings.isWhiteBackground">
        <metrics statements="17" coveredstatements="16" conditionals="8" coveredconditionals="8" methods="10" coveredmethods="9"/>
        <file name="isWhiteBackground.actions.ts" path="/home/travis/build/MaibornWolff/codecharta/visualization/app/codeCharta/state/store/appSettings/isWhiteBackground/isWhiteBackground.actions.ts">
          <metrics statements="4" coveredstatements="4" conditionals="3" coveredconditionals="3" methods="2" coveredmethods="2"/>
          <line num="3" count="91" type="cond" truecount="2" falsecount="0"/>
          <line num="4" count="91" type="stmt"/>
          <line num="15" count="1060" type="stmt"/>
          <line num="21" count="91" type="stmt"/>
        </file>
        <file name="isWhiteBackground.reducer.ts" path="/home/travis/build/MaibornWolff/codecharta/visualization/app/codeCharta/state/store/appSettings/isWhiteBackground/isWhiteBackground.reducer.ts">
          <metrics statements="3" coveredstatements="3" conditionals="3" coveredconditionals="3" methods="1" coveredmethods="1"/>
          <line num="4" count="2499" type="stmt"/>
          <line num="6" count="49" type="stmt"/>
          <line num="8" count="2450" type="stmt"/>
        </file>
        <file name="isWhiteBackground.service.ts" path="/home/travis/build/MaibornWolff/codecharta/visualization/app/codeCharta/state/store/appSettings/isWhiteBackground/isWhiteBackground.service.ts">
          <metrics statements="9" coveredstatements="8" conditionals="2" coveredconditionals="2" methods="6" coveredmethods="5"/>
          <line num="11" count="87" type="stmt"/>
          <line num="13" count="12" type="stmt"/>
          <line num="14" count="12" type="stmt"/>
          <line num="18" count="710" type="cond" truecount="2" falsecount="0"/>
          <line num="19" count="29" type="stmt"/>
          <line num="24" count="29" type="stmt"/>
          <line num="28" count="29" type="stmt"/>
          <line num="32" count="3" type="stmt"/>
          <line num="33" count="0" type="stmt"/>
        </file>
        <file name="isWhiteBackground.splitter.ts" path="/home/travis/build/MaibornWolff/codecharta/visualization/app/codeCharta/state/store/appSettings/isWhiteBackground/isWhiteBackground.splitter.ts">
          <metrics statements="1" coveredstatements="1" conditionals="0" coveredconditionals="0" methods="1" coveredmethods="1"/>
          <line num="4" count="44" type="stmt"/>
        </file>
      </package>
      <package name="app.codeCharta.state.store.appSettings.mapColors">
        <metrics statements="17" coveredstatements="15" conditionals="8" coveredconditionals="8" methods="10" coveredmethods="8"/>
        <file name="mapColors.actions.ts" path="/home/travis/build/MaibornWolff/codecharta/visualization/app/codeCharta/state/store/appSettings/mapColors/mapColors.actions.ts">
          <metrics statements="4" coveredstatements="4" conditionals="3" coveredconditionals="3" methods="2" coveredmethods="2"/>
          <line num="3" count="91" type="cond" truecount="2" falsecount="0"/>
          <line num="4" count="91" type="stmt"/>
          <line num="15" count="1060" type="stmt"/>
          <line num="21" count="91" type="stmt"/>
        </file>
        <file name="mapColors.reducer.ts" path="/home/travis/build/MaibornWolff/codecharta/visualization/app/codeCharta/state/store/appSettings/mapColors/mapColors.reducer.ts">
          <metrics statements="3" coveredstatements="3" conditionals="3" coveredconditionals="3" methods="1" coveredmethods="1"/>
          <line num="6" count="2500" type="stmt"/>
          <line num="8" count="49" type="stmt"/>
          <line num="10" count="2451" type="stmt"/>
        </file>
        <file name="mapColors.service.ts" path="/home/travis/build/MaibornWolff/codecharta/visualization/app/codeCharta/state/store/appSettings/mapColors/mapColors.service.ts">
          <metrics statements="9" coveredstatements="7" conditionals="2" coveredconditionals="2" methods="6" coveredmethods="4"/>
          <line num="12" count="87" type="stmt"/>
          <line num="14" count="12" type="stmt"/>
          <line num="15" count="12" type="stmt"/>
          <line num="19" count="710" type="cond" truecount="2" falsecount="0"/>
          <line num="20" count="29" type="stmt"/>
          <line num="25" count="29" type="stmt"/>
          <line num="29" count="29" type="stmt"/>
          <line num="33" count="0" type="stmt"/>
          <line num="34" count="0" type="stmt"/>
        </file>
        <file name="mapColors.splitter.ts" path="/home/travis/build/MaibornWolff/codecharta/visualization/app/codeCharta/state/store/appSettings/mapColors/mapColors.splitter.ts">
          <metrics statements="1" coveredstatements="1" conditionals="0" coveredconditionals="0" methods="1" coveredmethods="1"/>
          <line num="5" count="44" type="stmt"/>
        </file>
      </package>
      <package name="app.codeCharta.state.store.appSettings.resetCameraIfNewFileIsLoaded">
        <metrics statements="17" coveredstatements="16" conditionals="8" coveredconditionals="8" methods="10" coveredmethods="9"/>
        <file name="resetCameraIfNewFileIsLoaded.actions.ts" path="/home/travis/build/MaibornWolff/codecharta/visualization/app/codeCharta/state/store/appSettings/resetCameraIfNewFileIsLoaded/resetCameraIfNewFileIsLoaded.actions.ts">
          <metrics statements="4" coveredstatements="4" conditionals="3" coveredconditionals="3" methods="2" coveredmethods="2"/>
          <line num="3" count="91" type="cond" truecount="2" falsecount="0"/>
          <line num="4" count="91" type="stmt"/>
          <line num="17" count="1062" type="stmt"/>
          <line num="23" count="91" type="stmt"/>
        </file>
        <file name="resetCameraIfNewFileIsLoaded.reducer.ts" path="/home/travis/build/MaibornWolff/codecharta/visualization/app/codeCharta/state/store/appSettings/resetCameraIfNewFileIsLoaded/resetCameraIfNewFileIsLoaded.reducer.ts">
          <metrics statements="3" coveredstatements="3" conditionals="3" coveredconditionals="3" methods="1" coveredmethods="1"/>
          <line num="11" count="2499" type="stmt"/>
          <line num="13" count="51" type="stmt"/>
          <line num="15" count="2448" type="stmt"/>
        </file>
        <file name="resetCameraIfNewFileIsLoaded.service.ts" path="/home/travis/build/MaibornWolff/codecharta/visualization/app/codeCharta/state/store/appSettings/resetCameraIfNewFileIsLoaded/resetCameraIfNewFileIsLoaded.service.ts">
          <metrics statements="9" coveredstatements="8" conditionals="2" coveredconditionals="2" methods="6" coveredmethods="5"/>
          <line num="11" count="87" type="stmt"/>
          <line num="13" count="12" type="stmt"/>
          <line num="14" count="12" type="stmt"/>
          <line num="18" count="710" type="cond" truecount="2" falsecount="0"/>
          <line num="19" count="29" type="stmt"/>
          <line num="24" count="29" type="stmt"/>
          <line num="28" count="29" type="stmt"/>
          <line num="34" count="5" type="stmt"/>
          <line num="35" count="0" type="stmt"/>
        </file>
        <file name="resetCameraIfNewFileIsLoaded.splitter.ts" path="/home/travis/build/MaibornWolff/codecharta/visualization/app/codeCharta/state/store/appSettings/resetCameraIfNewFileIsLoaded/resetCameraIfNewFileIsLoaded.splitter.ts">
          <metrics statements="1" coveredstatements="1" conditionals="0" coveredconditionals="0" methods="1" coveredmethods="1"/>
          <line num="4" count="44" type="stmt"/>
        </file>
      </package>
      <package name="app.codeCharta.state.store.appSettings.scaling">
        <metrics statements="17" coveredstatements="17" conditionals="8" coveredconditionals="8" methods="10" coveredmethods="10"/>
        <file name="scaling.actions.ts" path="/home/travis/build/MaibornWolff/codecharta/visualization/app/codeCharta/state/store/appSettings/scaling/scaling.actions.ts">
          <metrics statements="4" coveredstatements="4" conditionals="3" coveredconditionals="3" methods="2" coveredmethods="2"/>
          <line num="4" count="91" type="cond" truecount="2" falsecount="0"/>
          <line num="5" count="91" type="stmt"/>
          <line num="16" count="1067" type="stmt"/>
          <line num="22" count="91" type="stmt"/>
        </file>
        <file name="scaling.reducer.ts" path="/home/travis/build/MaibornWolff/codecharta/visualization/app/codeCharta/state/store/appSettings/scaling/scaling.reducer.ts">
          <metrics statements="3" coveredstatements="3" conditionals="3" coveredconditionals="3" methods="1" coveredmethods="1"/>
          <line num="5" count="2499" type="stmt"/>
          <line num="7" count="55" type="stmt"/>
          <line num="9" count="2444" type="stmt"/>
        </file>
        <file name="scaling.service.ts" path="/home/travis/build/MaibornWolff/codecharta/visualization/app/codeCharta/state/store/appSettings/scaling/scaling.service.ts">
          <metrics statements="9" coveredstatements="9" conditionals="2" coveredconditionals="2" methods="6" coveredmethods="6"/>
          <line num="12" count="87" type="stmt"/>
          <line num="14" count="12" type="stmt"/>
          <line num="15" count="12" type="stmt"/>
          <line num="19" count="710" type="cond" truecount="2" falsecount="0"/>
          <line num="20" count="29" type="stmt"/>
          <line num="25" count="29" type="stmt"/>
          <line num="29" count="29" type="stmt"/>
          <line num="33" count="138" type="stmt"/>
          <line num="34" count="28" type="stmt"/>
        </file>
        <file name="scaling.splitter.ts" path="/home/travis/build/MaibornWolff/codecharta/visualization/app/codeCharta/state/store/appSettings/scaling/scaling.splitter.ts">
          <metrics statements="1" coveredstatements="1" conditionals="0" coveredconditionals="0" methods="1" coveredmethods="1"/>
          <line num="5" count="46" type="stmt"/>
        </file>
      </package>
      <package name="app.codeCharta.state.store.appSettings.showOnlyBuildingsWithEdges">
        <metrics statements="17" coveredstatements="16" conditionals="8" coveredconditionals="8" methods="10" coveredmethods="9"/>
        <file name="showOnlyBuildingsWithEdges.actions.ts" path="/home/travis/build/MaibornWolff/codecharta/visualization/app/codeCharta/state/store/appSettings/showOnlyBuildingsWithEdges/showOnlyBuildingsWithEdges.actions.ts">
          <metrics statements="4" coveredstatements="4" conditionals="3" coveredconditionals="3" methods="2" coveredmethods="2"/>
          <line num="3" count="91" type="cond" truecount="2" falsecount="0"/>
          <line num="4" count="91" type="stmt"/>
          <line num="17" count="1063" type="stmt"/>
          <line num="23" count="91" type="stmt"/>
        </file>
        <file name="showOnlyBuildingsWithEdges.reducer.ts" path="/home/travis/build/MaibornWolff/codecharta/visualization/app/codeCharta/state/store/appSettings/showOnlyBuildingsWithEdges/showOnlyBuildingsWithEdges.reducer.ts">
          <metrics statements="3" coveredstatements="3" conditionals="3" coveredconditionals="3" methods="1" coveredmethods="1"/>
          <line num="11" count="2499" type="stmt"/>
          <line num="13" count="52" type="stmt"/>
          <line num="15" count="2447" type="stmt"/>
        </file>
        <file name="showOnlyBuildingsWithEdges.service.ts" path="/home/travis/build/MaibornWolff/codecharta/visualization/app/codeCharta/state/store/appSettings/showOnlyBuildingsWithEdges/showOnlyBuildingsWithEdges.service.ts">
          <metrics statements="9" coveredstatements="8" conditionals="2" coveredconditionals="2" methods="6" coveredmethods="5"/>
          <line num="11" count="87" type="stmt"/>
          <line num="13" count="12" type="stmt"/>
          <line num="14" count="12" type="stmt"/>
          <line num="18" count="710" type="cond" truecount="2" falsecount="0"/>
          <line num="19" count="29" type="stmt"/>
          <line num="24" count="29" type="stmt"/>
          <line num="28" count="29" type="stmt"/>
          <line num="34" count="5" type="stmt"/>
          <line num="35" count="0" type="stmt"/>
        </file>
        <file name="showOnlyBuildingsWithEdges.splitter.ts" path="/home/travis/build/MaibornWolff/codecharta/visualization/app/codeCharta/state/store/appSettings/showOnlyBuildingsWithEdges/showOnlyBuildingsWithEdges.splitter.ts">
          <metrics statements="1" coveredstatements="1" conditionals="0" coveredconditionals="0" methods="1" coveredmethods="1"/>
          <line num="4" count="44" type="stmt"/>
        </file>
      </package>
      <package name="app.codeCharta.state.store.appSettings.whiteColorBuildings">
        <metrics statements="17" coveredstatements="16" conditionals="8" coveredconditionals="8" methods="10" coveredmethods="9"/>
        <file name="whiteColorBuildings.actions.ts" path="/home/travis/build/MaibornWolff/codecharta/visualization/app/codeCharta/state/store/appSettings/whiteColorBuildings/whiteColorBuildings.actions.ts">
          <metrics statements="4" coveredstatements="4" conditionals="3" coveredconditionals="3" methods="2" coveredmethods="2"/>
          <line num="3" count="91" type="cond" truecount="2" falsecount="0"/>
          <line num="4" count="91" type="stmt"/>
          <line num="15" count="1060" type="stmt"/>
          <line num="21" count="91" type="stmt"/>
        </file>
        <file name="whiteColorBuildings.reducer.ts" path="/home/travis/build/MaibornWolff/codecharta/visualization/app/codeCharta/state/store/appSettings/whiteColorBuildings/whiteColorBuildings.reducer.ts">
          <metrics statements="3" coveredstatements="3" conditionals="3" coveredconditionals="3" methods="1" coveredmethods="1"/>
          <line num="4" count="2499" type="stmt"/>
          <line num="6" count="49" type="stmt"/>
          <line num="8" count="2450" type="stmt"/>
        </file>
        <file name="whiteColorBuildings.service.ts" path="/home/travis/build/MaibornWolff/codecharta/visualization/app/codeCharta/state/store/appSettings/whiteColorBuildings/whiteColorBuildings.service.ts">
          <metrics statements="9" coveredstatements="8" conditionals="2" coveredconditionals="2" methods="6" coveredmethods="5"/>
          <line num="11" count="87" type="stmt"/>
          <line num="13" count="12" type="stmt"/>
          <line num="14" count="12" type="stmt"/>
          <line num="18" count="710" type="cond" truecount="2" falsecount="0"/>
          <line num="19" count="29" type="stmt"/>
          <line num="24" count="29" type="stmt"/>
          <line num="28" count="29" type="stmt"/>
          <line num="32" count="21" type="stmt"/>
          <line num="33" count="0" type="stmt"/>
        </file>
        <file name="whiteColorBuildings.splitter.ts" path="/home/travis/build/MaibornWolff/codecharta/visualization/app/codeCharta/state/store/appSettings/whiteColorBuildings/whiteColorBuildings.splitter.ts">
          <metrics statements="1" coveredstatements="1" conditionals="0" coveredconditionals="0" methods="1" coveredmethods="1"/>
          <line num="4" count="44" type="stmt"/>
        </file>
      </package>
      <package name="app.codeCharta.state.store.dynamicSettings">
        <metrics statements="27" coveredstatements="27" conditionals="23" coveredconditionals="22" methods="3" coveredmethods="3"/>
        <file name="dynamicSettings.actions.ts" path="/home/travis/build/MaibornWolff/codecharta/visualization/app/codeCharta/state/store/dynamicSettings/dynamicSettings.actions.ts">
          <metrics statements="4" coveredstatements="4" conditionals="3" coveredconditionals="2" methods="2" coveredmethods="2"/>
          <line num="13" count="88" type="cond" truecount="2" falsecount="0"/>
          <line num="14" count="88" type="stmt"/>
          <line num="25" count="5" type="stmt"/>
          <line num="31" count="88" type="stmt"/>
        </file>
        <file name="dynamicSettings.reducer.ts" path="/home/travis/build/MaibornWolff/codecharta/visualization/app/codeCharta/state/store/dynamicSettings/dynamicSettings.reducer.ts">
          <metrics statements="1" coveredstatements="1" conditionals="0" coveredconditionals="0" methods="0" coveredmethods="0"/>
          <line num="14" count="89" type="stmt"/>
        </file>
        <file name="dynamicSettings.splitter.ts" path="/home/travis/build/MaibornWolff/codecharta/visualization/app/codeCharta/state/store/dynamicSettings/dynamicSettings.splitter.ts">
          <metrics statements="22" coveredstatements="22" conditionals="20" coveredconditionals="20" methods="1" coveredmethods="1"/>
          <line num="16" count="39" type="stmt"/>
          <line num="19" count="39" type="cond" truecount="2" falsecount="0"/>
          <line num="20" count="33" type="stmt"/>
          <line num="23" count="39" type="cond" truecount="2" falsecount="0"/>
          <line num="24" count="33" type="stmt"/>
          <line num="27" count="39" type="cond" truecount="2" falsecount="0"/>
          <line num="28" count="33" type="stmt"/>
          <line num="31" count="39" type="cond" truecount="2" falsecount="0"/>
          <line num="32" count="33" type="stmt"/>
          <line num="35" count="39" type="cond" truecount="2" falsecount="0"/>
          <line num="36" count="33" type="stmt"/>
          <line num="39" count="39" type="cond" truecount="2" falsecount="0"/>
          <line num="40" count="35" type="stmt"/>
          <line num="43" count="39" type="cond" truecount="2" falsecount="0"/>
          <line num="44" count="37" type="stmt"/>
          <line num="47" count="39" type="cond" truecount="2" falsecount="0"/>
          <line num="48" count="33" type="stmt"/>
          <line num="51" count="39" type="cond" truecount="2" falsecount="0"/>
          <line num="52" count="36" type="stmt"/>
          <line num="55" count="39" type="cond" truecount="2" falsecount="0"/>
          <line num="56" count="37" type="stmt"/>
          <line num="59" count="39" type="stmt"/>
        </file>
      </package>
      <package name="app.codeCharta.state.store.dynamicSettings.areaMetric">
        <metrics statements="24" coveredstatements="24" conditionals="12" coveredconditionals="12" methods="12" coveredmethods="12"/>
        <file name="areaMetric.actions.ts" path="/home/travis/build/MaibornWolff/codecharta/visualization/app/codeCharta/state/store/dynamicSettings/areaMetric/areaMetric.actions.ts">
          <metrics statements="4" coveredstatements="4" conditionals="3" coveredconditionals="3" methods="2" coveredmethods="2"/>
          <line num="3" count="91" type="cond" truecount="2" falsecount="0"/>
          <line num="4" count="91" type="stmt"/>
          <line num="15" count="1057" type="stmt"/>
          <line num="21" count="91" type="stmt"/>
        </file>
        <file name="areaMetric.reducer.ts" path="/home/travis/build/MaibornWolff/codecharta/visualization/app/codeCharta/state/store/dynamicSettings/areaMetric/areaMetric.reducer.ts">
          <metrics statements="3" coveredstatements="3" conditionals="3" coveredconditionals="3" methods="1" coveredmethods="1"/>
          <line num="4" count="2499" type="stmt"/>
          <line num="6" count="44" type="stmt"/>
          <line num="8" count="2455" type="stmt"/>
        </file>
        <file name="areaMetric.service.ts" path="/home/travis/build/MaibornWolff/codecharta/visualization/app/codeCharta/state/store/dynamicSettings/areaMetric/areaMetric.service.ts">
          <metrics statements="16" coveredstatements="16" conditionals="6" coveredconditionals="6" methods="8" coveredmethods="8"/>
          <line num="14" count="87" type="stmt"/>
          <line num="16" count="17" type="stmt"/>
          <line num="17" count="17" type="stmt"/>
          <line num="18" count="17" type="stmt"/>
          <line num="22" count="710" type="cond" truecount="2" falsecount="0"/>
          <line num="23" count="15" type="stmt"/>
          <line num="28" count="20" type="cond" truecount="2" falsecount="0"/>
          <line num="29" count="2" type="stmt"/>
          <line num="34" count="2" type="stmt"/>
          <line num="36" count="2" type="cond" truecount="2" falsecount="0"/>
          <line num="37" count="1" type="stmt"/>
          <line num="38" count="1" type="stmt"/>
          <line num="43" count="15" type="stmt"/>
          <line num="47" count="15" type="stmt"/>
          <line num="51" count="17" type="stmt"/>
          <line num="52" count="14" type="stmt"/>
        </file>
        <file name="areaMetric.splitter.ts" path="/home/travis/build/MaibornWolff/codecharta/visualization/app/codeCharta/state/store/dynamicSettings/areaMetric/areaMetric.splitter.ts">
          <metrics statements="1" coveredstatements="1" conditionals="0" coveredconditionals="0" methods="1" coveredmethods="1"/>
          <line num="4" count="37" type="stmt"/>
        </file>
      </package>
      <package name="app.codeCharta.state.store.dynamicSettings.colorMetric">
        <metrics statements="24" coveredstatements="24" conditionals="12" coveredconditionals="12" methods="12" coveredmethods="12"/>
        <file name="colorMetric.actions.ts" path="/home/travis/build/MaibornWolff/codecharta/visualization/app/codeCharta/state/store/dynamicSettings/colorMetric/colorMetric.actions.ts">
          <metrics statements="4" coveredstatements="4" conditionals="3" coveredconditionals="3" methods="2" coveredmethods="2"/>
          <line num="3" count="91" type="cond" truecount="2" falsecount="0"/>
          <line num="4" count="91" type="stmt"/>
          <line num="15" count="1054" type="stmt"/>
          <line num="21" count="91" type="stmt"/>
        </file>
        <file name="colorMetric.reducer.ts" path="/home/travis/build/MaibornWolff/codecharta/visualization/app/codeCharta/state/store/dynamicSettings/colorMetric/colorMetric.reducer.ts">
          <metrics statements="3" coveredstatements="3" conditionals="3" coveredconditionals="3" methods="1" coveredmethods="1"/>
          <line num="4" count="2499" type="stmt"/>
          <line num="6" count="42" type="stmt"/>
          <line num="8" count="2457" type="stmt"/>
        </file>
        <file name="colorMetric.service.ts" path="/home/travis/build/MaibornWolff/codecharta/visualization/app/codeCharta/state/store/dynamicSettings/colorMetric/colorMetric.service.ts">
          <metrics statements="16" coveredstatements="16" conditionals="6" coveredconditionals="6" methods="8" coveredmethods="8"/>
          <line num="14" count="87" type="stmt"/>
          <line num="16" count="18" type="stmt"/>
          <line num="17" count="18" type="stmt"/>
          <line num="18" count="18" type="stmt"/>
          <line num="22" count="710" type="cond" truecount="2" falsecount="0"/>
          <line num="23" count="15" type="stmt"/>
          <line num="28" count="21" type="cond" truecount="2" falsecount="0"/>
          <line num="29" count="3" type="stmt"/>
          <line num="34" count="3" type="stmt"/>
          <line num="36" count="3" type="cond" truecount="2" falsecount="0"/>
          <line num="37" count="2" type="stmt"/>
          <line num="38" count="2" type="stmt"/>
          <line num="43" count="15" type="stmt"/>
          <line num="47" count="15" type="stmt"/>
          <line num="51" count="28" type="stmt"/>
          <line num="52" count="14" type="stmt"/>
        </file>
[...]
          <line num="47" count="137" type="cond" truecount="5" falsecount="0"/>
          <line num="48" count="49" type="stmt"/>
          <line num="49" count="110" type="stmt"/>
          <line num="54" count="27" type="cond" truecount="1" falsecount="1"/>
          <line num="55" count="27" type="stmt"/>
          <line num="60" count="54" type="cond" truecount="3" falsecount="1"/>
          <line num="61" count="54" type="stmt"/>
          <line num="62" count="54" type="stmt"/>
          <line num="63" count="310" type="stmt"/>
          <line num="67" count="694" type="stmt"/>
          <line num="71" count="54" type="stmt"/>
          <line num="75" count="27" type="cond" truecount="1" falsecount="1"/>
          <line num="76" count="27" type="stmt"/>
          <line num="77" count="27" type="stmt"/>
          <line num="78" count="144" type="stmt"/>
          <line num="79" count="144" type="cond" truecount="2" falsecount="0"/>
          <line num="80" count="144" type="cond" truecount="1" falsecount="1"/>
          <line num="81" count="144" type="stmt"/>
          <line num="87" count="27" type="cond" truecount="3" falsecount="1"/>
          <line num="88" count="27" type="stmt"/>
          <line num="89" count="27" type="stmt"/>
          <line num="90" count="88" type="stmt"/>
          <line num="91" count="229" type="cond" truecount="2" falsecount="0"/>
          <line num="92" count="73" type="stmt"/>
          <line num="106" count="6" type="cond" truecount="1" falsecount="1"/>
          <line num="107" count="6" type="stmt"/>
          <line num="108" count="6" type="stmt"/>
          <line num="109" count="31" type="stmt"/>
          <line num="111" count="50" type="stmt"/>
          <line num="112" count="31" type="stmt"/>
          <line num="113" count="31" type="stmt"/>
          <line num="116" count="6" type="stmt"/>
          <line num="125" count="31" type="stmt"/>
          <line num="126" count="103" type="cond" truecount="4" falsecount="0"/>
          <line num="127" count="103" type="stmt"/>
          <line num="128" count="40" type="cond" truecount="2" falsecount="0"/>
          <line num="129" count="18" type="stmt"/>
          <line num="140" count="31" type="stmt"/>
          <line num="141" count="0" type="cond" truecount="0" falsecount="4"/>
          <line num="142" count="0" type="stmt"/>
          <line num="148" count="121" type="stmt"/>
          <line num="150" count="46" type="cond" truecount="2" falsecount="0"/>
          <line num="151" count="66" type="stmt"/>
          <line num="153" count="4" type="stmt"/>
          <line num="157" count="0" type="stmt"/>
          <line num="159" count="0" type="cond" truecount="0" falsecount="2"/>
          <line num="160" count="0" type="stmt"/>
          <line num="161" count="0" type="stmt"/>
          <line num="162" count="0" type="stmt"/>
          <line num="163" count="0" type="stmt"/>
          <line num="165" count="0" type="stmt"/>
          <line num="168" count="0" type="stmt"/>
        </file>
        <file name="reduxHelper.ts" path="/home/travis/build/MaibornWolff/codecharta/visualization/app/codeCharta/util/reduxHelper.ts">
          <metrics statements="9" coveredstatements="9" conditionals="2" coveredconditionals="2" methods="6" coveredmethods="6"/>
          <line num="5" count="11" type="stmt"/>
          <line num="6" count="13" type="stmt"/>
          <line num="11" count="30" type="cond" truecount="2" falsecount="0"/>
          <line num="12" count="18" type="stmt"/>
          <line num="13" count="18" type="stmt"/>
          <line num="14" count="18" type="stmt"/>
          <line num="16" count="12" type="stmt"/>
          <line num="20" count="30" type="stmt"/>
          <line num="24" count="35" type="stmt"/>
        </file>
        <file name="scenarioHelper.ts" path="/home/travis/build/MaibornWolff/codecharta/visualization/app/codeCharta/util/scenarioHelper.ts">
          <metrics statements="9" coveredstatements="9" conditionals="3" coveredconditionals="3" methods="10" coveredmethods="10"/>
          <line num="12" count="88" type="stmt"/>
          <line num="15" count="8" type="stmt"/>
          <line num="19" count="6" type="stmt"/>
          <line num="20" count="2" type="stmt"/>
          <line num="28" count="1" type="stmt"/>
          <line num="32" count="1" type="stmt"/>
          <line num="36" count="90" type="stmt"/>
          <line num="37" count="360" type="stmt"/>
          <line num="39" count="90" type="stmt"/>
        </file>
        <file name="settingsHelper.ts" path="/home/travis/build/MaibornWolff/codecharta/visualization/app/codeCharta/util/settingsHelper.ts">
          <metrics statements="9" coveredstatements="9" conditionals="13" coveredconditionals="12" methods="1" coveredmethods="1"/>
          <line num="6" count="1096" type="stmt"/>
          <line num="8" count="1096" type="stmt"/>
          <line num="9" count="2555" type="cond" truecount="2" falsecount="0"/>
          <line num="10" count="731" type="stmt"/>
          <line num="11" count="731" type="stmt"/>
          <line num="12" count="731" type="stmt"/>
          <line num="14" count="731" type="cond" truecount="5" falsecount="0"/>
          <line num="15" count="6" type="stmt"/>
          <line num="21" count="731" type="stmt"/>
        </file>
        <file name="settingsMerger.ts" path="/home/travis/build/MaibornWolff/codecharta/visualization/app/codeCharta/util/settingsMerger.ts">
          <metrics statements="58" coveredstatements="50" conditionals="37" coveredconditionals="26" methods="15" coveredmethods="12"/>
          <line num="6" count="88" type="stmt"/>
          <line num="7" count="88" type="stmt"/>
          <line num="8" count="88" type="stmt"/>
          <line num="9" count="88" type="stmt"/>
          <line num="10" count="88" type="stmt"/>
          <line num="13" count="17" type="cond" truecount="1" falsecount="1"/>
          <line num="14" count="0" type="cond" truecount="0" falsecount="2"/>
          <line num="17" count="17" type="stmt"/>
          <line num="19" count="17" type="stmt"/>
          <line num="20" count="30" type="stmt"/>
          <line num="21" count="30" type="stmt"/>
          <line num="22" count="30" type="stmt"/>
          <line num="23" count="30" type="stmt"/>
          <line num="25" count="17" type="stmt"/>
          <line num="29" count="30" type="cond" truecount="2" falsecount="0"/>
          <line num="30" count="29" type="stmt"/>
          <line num="31" count="18" type="stmt"/>
          <line num="39" count="18" type="cond" truecount="2" falsecount="0"/>
          <line num="41" count="18" type="cond" truecount="2" falsecount="0"/>
          <line num="42" count="7" type="stmt"/>
          <line num="43" count="14" type="stmt"/>
          <line num="46" count="11" type="stmt"/>
          <line num="53" count="30" type="cond" truecount="2" falsecount="0"/>
          <line num="54" count="29" type="stmt"/>
          <line num="55" count="28" type="stmt"/>
          <line num="62" count="28" type="cond" truecount="2" falsecount="0"/>
          <line num="64" count="28" type="cond" truecount="2" falsecount="0"/>
          <line num="65" count="12" type="stmt"/>
          <line num="66" count="12" type="stmt"/>
          <line num="69" count="16" type="stmt"/>
          <line num="76" count="30" type="cond" truecount="1" falsecount="1"/>
          <line num="77" count="30" type="stmt"/>
          <line num="78" count="8" type="stmt"/>
          <line num="84" count="10" type="cond" truecount="2" falsecount="0"/>
          <line num="86" count="8" type="cond" truecount="2" falsecount="0"/>
          <line num="87" count="7" type="stmt"/>
          <line num="94" count="0" type="cond" truecount="0" falsecount="2"/>
          <line num="95" count="0" type="stmt"/>
          <line num="97" count="0" type="stmt"/>
          <line num="101" count="0" type="stmt"/>
          <line num="105" count="30" type="stmt"/>
          <line num="106" count="30" type="stmt"/>
          <line num="107" count="9" type="stmt"/>
          <line num="108" count="9" type="cond" truecount="2" falsecount="0"/>
          <line num="109" count="6" type="stmt"/>
          <line num="113" count="30" type="stmt"/>
          <line num="114" count="6" type="stmt"/>
          <line num="115" count="6" type="cond" truecount="1" falsecount="1"/>
          <line num="116" count="6" type="stmt"/>
          <line num="122" count="17" type="stmt"/>
          <line num="134" count="0" type="stmt"/>
          <line num="135" count="0" type="stmt"/>
          <line num="136" count="0" type="stmt"/>
          <line num="140" count="17" type="stmt"/>
          <line num="141" count="17" type="stmt"/>
          <line num="142" count="17" type="stmt"/>
          <line num="143" count="17" type="stmt"/>
          <line num="144" count="17" type="stmt"/>
        </file>
        <file name="treeMapGenerator.ts" path="/home/travis/build/MaibornWolff/codecharta/visualization/app/codeCharta/util/treeMapGenerator.ts">
          <metrics statements="33" coveredstatements="32" conditionals="17" coveredconditionals="16" methods="13" coveredmethods="13"/>
          <line num="19" count="88" type="stmt"/>
          <line num="20" count="88" type="stmt"/>
          <line num="23" count="9" type="stmt"/>
          <line num="24" count="11" type="stmt"/>
          <line num="25" count="9" type="stmt"/>
          <line num="26" count="9" type="stmt"/>
          <line num="27" count="9" type="stmt"/>
          <line num="28" count="36" type="stmt"/>
          <line num="33" count="9" type="stmt"/>
          <line num="34" count="36" type="stmt"/>
          <line num="35" count="9" type="stmt"/>
          <line num="36" count="9" type="stmt"/>
          <line num="37" count="9" type="stmt"/>
          <line num="38" count="9" type="stmt"/>
          <line num="39" count="9" type="stmt"/>
          <line num="45" count="36" type="stmt"/>
          <line num="49" count="36" type="stmt"/>
          <line num="50" count="36" type="cond" truecount="2" falsecount="0"/>
          <line num="51" count="27" type="stmt"/>
          <line num="53" count="36" type="stmt"/>
          <line num="57" count="5" type="stmt"/>
          <line num="58" count="5" type="stmt"/>
          <line num="60" count="25" type="stmt"/>
          <line num="61" count="5" type="stmt"/>
          <line num="65" count="37" type="cond" truecount="4" falsecount="0"/>
          <line num="69" count="37" type="cond" truecount="1" falsecount="1"/>
          <line num="70" count="0" type="stmt"/>
          <line num="73" count="37" type="cond" truecount="2" falsecount="0"/>
          <line num="74" count="1" type="stmt"/>
          <line num="77" count="36" type="cond" truecount="5" falsecount="0"/>
          <line num="78" count="8" type="stmt"/>
          <line num="80" count="28" type="stmt"/>
          <line num="84" count="36" type="cond" truecount="2" falsecount="0"/>
        </file>
        <file name="treeMapHelper.ts" path="/home/travis/build/MaibornWolff/codecharta/visualization/app/codeCharta/util/treeMapHelper.ts">
          <metrics statements="61" coveredstatements="59" conditionals="61" coveredconditionals="58" methods="15" coveredmethods="15"/>
          <line num="8" count="89" type="stmt"/>
          <line num="9" count="89" type="stmt"/>
          <line num="10" count="89" type="stmt"/>
          <line num="13" count="9" type="stmt"/>
          <line num="14" count="9" type="cond" truecount="4" falsecount="0"/>
          <line num="15" count="4" type="stmt"/>
          <line num="16" count="5" type="stmt"/>
          <line num="19" count="9" type="stmt"/>
          <line num="23" count="1" type="stmt"/>
          <line num="24" count="1" type="stmt"/>
          <line num="25" count="1" type="stmt"/>
          <line num="28" count="1" type="stmt"/>
          <line num="32" count="43" type="cond" truecount="2" falsecount="0"/>
          <line num="34" count="43" type="cond" truecount="1" falsecount="1"/>
          <line num="35" count="0" type="stmt"/>
          <line num="36" count="43" type="cond" truecount="2" falsecount="0"/>
          <line num="37" count="37" type="stmt"/>
          <line num="39" count="6" type="stmt"/>
          <line num="50" count="43" type="cond" truecount="2" falsecount="0"/>
          <line num="51" count="43" type="stmt"/>
          <line num="52" count="43" type="stmt"/>
          <line num="53" count="43" type="stmt"/>
          <line num="54" count="43" type="stmt"/>
          <line num="55" count="43" type="stmt"/>
          <line num="58" count="43" type="stmt"/>
          <line num="59" count="43" type="stmt"/>
          <line num="60" count="43" type="stmt"/>
          <line num="61" count="43" type="stmt"/>
          <line num="63" count="43" type="stmt"/>
          <line num="92" count="43" type="cond" truecount="2" falsecount="0"/>
          <line num="93" count="18" type="stmt"/>
          <line num="95" count="25" type="stmt"/>
          <line num="100" count="43" type="cond" truecount="2" falsecount="0"/>
          <line num="101" count="18" type="stmt"/>
          <line num="103" count="25" type="stmt"/>
          <line num="108" count="51" type="stmt"/>
          <line num="109" count="51" type="cond" truecount="2" falsecount="0"/>
          <line num="112" count="7" type="stmt"/>
          <line num="114" count="1" type="stmt"/>
          <line num="117" count="51" type="cond" truecount="5" falsecount="0"/>
          <line num="118" count="2" type="cond" truecount="1" falsecount="1"/>
          <line num="121" count="51" type="stmt"/>
          <line num="123" count="51" type="cond" truecount="2" falsecount="0"/>
          <line num="124" count="51" type="stmt"/>
          <line num="128" count="1" type="stmt"/>
          <line num="130" count="1" type="cond" truecount="2" falsecount="0"/>
          <line num="136" count="3" type="stmt"/>
          <line num="140" count="51" type="stmt"/>
          <line num="144" count="52" type="cond" truecount="2" falsecount="0"/>
          <line num="145" count="52" type="cond" truecount="1" falsecount="1"/>
          <line num="146" count="0" type="stmt"/>
          <line num="148" count="52" type="stmt"/>
          <line num="150" count="52" type="cond" truecount="2" falsecount="0"/>
          <line num="151" count="28" type="stmt"/>
          <line num="152" count="24" type="cond" truecount="2" falsecount="0"/>
          <line num="153" count="1" type="stmt"/>
          <line num="154" count="23" type="cond" truecount="2" falsecount="0"/>
          <line num="155" count="14" type="cond" truecount="2" falsecount="0"/>
          <line num="156" count="9" type="cond" truecount="2" falsecount="0"/>
          <line num="157" count="8" type="cond" truecount="2" falsecount="0"/>
          <line num="159" count="1" type="stmt"/>
        </file>
        <file name="urlExtractor.ts" path="/home/travis/build/MaibornWolff/codecharta/visualization/app/codeCharta/util/urlExtractor.ts">
          <metrics statements="28" coveredstatements="27" conditionals="14" coveredconditionals="13" methods="8" coveredmethods="8"/>
          <line num="6" count="88" type="stmt"/>
          <line num="8" count="20" type="stmt"/>
          <line num="11" count="4" type="stmt"/>
          <line num="12" count="4" type="stmt"/>
          <line num="13" count="4" type="stmt"/>
          <line num="15" count="4" type="cond" truecount="2" falsecount="0"/>
          <line num="16" count="2" type="stmt"/>
          <line num="18" count="2" type="cond" truecount="1" falsecount="1"/>
          <line num="19" count="0" type="stmt"/>
          <line num="21" count="2" type="stmt"/>
          <line num="25" count="14" type="stmt"/>
          <line num="27" count="14" type="cond" truecount="2" falsecount="0"/>
          <line num="28" count="11" type="stmt"/>
          <line num="31" count="14" type="cond" truecount="2" falsecount="0"/>
          <line num="32" count="1" type="stmt"/>
          <line num="35" count="14" type="stmt"/>
          <line num="37" count="14" type="stmt"/>
          <line num="38" count="5" type="stmt"/>
          <line num="40" count="5" type="stmt"/>
          <line num="45" count="14" type="stmt"/>
          <line num="49" count="4" type="stmt"/>
          <line num="50" count="4" type="cond" truecount="4" falsecount="0"/>
          <line num="51" count="2" type="stmt"/>
          <line num="52" count="2" type="cond" truecount="2" falsecount="0"/>
          <line num="53" count="1" type="stmt"/>
          <line num="54" count="1" type="stmt"/>
          <line num="56" count="1" type="stmt"/>
          <line num="60" count="2" type="stmt"/>
        </file>
      </package>
      <package name="app.codeCharta.util.color">
        <metrics statements="47" coveredstatements="47" conditionals="3" coveredconditionals="3" methods="20" coveredmethods="20"/>
        <file name="colorConverter.ts" path="/home/travis/build/MaibornWolff/codecharta/visualization/app/codeCharta/util/color/colorConverter.ts">
          <metrics statements="41" coveredstatements="41" conditionals="3" coveredconditionals="3" methods="14" coveredmethods="14"/>
          <line num="7" count="377" type="stmt"/>
          <line num="11" count="2" type="stmt"/>
          <line num="12" count="2" type="stmt"/>
          <line num="13" count="2" type="stmt"/>
          <line num="17" count="8" type="stmt"/>
          <line num="18" count="8" type="stmt"/>
          <line num="22" count="14" type="stmt"/>
          <line num="23" count="14" type="stmt"/>
          <line num="27" count="35" type="stmt"/>
          <line num="38" count="6" type="stmt"/>
          <line num="39" count="6" type="stmt"/>
          <line num="43" count="371" type="stmt"/>
          <line num="44" count="371" type="stmt"/>
          <line num="48" count="1" type="stmt"/>
          <line num="49" count="1" type="stmt"/>
          <line num="50" count="1" type="stmt"/>
          <line num="52" count="1" type="stmt"/>
          <line num="56" count="7" type="stmt"/>
          <line num="57" count="7" type="stmt"/>
          <line num="58" count="7" type="stmt"/>
          <line num="59" count="7" type="stmt"/>
          <line num="61" count="7" type="stmt"/>
          <line num="62" count="35" type="stmt"/>
          <line num="63" count="35" type="stmt"/>
          <line num="64" count="35" type="stmt"/>
          <line num="66" count="7" type="stmt"/>
          <line num="70" count="37" type="stmt"/>
          <line num="71" count="37" type="stmt"/>
          <line num="72" count="37" type="stmt"/>
          <line num="76" count="59" type="stmt"/>
          <line num="77" count="59" type="cond" truecount="2" falsecount="0"/>
          <line num="78" count="2" type="stmt"/>
          <line num="80" count="59" type="stmt"/>
          <line num="84" count="37" type="stmt"/>
          <line num="88" count="74" type="stmt"/>
          <line num="89" count="74" type="stmt"/>
          <line num="90" count="74" type="stmt"/>
          <line num="91" count="74" type="stmt"/>
          <line num="92" count="74" type="stmt"/>
          <line num="93" count="74" type="stmt"/>
          <line num="97" count="37" type="stmt"/>
        </file>
        <file name="hsl.ts" path="/home/travis/build/MaibornWolff/codecharta/visualization/app/codeCharta/util/color/hsl.ts">
          <metrics statements="6" coveredstatements="6" conditionals="0" coveredconditionals="0" methods="6" coveredmethods="6"/>
          <line num="4" count="12" type="stmt"/>
          <line num="7" count="7" type="stmt"/>
          <line num="11" count="7" type="stmt"/>
          <line num="15" count="8" type="stmt"/>
          <line num="19" count="6" type="stmt"/>
          <line num="23" count="2" type="stmt"/>
        </file>
      </package>
    </metrics>
  </project>
</coverage>
