{"/home/travis/build/MaibornWolff/codecharta/visualization/app/app.ts": {"path":"/home/travis/build/MaibornWolff/codecharta/visualization/app/app.ts","statementMap":{"0":{"start":{"line":2,"column":0},"end":{"line":null,"column":-1}},"1":{"start":{"line":3,"column":0},"end":{"line":null,"column":-1}},"2":{"start":{"line":4,"column":0},"end":{"line":null,"column":-1}},"3":{"start":{"line":5,"column":0},"end":{"line":null,"column":-1}},"4":{"start":{"line":6,"column":0},"end":{"line":null,"column":-1}},"5":{"start":{"line":9,"column":0},"end":{"line":null,"column":-1}},"6":{"start":{"line":11,"column":0},"end":{"line":null,"column":-1}},"7":{"start":{"line":16,"column":3},"end":{"line":null,"column":-1}},"8":{"start":{"line":17,"column":3},"end":{"line":null,"column":-1}},"9":{"start":{"line":24,"column":2},"end":{"line":null,"column":-1}},"10":{"start":{"line":31,"column":2},"end":{"line":null,"column":-1}},"11":{"start":{"line":36,"column":3},"end":{"line":null,"column":-1}},"12":{"start":{"line":37,"column":3},"end":{"line":null,"column":-1}}},"fnMap":{"0":{"name":"(anonymous_1)","decl":{"start":{"line":15,"column":2},"end":{"line":15,"column":21}},"loc":{"start":{"line":15,"column":22},"end":{"line":13,"column":9}}},"1":{"name":"(anonymous_2)","decl":{"start":{"line":23,"column":9},"end":{"line":23,"column":29}},"loc":{"start":{"line":23,"column":30},"end":{"line":11,"column":0}}},"2":{"name":"(anonymous_3)","decl":{"start":{"line":30,"column":9},"end":{"line":30,"column":26}},"loc":{"start":{"line":30,"column":27},"end":{"line":11,"column":0}}},"3":{"name":"(anonymous_4)","decl":{"start":{"line":35,"column":2},"end":{"line":35,"column":20}},"loc":{"start":{"line":35,"column":21},"end":{"line":33,"column":9}}}},"branchMap":{},"s":{"0":0,"1":0,"2":0,"3":0,"4":0,"5":0,"6":0,"7":0,"8":0,"9":0,"10":0,"11":0,"12":0},"f":{"0":0,"1":0,"2":0,"3":0},"b":{}}
,"/home/travis/build/MaibornWolff/codecharta/visualization/app/codeCharta/codeCharta.component.ts": {"path":"/home/travis/build/MaibornWolff/codecharta/visualization/app/codeCharta/codeCharta.component.ts","statementMap":{"0":{"start":{"line":30,"column":10},"end":{"line":30,"column":37}},"1":{"start":{"line":31,"column":10},"end":{"line":31,"column":29}},"2":{"start":{"line":32,"column":10},"end":{"line":32,"column":36}},"3":{"start":{"line":33,"column":10},"end":{"line":33,"column":38}},"4":{"start":{"line":34,"column":10},"end":{"line":34,"column":46}},"5":{"start":{"line":35,"column":10},"end":{"line":35,"column":44}},"6":{"start":{"line":36,"column":10},"end":{"line":36,"column":52}},"7":{"start":{"line":38,"column":10},"end":{"line":38,"column":42}},"8":{"start":{"line":16,"column":9},"end":{"line":24,"column":2}},"9":{"start":{"line":40,"column":2},"end":{"line":40,"column":62}},"10":{"start":{"line":41,"column":2},"end":{"line":41,"column":55}},"11":{"start":{"line":42,"column":2},"end":{"line":42,"column":25}},"12":{"start":{"line":46,"column":2},"end":{"line":58,"column":5}},"13":{"start":{"line":49,"column":4},"end":{"line":54,"column":5}},"14":{"start":{"line":50,"column":5},"end":{"line":50,"column":31}},"15":{"start":{"line":51,"column":5},"end":{"line":51,"column":33}},"16":{"start":{"line":53,"column":5},"end":{"line":53,"column":33}},"17":{"start":{"line":57,"column":4},"end":{"line":57,"column":32}},"18":{"start":{"line":62,"column":2},"end":{"line":66,"column":3}},"19":{"start":{"line":63,"column":3},"end":{"line":65,"column":4}},"20":{"start":{"line":67,"column":2},"end":{"line":70,"column":4}},"21":{"start":{"line":74,"column":2},"end":{"line":74,"column":46}},"22":{"start":{"line":76,"column":2},"end":{"line":85,"column":5}},"23":{"start":{"line":79,"column":4},"end":{"line":79,"column":86}},"24":{"start":{"line":82,"column":4},"end":{"line":82,"column":58}},"25":{"start":{"line":83,"column":4},"end":{"line":83,"column":20}},"26":{"start":{"line":84,"column":4},"end":{"line":84,"column":23}},"27":{"start":{"line":89,"column":30},"end":{"line":89,"column":70}},"28":{"start":{"line":90,"column":16},"end":{"line":90,"column":50}},"29":{"start":{"line":92,"column":2},"end":{"line":98,"column":3}},"30":{"start":{"line":93,"column":3},"end":{"line":93,"column":53}},"31":{"start":{"line":94,"column":9},"end":{"line":98,"column":3}},"32":{"start":{"line":95,"column":3},"end":{"line":95,"column":43}},"33":{"start":{"line":97,"column":3},"end":{"line":97,"column":44}},"34":{"start":{"line":102,"column":2},"end":{"line":102,"column":72}},"35":{"start":{"line":106,"column":35},"end":{"line":110,"column":1}}},"fnMap":{"0":{"name":"(anonymous_0)","decl":{"start":{"line":29,"column":1},"end":{"line":30,"column":9}},"loc":{"start":{"line":38,"column":42},"end":{"line":43,"column":2}}},"1":{"name":"(anonymous_1)","decl":{"start":{"line":45,"column":8},"end":{"line":45,"column":23}},"loc":{"start":{"line":45,"column":24},"end":{"line":59,"column":2}}},"2":{"name":"(anonymous_2)","decl":{"start":{"line":48,"column":9},"end":{"line":48,"column":10}},"loc":{"start":{"line":48,"column":34},"end":{"line":55,"column":4}}},"3":{"name":"(anonymous_3)","decl":{"start":{"line":56,"column":10},"end":{"line":56,"column":12}},"loc":{"start":{"line":56,"column":15},"end":{"line":58,"column":4}}},"4":{"name":"(anonymous_4)","decl":{"start":{"line":61,"column":8},"end":{"line":61,"column":28}},"loc":{"start":{"line":61,"column":29},"end":{"line":71,"column":2}}},"5":{"name":"(anonymous_5)","decl":{"start":{"line":73,"column":9},"end":{"line":73,"column":23}},"loc":{"start":{"line":73,"column":47},"end":{"line":86,"column":2}}},"6":{"name":"(anonymous_6)","decl":{"start":{"line":78,"column":9},"end":{"line":78,"column":11}},"loc":{"start":{"line":78,"column":14},"end":{"line":80,"column":4}}},"7":{"name":"(anonymous_7)","decl":{"start":{"line":81,"column":10},"end":{"line":81,"column":11}},"loc":{"start":{"line":81,"column":14},"end":{"line":85,"column":4}}},"8":{"name":"(anonymous_8)","decl":{"start":{"line":88,"column":9},"end":{"line":88,"column":29}},"loc":{"start":{"line":88,"column":30},"end":{"line":99,"column":2}}},"9":{"name":"(anonymous_9)","decl":{"start":{"line":101,"column":9},"end":{"line":101,"column":19}},"loc":{"start":{"line":101,"column":35},"end":{"line":103,"column":2}}}},"branchMap":{"0":{"loc":{"start":{"line":49,"column":4},"end":{"line":54,"column":5}},"type":"if","locations":[{"start":{"line":49,"column":4},"end":{"line":54,"column":5}},{"start":{"line":49,"column":4},"end":{"line":54,"column":5}}]},"1":{"loc":{"start":{"line":62,"column":2},"end":{"line":66,"column":3}},"type":"if","locations":[{"start":{"line":62,"column":2},"end":{"line":66,"column":3}},{"start":{"line":62,"column":2},"end":{"line":66,"column":3}}]},"2":{"loc":{"start":{"line":92,"column":2},"end":{"line":98,"column":3}},"type":"if","locations":[{"start":{"line":92,"column":2},"end":{"line":98,"column":3}},{"start":{"line":92,"column":2},"end":{"line":98,"column":3}}]},"3":{"loc":{"start":{"line":92,"column":6},"end":{"line":92,"column":29}},"type":"binary-expr","locations":[{"start":{"line":92,"column":6},"end":{"line":92,"column":29}},{"start":{"line":92,"column":33},"end":{"line":92,"column":50}}]},"4":{"loc":{"start":{"line":94,"column":9},"end":{"line":98,"column":3}},"type":"if","locations":[{"start":{"line":94,"column":9},"end":{"line":98,"column":3}},{"start":{"line":94,"column":9},"end":{"line":98,"column":3}}]}},"s":{"0":10,"1":10,"2":10,"3":10,"4":10,"5":10,"6":10,"7":10,"8":10,"9":10,"10":10,"11":10,"12":13,"13":13,"14":2,"15":2,"16":11,"17":0,"18":13,"19":11,"20":13,"21":15,"22":15,"23":15,"24":0,"25":0,"26":0,"27":2,"28":2,"29":2,"30":0,"31":2,"32":0,"33":2,"34":0,"35":87},"f":{"0":10,"1":13,"2":13,"3":0,"4":13,"5":15,"6":15,"7":0,"8":2,"9":0},"b":{"0":[2,11],"1":[11,2],"2":[0,2],"3":[2,0],"4":[0,2]}}
,"/home/travis/build/MaibornWolff/codecharta/visualization/app/codeCharta/codeCharta.model.ts": {"path":"/home/travis/build/MaibornWolff/codecharta/visualization/app/codeCharta/codeCharta.model.ts","statementMap":{"0":{"start":{"line":14,"column":0},"end":{"line":20,"column":1}},"1":{"start":{"line":15,"column":1},"end":{"line":15,"column":18}},"2":{"start":{"line":16,"column":1},"end":{"line":16,"column":24}},"3":{"start":{"line":17,"column":1},"end":{"line":17,"column":26}},"4":{"start":{"line":18,"column":1},"end":{"line":18,"column":20}},"5":{"start":{"line":19,"column":1},"end":{"line":19,"column":14}},"6":{"start":{"line":22,"column":0},"end":{"line":27,"column":1}},"7":{"start":{"line":23,"column":1},"end":{"line":23,"column":22}},"8":{"start":{"line":24,"column":1},"end":{"line":24,"column":20}},"9":{"start":{"line":25,"column":1},"end":{"line":25,"column":20}},"10":{"start":{"line":26,"column":1},"end":{"line":26,"column":24}},"11":{"start":{"line":150,"column":0},"end":{"line":153,"column":1}},"12":{"start":{"line":151,"column":1},"end":{"line":151,"column":22}},"13":{"start":{"line":152,"column":1},"end":{"line":152,"column":22}},"14":{"start":{"line":162,"column":0},"end":{"line":167,"column":1}},"15":{"start":{"line":163,"column":1},"end":{"line":163,"column":14}},"16":{"start":{"line":164,"column":1},"end":{"line":164,"column":14}},"17":{"start":{"line":165,"column":1},"end":{"line":165,"column":10}},"18":{"start":{"line":166,"column":1},"end":{"line":166,"column":14}},"19":{"start":{"line":179,"column":0},"end":{"line":182,"column":1}},"20":{"start":{"line":180,"column":1},"end":{"line":180,"column":20}},"21":{"start":{"line":181,"column":1},"end":{"line":181,"column":20}}},"fnMap":{"0":{"name":"(anonymous_0)","decl":{"start":{"line":14,"column":0},"end":{"line":14,"column":11}},"loc":{"start":{"line":14,"column":30},"end":{"line":20,"column":1}}},"1":{"name":"(anonymous_1)","decl":{"start":{"line":22,"column":0},"end":{"line":22,"column":11}},"loc":{"start":{"line":22,"column":27},"end":{"line":27,"column":1}}},"2":{"name":"(anonymous_2)","decl":{"start":{"line":150,"column":0},"end":{"line":150,"column":11}},"loc":{"start":{"line":150,"column":30},"end":{"line":153,"column":1}}},"3":{"name":"(anonymous_3)","decl":{"start":{"line":162,"column":0},"end":{"line":162,"column":11}},"loc":{"start":{"line":162,"column":26},"end":{"line":167,"column":1}}},"4":{"name":"(anonymous_4)","decl":{"start":{"line":179,"column":0},"end":{"line":179,"column":11}},"loc":{"start":{"line":179,"column":25},"end":{"line":182,"column":1}}}},"branchMap":{"0":{"loc":{"start":{"line":14,"column":12},"end":{"line":14,"column":30}},"type":"binary-expr","locations":[{"start":{"line":14,"column":12},"end":{"line":14,"column":30}},{"start":{"line":14,"column":12},"end":{"line":14,"column":30}}]},"1":{"loc":{"start":{"line":22,"column":12},"end":{"line":22,"column":27}},"type":"binary-expr","locations":[{"start":{"line":22,"column":12},"end":{"line":22,"column":27}},{"start":{"line":22,"column":12},"end":{"line":22,"column":27}}]},"2":{"loc":{"start":{"line":150,"column":12},"end":{"line":150,"column":30}},"type":"binary-expr","locations":[{"start":{"line":150,"column":12},"end":{"line":150,"column":30}},{"start":{"line":150,"column":12},"end":{"line":150,"column":30}}]},"3":{"loc":{"start":{"line":162,"column":12},"end":{"line":162,"column":26}},"type":"binary-expr","locations":[{"start":{"line":162,"column":12},"end":{"line":162,"column":26}},{"start":{"line":162,"column":12},"end":{"line":162,"column":26}}]},"4":{"loc":{"start":{"line":179,"column":12},"end":{"line":179,"column":25}},"type":"binary-expr","locations":[{"start":{"line":179,"column":12},"end":{"line":179,"column":25}},{"start":{"line":179,"column":12},"end":{"line":179,"column":25}}]}},"s":{"0":113,"1":113,"2":113,"3":113,"4":113,"5":113,"6":113,"7":113,"8":113,"9":113,"10":113,"11":113,"12":113,"13":113,"14":113,"15":113,"16":113,"17":113,"18":113,"19":113,"20":113,"21":113},"f":{"0":113,"1":113,"2":113,"3":113,"4":113},"b":{"0":[113,113],"1":[113,113],"2":[113,113],"3":[113,113],"4":[113,113]}}
,"/home/travis/build/MaibornWolff/codecharta/visualization/app/codeCharta/codeCharta.module.ts": {"path":"/home/travis/build/MaibornWolff/codecharta/visualization/app/codeCharta/codeCharta.module.ts","statementMap":{"0":{"start":{"line":12,"column":0},"end":{"line":12,"column":79}},"1":{"start":{"line":14,"column":0},"end":{"line":17,"column":65}}},"fnMap":{},"branchMap":{},"s":{"0":87,"1":87},"f":{},"b":{}}
,"/home/travis/build/MaibornWolff/codecharta/visualization/app/codeCharta/codeCharta.service.ts": {"path":"/home/travis/build/MaibornWolff/codecharta/visualization/app/codeCharta/codeCharta.service.ts","statementMap":{"0":{"start":{"line":12,"column":21},"end":{"line":12,"column":55}},"1":{"start":{"line":15,"column":2},"end":{"line":29,"column":4}},"2":{"start":{"line":16,"column":3},"end":{"line":25,"column":5}},"3":{"start":{"line":17,"column":19},"end":{"line":17,"column":63}},"4":{"start":{"line":18,"column":4},"end":{"line":24,"column":5}},"5":{"start":{"line":19,"column":18},"end":{"line":19,"column":77}},"6":{"start":{"line":20,"column":5},"end":{"line":20,"column":51}},"7":{"start":{"line":21,"column":5},"end":{"line":21,"column":42}},"8":{"start":{"line":23,"column":5},"end":{"line":23,"column":19}},"9":{"start":{"line":27,"column":3},"end":{"line":27,"column":73}},"10":{"start":{"line":28,"column":3},"end":{"line":28,"column":12}},"11":{"start":{"line":33,"column":2},"end":{"line":48,"column":3}},"12":{"start":{"line":52,"column":31},"end":{"line":52,"column":33}},"13":{"start":{"line":54,"column":2},"end":{"line":71,"column":3}},"14":{"start":{"line":55,"column":3},"end":{"line":58,"column":4}},"15":{"start":{"line":60,"column":3},"end":{"line":64,"column":4}},"16":{"start":{"line":61,"column":4},"end":{"line":61,"column":32}},"17":{"start":{"line":63,"column":4},"end":{"line":63,"column":50}},"18":{"start":{"line":66,"column":3},"end":{"line":70,"column":4}},"19":{"start":{"line":67,"column":4},"end":{"line":67,"column":32}},"20":{"start":{"line":69,"column":4},"end":{"line":69,"column":50}},"21":{"start":{"line":72,"column":2},"end":{"line":72,"column":26}},"22":{"start":{"line":76,"column":2},"end":{"line":80,"column":4}},"23":{"start":{"line":77,"column":3},"end":{"line":79,"column":4}},"24":{"start":{"line":78,"column":4},"end":{"line":78,"column":34}},"25":{"start":{"line":81,"column":2},"end":{"line":81,"column":18}},"26":{"start":{"line":8,"column":15},"end":{"line":8,"column":33}},"27":{"start":{"line":9,"column":15},"end":{"line":9,"column":60}},"28":{"start":{"line":10,"column":24},"end":{"line":10,"column":54}}},"fnMap":{"0":{"name":"(anonymous_0)","decl":{"start":{"line":12,"column":1},"end":{"line":12,"column":20}},"loc":{"start":{"line":12,"column":55},"end":{"line":12,"column":59}}},"1":{"name":"(anonymous_1)","decl":{"start":{"line":14,"column":8},"end":{"line":14,"column":16}},"loc":{"start":{"line":14,"column":47},"end":{"line":30,"column":2}}},"2":{"name":"(anonymous_2)","decl":{"start":{"line":15,"column":21},"end":{"line":15,"column":22}},"loc":{"start":{"line":15,"column":41},"end":{"line":29,"column":3}}},"3":{"name":"(anonymous_3)","decl":{"start":{"line":16,"column":25},"end":{"line":16,"column":26}},"loc":{"start":{"line":16,"column":56},"end":{"line":25,"column":4}}},"4":{"name":"(anonymous_4)","decl":{"start":{"line":32,"column":9},"end":{"line":32,"column":17}},"loc":{"start":{"line":32,"column":53},"end":{"line":49,"column":2}}},"5":{"name":"(anonymous_5)","decl":{"start":{"line":51,"column":9},"end":{"line":51,"column":25}},"loc":{"start":{"line":51,"column":57},"end":{"line":73,"column":2}}},"6":{"name":"(anonymous_6)","decl":{"start":{"line":75,"column":9},"end":{"line":75,"column":39}},"loc":{"start":{"line":75,"column":50},"end":{"line":82,"column":2}}},"7":{"name":"(anonymous_7)","decl":{"start":{"line":76,"column":20},"end":{"line":76,"column":21}},"loc":{"start":{"line":76,"column":24},"end":{"line":80,"column":3}}}},"branchMap":{"0":{"loc":{"start":{"line":18,"column":4},"end":{"line":24,"column":5}},"type":"if","locations":[{"start":{"line":18,"column":4},"end":{"line":24,"column":5}},{"start":{"line":18,"column":4},"end":{"line":24,"column":5}}]},"1":{"loc":{"start":{"line":41,"column":12},"end":{"line":41,"column":29}},"type":"binary-expr","locations":[{"start":{"line":41,"column":12},"end":{"line":41,"column":29}},{"start":{"line":41,"column":33},"end":{"line":41,"column":35}}]},"2":{"loc":{"start":{"line":43,"column":53},"end":{"line":43,"column":74}},"type":"binary-expr","locations":[{"start":{"line":43,"column":53},"end":{"line":43,"column":74}},{"start":{"line":43,"column":78},"end":{"line":43,"column":80}}]},"3":{"loc":{"start":{"line":54,"column":2},"end":{"line":71,"column":3}},"type":"if","locations":[{"start":{"line":54,"column":2},"end":{"line":71,"column":3}},{"start":{"line":54,"column":2},"end":{"line":71,"column":3}}]},"4":{"loc":{"start":{"line":54,"column":6},"end":{"line":54,"column":31}},"type":"binary-expr","locations":[{"start":{"line":54,"column":6},"end":{"line":54,"column":31}},{"start":{"line":54,"column":35},"end":{"line":54,"column":50}}]},"5":{"loc":{"start":{"line":60,"column":3},"end":{"line":64,"column":4}},"type":"if","locations":[{"start":{"line":60,"column":3},"end":{"line":64,"column":4}},{"start":{"line":60,"column":3},"end":{"line":64,"column":4}}]},"6":{"loc":{"start":{"line":66,"column":3},"end":{"line":70,"column":4}},"type":"if","locations":[{"start":{"line":66,"column":3},"end":{"line":70,"column":4}},{"start":{"line":66,"column":3},"end":{"line":70,"column":4}}]},"7":{"loc":{"start":{"line":77,"column":3},"end":{"line":79,"column":4}},"type":"if","locations":[{"start":{"line":77,"column":3},"end":{"line":79,"column":4}},{"start":{"line":77,"column":3},"end":{"line":79,"column":4}}]}},"s":{"0":18,"1":6,"2":6,"3":6,"4":5,"5":3,"6":3,"7":3,"8":2,"9":5,"10":5,"11":3,"12":3,"13":3,"14":3,"15":0,"16":0,"17":0,"18":0,"19":0,"20":0,"21":0,"22":3,"23":1,"24":1,"25":3,"26":96,"27":96,"28":96},"f":{"0":18,"1":6,"2":6,"3":6,"4":3,"5":3,"6":3,"7":1},"b":{"0":[3,2],"1":[3,3],"2":[3,2],"3":[3,0],"4":[3,0],"5":[0,0],"6":[0,0],"7":[1,0]}}
,"/home/travis/build/MaibornWolff/codecharta/visualization/app/codeCharta/state/edgeMetricData.service.ts": {"path":"/home/travis/build/MaibornWolff/codecharta/visualization/app/codeCharta/state/edgeMetricData.service.ts","statementMap":{"0":{"start":{"line":28,"column":21},"end":{"line":28,"column":50}},"1":{"start":{"line":28,"column":60},"end":{"line":28,"column":94}},"2":{"start":{"line":25,"column":9},"end":{"line":25,"column":42}},"3":{"start":{"line":29,"column":2},"end":{"line":29,"column":51}},"4":{"start":{"line":30,"column":2},"end":{"line":30,"column":51}},"5":{"start":{"line":34,"column":34},"end":{"line":34,"column":71}},"6":{"start":{"line":35,"column":2},"end":{"line":35,"column":47}},"7":{"start":{"line":39,"column":2},"end":{"line":39,"column":40}},"8":{"start":{"line":43,"column":2},"end":{"line":43,"column":106}},"9":{"start":{"line":44,"column":2},"end":{"line":44,"column":22}},"10":{"start":{"line":45,"column":2},"end":{"line":45,"column":31}},"11":{"start":{"line":46,"column":2},"end":{"line":46,"column":36}},"12":{"start":{"line":50,"column":2},"end":{"line":52,"column":3}},"13":{"start":{"line":51,"column":3},"end":{"line":51,"column":12}},"14":{"start":{"line":54,"column":2},"end":{"line":54,"column":45}},"15":{"start":{"line":54,"column":38},"end":{"line":54,"column":44}},"16":{"start":{"line":58,"column":2},"end":{"line":60,"column":3}},"17":{"start":{"line":59,"column":3},"end":{"line":59,"column":11}},"18":{"start":{"line":61,"column":2},"end":{"line":61,"column":53}},"19":{"start":{"line":65,"column":2},"end":{"line":67,"column":3}},"20":{"start":{"line":66,"column":3},"end":{"line":66,"column":12}},"21":{"start":{"line":69,"column":44},"end":{"line":69,"column":46}},"22":{"start":{"line":70,"column":35},"end":{"line":70,"column":81}},"23":{"start":{"line":71,"column":2},"end":{"line":73,"column":3}},"24":{"start":{"line":72,"column":3},"end":{"line":72,"column":72}},"25":{"start":{"line":75,"column":2},"end":{"line":75,"column":34}},"26":{"start":{"line":79,"column":22},"end":{"line":79,"column":91}},"27":{"start":{"line":79,"column":57},"end":{"line":79,"column":90}},"28":{"start":{"line":80,"column":24},"end":{"line":80,"column":33}},"29":{"start":{"line":82,"column":2},"end":{"line":84,"column":4}},"30":{"start":{"line":83,"column":3},"end":{"line":83,"column":87}},"31":{"start":{"line":85,"column":2},"end":{"line":85,"column":24}},"32":{"start":{"line":89,"column":2},"end":{"line":89,"column":28}},"33":{"start":{"line":93,"column":2},"end":{"line":98,"column":3}},"34":{"start":{"line":94,"column":3},"end":{"line":94,"column":12}},"35":{"start":{"line":96,"column":19},"end":{"line":96,"column":77}},"36":{"start":{"line":97,"column":3},"end":{"line":97,"column":44}},"37":{"start":{"line":102,"column":2},"end":{"line":102,"column":37}},"38":{"start":{"line":103,"column":28},"end":{"line":105,"column":67}},"39":{"start":{"line":104,"column":16},"end":{"line":104,"column":55}},"40":{"start":{"line":105,"column":21},"end":{"line":105,"column":66}},"41":{"start":{"line":106,"column":33},"end":{"line":106,"column":64}},"42":{"start":{"line":107,"column":2},"end":{"line":113,"column":4}},"43":{"start":{"line":108,"column":3},"end":{"line":112,"column":5}},"44":{"start":{"line":109,"column":4},"end":{"line":111,"column":5}},"45":{"start":{"line":110,"column":5},"end":{"line":110,"column":39}},"46":{"start":{"line":114,"column":2},"end":{"line":114,"column":32}},"47":{"start":{"line":118,"column":19},"end":{"line":118,"column":63}},"48":{"start":{"line":118,"column":39},"end":{"line":118,"column":62}},"49":{"start":{"line":119,"column":17},"end":{"line":119,"column":59}},"50":{"start":{"line":119,"column":37},"end":{"line":119,"column":58}},"51":{"start":{"line":120,"column":2},"end":{"line":120,"column":117}},"52":{"start":{"line":124,"column":2},"end":{"line":124,"column":81}},"53":{"start":{"line":128,"column":2},"end":{"line":131,"column":3}},"54":{"start":{"line":129,"column":27},"end":{"line":129,"column":61}},"55":{"start":{"line":130,"column":3},"end":{"line":130,"column":75}},"56":{"start":{"line":135,"column":2},"end":{"line":137,"column":3}},"57":{"start":{"line":136,"column":3},"end":{"line":136,"column":57}},"58":{"start":{"line":138,"column":2},"end":{"line":138,"column":52}},"59":{"start":{"line":142,"column":2},"end":{"line":142,"column":56}},"60":{"start":{"line":143,"column":2},"end":{"line":143,"column":54}},"61":{"start":{"line":144,"column":2},"end":{"line":144,"column":45}},"62":{"start":{"line":145,"column":2},"end":{"line":145,"column":43}},"63":{"start":{"line":149,"column":2},"end":{"line":151,"column":3}},"64":{"start":{"line":150,"column":3},"end":{"line":150,"column":62}},"65":{"start":{"line":155,"column":33},"end":{"line":155,"column":35}},"66":{"start":{"line":157,"column":2},"end":{"line":166,"column":4}},"67":{"start":{"line":158,"column":28},"end":{"line":158,"column":29}},"68":{"start":{"line":159,"column":3},"end":{"line":164,"column":5}},"69":{"start":{"line":160,"column":26},"end":{"line":160,"column":57}},"70":{"start":{"line":161,"column":4},"end":{"line":163,"column":5}},"71":{"start":{"line":162,"column":5},"end":{"line":162,"column":39}},"72":{"start":{"line":165,"column":3},"end":{"line":165,"column":100}},"73":{"start":{"line":168,"column":2},"end":{"line":168,"column":19}},"74":{"start":{"line":172,"column":28},"end":{"line":172,"column":37}},"75":{"start":{"line":173,"column":2},"end":{"line":180,"column":3}},"76":{"start":{"line":174,"column":3},"end":{"line":179,"column":5}},"77":{"start":{"line":175,"column":31},"end":{"line":177,"column":5}},"78":{"start":{"line":176,"column":41},"end":{"line":176,"column":104}},"79":{"start":{"line":178,"column":4},"end":{"line":178,"column":52}},"80":{"start":{"line":181,"column":2},"end":{"line":181,"column":47}},"81":{"start":{"line":185,"column":2},"end":{"line":185,"column":88}},"82":{"start":{"line":189,"column":2},"end":{"line":189,"column":103}},"83":{"start":{"line":193,"column":2},"end":{"line":195,"column":4}},"84":{"start":{"line":194,"column":3},"end":{"line":194,"column":43}},"85":{"start":{"line":23,"column":16},"end":{"line":23,"column":75}}},"fnMap":{"0":{"name":"(anonymous_0)","decl":{"start":{"line":28,"column":1},"end":{"line":28,"column":20}},"loc":{"start":{"line":28,"column":94},"end":{"line":31,"column":2}}},"1":{"name":"(anonymous_1)","decl":{"start":{"line":33,"column":8},"end":{"line":33,"column":25}},"loc":{"start":{"line":33,"column":53},"end":{"line":36,"column":2}}},"2":{"name":"(anonymous_2)","decl":{"start":{"line":38,"column":8},"end":{"line":38,"column":26}},"loc":{"start":{"line":38,"column":51},"end":{"line":40,"column":2}}},"3":{"name":"(anonymous_3)","decl":{"start":{"line":42,"column":9},"end":{"line":42,"column":25}},"loc":{"start":{"line":42,"column":78},"end":{"line":47,"column":2}}},"4":{"name":"(anonymous_4)","decl":{"start":{"line":49,"column":8},"end":{"line":49,"column":21}},"loc":{"start":{"line":49,"column":22},"end":{"line":55,"column":2}}},"5":{"name":"(anonymous_5)","decl":{"start":{"line":54,"column":33},"end":{"line":54,"column":34}},"loc":{"start":{"line":54,"column":38},"end":{"line":54,"column":44}}},"6":{"name":"(anonymous_6)","decl":{"start":{"line":57,"column":8},"end":{"line":57,"column":35}},"loc":{"start":{"line":57,"column":55},"end":{"line":62,"column":2}}},"7":{"name":"(anonymous_7)","decl":{"start":{"line":64,"column":8},"end":{"line":64,"column":31}},"loc":{"start":{"line":64,"column":74},"end":{"line":76,"column":2}}},"8":{"name":"(anonymous_8)","decl":{"start":{"line":78,"column":8},"end":{"line":78,"column":29}},"loc":{"start":{"line":78,"column":63},"end":{"line":86,"column":2}}},"9":{"name":"(anonymous_9)","decl":{"start":{"line":79,"column":51},"end":{"line":79,"column":52}},"loc":{"start":{"line":79,"column":57},"end":{"line":79,"column":90}}},"10":{"name":"(anonymous_10)","decl":{"start":{"line":82,"column":22},"end":{"line":82,"column":27}},"loc":{"start":{"line":82,"column":31},"end":{"line":84,"column":3}}},"11":{"name":"(anonymous_11)","decl":{"start":{"line":88,"column":8},"end":{"line":88,"column":20}},"loc":{"start":{"line":88,"column":21},"end":{"line":90,"column":2}}},"12":{"name":"(anonymous_12)","decl":{"start":{"line":92,"column":9},"end":{"line":92,"column":24}},"loc":{"start":{"line":92,"column":84},"end":{"line":99,"column":2}}},"13":{"name":"(anonymous_13)","decl":{"start":{"line":101,"column":9},"end":{"line":101,"column":31}},"loc":{"start":{"line":101,"column":84},"end":{"line":115,"column":2}}},"14":{"name":"(anonymous_14)","decl":{"start":{"line":104,"column":11},"end":{"line":104,"column":12}},"loc":{"start":{"line":104,"column":16},"end":{"line":104,"column":55}}},"15":{"name":"(anonymous_15)","decl":{"start":{"line":105,"column":8},"end":{"line":105,"column":16}},"loc":{"start":{"line":105,"column":21},"end":{"line":105,"column":66}}},"16":{"name":"(anonymous_16)","decl":{"start":{"line":107,"column":21},"end":{"line":107,"column":29}},"loc":{"start":{"line":107,"column":33},"end":{"line":113,"column":3}}},"17":{"name":"(anonymous_17)","decl":{"start":{"line":108,"column":54},"end":{"line":108,"column":57}},"loc":{"start":{"line":108,"column":61},"end":{"line":112,"column":4}}},"18":{"name":"(anonymous_18)","decl":{"start":{"line":117,"column":9},"end":{"line":117,"column":37}},"loc":{"start":{"line":117,"column":98},"end":{"line":121,"column":2}}},"19":{"name":"(anonymous_19)","decl":{"start":{"line":118,"column":34},"end":{"line":118,"column":35}},"loc":{"start":{"line":118,"column":39},"end":{"line":118,"column":62}}},"20":{"name":"(anonymous_20)","decl":{"start":{"line":119,"column":32},"end":{"line":119,"column":33}},"loc":{"start":{"line":119,"column":37},"end":{"line":119,"column":58}}},"21":{"name":"(anonymous_21)","decl":{"start":{"line":123,"column":9},"end":{"line":123,"column":24}},"loc":{"start":{"line":123,"column":66},"end":{"line":125,"column":2}}},"22":{"name":"(anonymous_22)","decl":{"start":{"line":127,"column":9},"end":{"line":127,"column":31}},"loc":{"start":{"line":127,"column":43},"end":{"line":132,"column":2}}},"23":{"name":"(anonymous_23)","decl":{"start":{"line":134,"column":9},"end":{"line":134,"column":25}},"loc":{"start":{"line":134,"column":49},"end":{"line":139,"column":2}}},"24":{"name":"(anonymous_24)","decl":{"start":{"line":141,"column":9},"end":{"line":141,"column":22}},"loc":{"start":{"line":141,"column":103},"end":{"line":146,"column":2}}},"25":{"name":"(anonymous_25)","decl":{"start":{"line":148,"column":9},"end":{"line":148,"column":30}},"loc":{"start":{"line":148,"column":95},"end":{"line":152,"column":2}}},"26":{"name":"(anonymous_26)","decl":{"start":{"line":154,"column":9},"end":{"line":154,"column":28}},"loc":{"start":{"line":154,"column":80},"end":{"line":169,"column":2}}},"27":{"name":"(anonymous_27)","decl":{"start":{"line":157,"column":18},"end":{"line":157,"column":19}},"loc":{"start":{"line":157,"column":55},"end":{"line":166,"column":3}}},"28":{"name":"(anonymous_28)","decl":{"start":{"line":159,"column":22},"end":{"line":159,"column":23}},"loc":{"start":{"line":159,"column":52},"end":{"line":164,"column":4}}},"29":{"name":"(anonymous_29)","decl":{"start":{"line":171,"column":9},"end":{"line":171,"column":30}},"loc":{"start":{"line":171,"column":31},"end":{"line":182,"column":2}}},"30":{"name":"(anonymous_30)","decl":{"start":{"line":174,"column":35},"end":{"line":174,"column":36}},"loc":{"start":{"line":174,"column":50},"end":{"line":179,"column":4}}},"31":{"name":"(anonymous_31)","decl":{"start":{"line":176,"column":31},"end":{"line":176,"column":32}},"loc":{"start":{"line":176,"column":41},"end":{"line":176,"column":104}}},"32":{"name":"(anonymous_32)","decl":{"start":{"line":184,"column":9},"end":{"line":184,"column":21}},"loc":{"start":{"line":184,"column":22},"end":{"line":186,"column":2}}},"33":{"name":"(anonymous_33)","decl":{"start":{"line":188,"column":9},"end":{"line":188,"column":35}},"loc":{"start":{"line":188,"column":36},"end":{"line":190,"column":2}}},"34":{"name":"(anonymous_34)","decl":{"start":{"line":192,"column":8},"end":{"line":192,"column":13}},"loc":{"start":{"line":192,"column":99},"end":{"line":196,"column":2}}},"35":{"name":"(anonymous_35)","decl":{"start":{"line":193,"column":71},"end":{"line":193,"column":72}},"loc":{"start":{"line":193,"column":87},"end":{"line":195,"column":3}}}},"branchMap":{"0":{"loc":{"start":{"line":50,"column":2},"end":{"line":52,"column":3}},"type":"if","locations":[{"start":{"line":50,"column":2},"end":{"line":52,"column":3}},{"start":{"line":50,"column":2},"end":{"line":52,"column":3}}]},"1":{"loc":{"start":{"line":58,"column":2},"end":{"line":60,"column":3}},"type":"if","locations":[{"start":{"line":58,"column":2},"end":{"line":60,"column":3}},{"start":{"line":58,"column":2},"end":{"line":60,"column":3}}]},"2":{"loc":{"start":{"line":58,"column":6},"end":{"line":58,"column":30}},"type":"binary-expr","locations":[{"start":{"line":58,"column":6},"end":{"line":58,"column":30}},{"start":{"line":58,"column":34},"end":{"line":58,"column":74}}]},"3":{"loc":{"start":{"line":65,"column":2},"end":{"line":67,"column":3}},"type":"if","locations":[{"start":{"line":65,"column":2},"end":{"line":67,"column":3}},{"start":{"line":65,"column":2},"end":{"line":67,"column":3}}]},"4":{"loc":{"start":{"line":65,"column":6},"end":{"line":65,"column":30}},"type":"binary-expr","locations":[{"start":{"line":65,"column":6},"end":{"line":65,"column":30}},{"start":{"line":65,"column":34},"end":{"line":65,"column":74}}]},"5":{"loc":{"start":{"line":93,"column":2},"end":{"line":98,"column":3}},"type":"if","locations":[{"start":{"line":93,"column":2},"end":{"line":98,"column":3}},{"start":{"line":93,"column":2},"end":{"line":98,"column":3}}]},"6":{"loc":{"start":{"line":109,"column":4},"end":{"line":111,"column":5}},"type":"if","locations":[{"start":{"line":109,"column":4},"end":{"line":111,"column":5}},{"start":{"line":109,"column":4},"end":{"line":111,"column":5}}]},"7":{"loc":{"start":{"line":120,"column":9},"end":{"line":120,"column":17}},"type":"binary-expr","locations":[{"start":{"line":120,"column":9},"end":{"line":120,"column":17}},{"start":{"line":120,"column":21},"end":{"line":120,"column":27}},{"start":{"line":120,"column":31},"end":{"line":120,"column":73}},{"start":{"line":120,"column":77},"end":{"line":120,"column":117}}]},"8":{"loc":{"start":{"line":135,"column":2},"end":{"line":137,"column":3}},"type":"if","locations":[{"start":{"line":135,"column":2},"end":{"line":137,"column":3}},{"start":{"line":135,"column":2},"end":{"line":137,"column":3}}]},"9":{"loc":{"start":{"line":149,"column":2},"end":{"line":151,"column":3}},"type":"if","locations":[{"start":{"line":149,"column":2},"end":{"line":151,"column":3}},{"start":{"line":149,"column":2},"end":{"line":151,"column":3}}]},"10":{"loc":{"start":{"line":161,"column":4},"end":{"line":163,"column":5}},"type":"if","locations":[{"start":{"line":161,"column":4},"end":{"line":163,"column":5}},{"start":{"line":161,"column":4},"end":{"line":163,"column":5}}]},"11":{"loc":{"start":{"line":173,"column":2},"end":{"line":180,"column":3}},"type":"if","locations":[{"start":{"line":173,"column":2},"end":{"line":180,"column":3}},{"start":{"line":173,"column":2},"end":{"line":180,"column":3}}]}},"s":{"0":200,"1":200,"2":200,"3":200,"4":200,"5":15,"6":15,"7":7,"8":22,"9":22,"10":22,"11":22,"12":3,"13":0,"14":3,"15":6,"16":2,"17":1,"18":1,"19":2,"20":1,"21":1,"22":1,"23":1,"24":2,"25":1,"26":1,"27":4,"28":1,"29":1,"30":3,"31":1,"32":6,"33":22,"34":17,"35":5,"36":5,"37":5,"38":5,"39":5,"40":5,"41":5,"42":5,"43":5,"44":15,"45":10,"46":5,"47":15,"48":65,"49":15,"50":60,"51":15,"52":20,"53":10,"54":20,"55":20,"56":20,"57":15,"58":20,"59":20,"60":20,"61":20,"62":20,"63":40,"64":35,"65":5,"66":5,"67":15,"68":15,"69":35,"70":35,"71":20,"72":15,"73":5,"74":24,"75":24,"76":16,"77":17,"78":24,"79":17,"80":24,"81":22,"82":22,"83":12,"84":17,"85":87},"f":{"0":200,"1":15,"2":7,"3":22,"4":3,"5":6,"6":2,"7":2,"8":1,"9":4,"10":3,"11":6,"12":22,"13":5,"14":5,"15":5,"16":5,"17":15,"18":15,"19":65,"20":60,"21":20,"22":10,"23":20,"24":20,"25":40,"26":5,"27":15,"28":35,"29":24,"30":17,"31":24,"32":22,"33":22,"34":12,"35":17},"b":{"0":[0,3],"1":[1,1],"2":[2,2],"3":[1,1],"4":[2,2],"5":[17,5],"6":[10,5],"7":[15,10,10,10],"8":[15,5],"9":[35,5],"10":[20,15],"11":[16,8]}}
,"/home/travis/build/MaibornWolff/codecharta/visualization/app/codeCharta/state/fileState.service.ts": {"path":"/home/travis/build/MaibornWolff/codecharta/visualization/app/codeCharta/state/fileState.service.ts","statementMap":{"0":{"start":{"line":17,"column":21},"end":{"line":17,"column":50}},"1":{"start":{"line":17,"column":60},"end":{"line":17,"column":102}},"2":{"start":{"line":14,"column":9},"end":{"line":14,"column":42}},"3":{"start":{"line":20,"column":2},"end":{"line":20,"column":22}},"4":{"start":{"line":24,"column":2},"end":{"line":24,"column":75}},"5":{"start":{"line":28,"column":2},"end":{"line":28,"column":41}},"6":{"start":{"line":28,"column":34},"end":{"line":28,"column":40}},"7":{"start":{"line":32,"column":2},"end":{"line":32,"column":24}},"8":{"start":{"line":36,"column":29},"end":{"line":36,"column":89}},"9":{"start":{"line":37,"column":2},"end":{"line":37,"column":28}},"10":{"start":{"line":41,"column":2},"end":{"line":41,"column":29}},"11":{"start":{"line":42,"column":22},"end":{"line":42,"column":64}},"12":{"start":{"line":42,"column":48},"end":{"line":42,"column":63}},"13":{"start":{"line":43,"column":2},"end":{"line":45,"column":3}},"14":{"start":{"line":44,"column":3},"end":{"line":44,"column":53}},"15":{"start":{"line":46,"column":2},"end":{"line":46,"column":30}},"16":{"start":{"line":50,"column":32},"end":{"line":50,"column":101}},"17":{"start":{"line":51,"column":33},"end":{"line":51,"column":103}},"18":{"start":{"line":52,"column":2},"end":{"line":52,"column":46}},"19":{"start":{"line":56,"column":2},"end":{"line":56,"column":29}},"20":{"start":{"line":57,"column":31},"end":{"line":57,"column":78}},"21":{"start":{"line":57,"column":57},"end":{"line":57,"column":77}},"22":{"start":{"line":58,"column":32},"end":{"line":58,"column":80}},"23":{"start":{"line":58,"column":58},"end":{"line":58,"column":79}},"24":{"start":{"line":60,"column":2},"end":{"line":62,"column":3}},"25":{"start":{"line":61,"column":3},"end":{"line":61,"column":65}},"26":{"start":{"line":64,"column":2},"end":{"line":66,"column":3}},"27":{"start":{"line":65,"column":3},"end":{"line":65,"column":67}},"28":{"start":{"line":67,"column":2},"end":{"line":67,"column":30}},"29":{"start":{"line":71,"column":33},"end":{"line":71,"column":35}},"30":{"start":{"line":72,"column":2},"end":{"line":72,"column":119}},"31":{"start":{"line":72,"column":39},"end":{"line":72,"column":118}},"32":{"start":{"line":73,"column":2},"end":{"line":73,"column":32}},"33":{"start":{"line":77,"column":2},"end":{"line":77,"column":29}},"34":{"start":{"line":78,"column":2},"end":{"line":78,"column":125}},"35":{"start":{"line":78,"column":30},"end":{"line":78,"column":66}},"36":{"start":{"line":78,"column":82},"end":{"line":78,"column":123}},"37":{"start":{"line":79,"column":2},"end":{"line":79,"column":30}},"38":{"start":{"line":83,"column":2},"end":{"line":83,"column":35}},"39":{"start":{"line":87,"column":2},"end":{"line":87,"column":54}},"40":{"start":{"line":91,"column":2},"end":{"line":91,"column":78}},"41":{"start":{"line":91,"column":35},"end":{"line":91,"column":76}},"42":{"start":{"line":95,"column":2},"end":{"line":95,"column":54}},"43":{"start":{"line":96,"column":2},"end":{"line":96,"column":88}},"44":{"start":{"line":100,"column":2},"end":{"line":102,"column":4}},"45":{"start":{"line":101,"column":3},"end":{"line":101,"column":39}},"46":{"start":{"line":12,"column":16},"end":{"line":12,"column":64}}},"fnMap":{"0":{"name":"(anonymous_0)","decl":{"start":{"line":17,"column":1},"end":{"line":17,"column":20}},"loc":{"start":{"line":17,"column":102},"end":{"line":17,"column":106}}},"1":{"name":"(anonymous_1)","decl":{"start":{"line":19,"column":8},"end":{"line":19,"column":16}},"loc":{"start":{"line":19,"column":17},"end":{"line":21,"column":2}}},"2":{"name":"(anonymous_2)","decl":{"start":{"line":23,"column":8},"end":{"line":23,"column":14}},"loc":{"start":{"line":23,"column":28},"end":{"line":25,"column":2}}},"3":{"name":"(anonymous_3)","decl":{"start":{"line":27,"column":8},"end":{"line":27,"column":17}},"loc":{"start":{"line":27,"column":18},"end":{"line":29,"column":2}}},"4":{"name":"(anonymous_4)","decl":{"start":{"line":28,"column":29},"end":{"line":28,"column":30}},"loc":{"start":{"line":28,"column":34},"end":{"line":28,"column":40}}},"5":{"name":"(anonymous_5)","decl":{"start":{"line":31,"column":8},"end":{"line":31,"column":20}},"loc":{"start":{"line":31,"column":21},"end":{"line":33,"column":2}}},"6":{"name":"(anonymous_6)","decl":{"start":{"line":35,"column":8},"end":{"line":35,"column":22}},"loc":{"start":{"line":35,"column":40},"end":{"line":38,"column":2}}},"7":{"name":"(anonymous_7)","decl":{"start":{"line":40,"column":8},"end":{"line":40,"column":16}},"loc":{"start":{"line":40,"column":30},"end":{"line":47,"column":2}}},"8":{"name":"(anonymous_8)","decl":{"start":{"line":42,"column":43},"end":{"line":42,"column":44}},"loc":{"start":{"line":42,"column":48},"end":{"line":42,"column":63}}},"9":{"name":"(anonymous_9)","decl":{"start":{"line":49,"column":8},"end":{"line":49,"column":22}},"loc":{"start":{"line":49,"column":77},"end":{"line":53,"column":2}}},"10":{"name":"(anonymous_10)","decl":{"start":{"line":55,"column":8},"end":{"line":55,"column":15}},"loc":{"start":{"line":55,"column":54},"end":{"line":68,"column":2}}},"11":{"name":"(anonymous_11)","decl":{"start":{"line":57,"column":52},"end":{"line":57,"column":53}},"loc":{"start":{"line":57,"column":57},"end":{"line":57,"column":77}}},"12":{"name":"(anonymous_12)","decl":{"start":{"line":58,"column":53},"end":{"line":58,"column":54}},"loc":{"start":{"line":58,"column":58},"end":{"line":58,"column":79}}},"13":{"name":"(anonymous_13)","decl":{"start":{"line":70,"column":8},"end":{"line":70,"column":25}},"loc":{"start":{"line":70,"column":53},"end":{"line":74,"column":2}}},"14":{"name":"(anonymous_14)","decl":{"start":{"line":72,"column":27},"end":{"line":72,"column":34}},"loc":{"start":{"line":72,"column":39},"end":{"line":72,"column":118}}},"15":{"name":"(anonymous_15)","decl":{"start":{"line":76,"column":8},"end":{"line":76,"column":18}},"loc":{"start":{"line":76,"column":43},"end":{"line":80,"column":2}}},"16":{"name":"(anonymous_16)","decl":{"start":{"line":78,"column":25},"end":{"line":78,"column":26}},"loc":{"start":{"line":78,"column":30},"end":{"line":78,"column":66}}},"17":{"name":"(anonymous_17)","decl":{"start":{"line":78,"column":76},"end":{"line":78,"column":77}},"loc":{"start":{"line":78,"column":82},"end":{"line":78,"column":123}}},"18":{"name":"(anonymous_18)","decl":{"start":{"line":82,"column":8},"end":{"line":82,"column":26}},"loc":{"start":{"line":82,"column":27},"end":{"line":84,"column":2}}},"19":{"name":"(anonymous_19)","decl":{"start":{"line":86,"column":8},"end":{"line":86,"column":19}},"loc":{"start":{"line":86,"column":20},"end":{"line":88,"column":2}}},"20":{"name":"(anonymous_20)","decl":{"start":{"line":90,"column":9},"end":{"line":90,"column":28}},"loc":{"start":{"line":90,"column":29},"end":{"line":92,"column":2}}},"21":{"name":"(anonymous_21)","decl":{"start":{"line":91,"column":26},"end":{"line":91,"column":29}},"loc":{"start":{"line":91,"column":35},"end":{"line":91,"column":76}}},"22":{"name":"(anonymous_22)","decl":{"start":{"line":94,"column":9},"end":{"line":94,"column":29}},"loc":{"start":{"line":94,"column":30},"end":{"line":97,"column":2}}},"23":{"name":"(anonymous_23)","decl":{"start":{"line":99,"column":8},"end":{"line":99,"column":13}},"loc":{"start":{"line":99,"column":87},"end":{"line":103,"column":2}}},"24":{"name":"(anonymous_24)","decl":{"start":{"line":100,"column":60},"end":{"line":100,"column":61}},"loc":{"start":{"line":100,"column":76},"end":{"line":102,"column":3}}}},"branchMap":{"0":{"loc":{"start":{"line":43,"column":2},"end":{"line":45,"column":3}},"type":"if","locations":[{"start":{"line":43,"column":2},"end":{"line":45,"column":3}},{"start":{"line":43,"column":2},"end":{"line":45,"column":3}}]},"1":{"loc":{"start":{"line":60,"column":2},"end":{"line":62,"column":3}},"type":"if","locations":[{"start":{"line":60,"column":2},"end":{"line":62,"column":3}},{"start":{"line":60,"column":2},"end":{"line":62,"column":3}}]},"2":{"loc":{"start":{"line":64,"column":2},"end":{"line":66,"column":3}},"type":"if","locations":[{"start":{"line":64,"column":2},"end":{"line":66,"column":3}},{"start":{"line":64,"column":2},"end":{"line":66,"column":3}}]}},"s":{"0":341,"1":341,"2":341,"3":2,"4":5,"5":9,"6":2,"7":58,"8":1,"9":1,"10":7,"11":7,"12":3,"13":7,"14":2,"15":7,"16":1,"17":1,"18":1,"19":5,"20":5,"21":6,"22":5,"23":7,"24":5,"25":3,"26":5,"27":3,"28":5,"29":1,"30":1,"31":2,"32":1,"33":4,"34":4,"35":6,"36":3,"37":4,"38":795,"39":9,"40":16,"41":19,"42":16,"43":16,"44":1075,"45":12,"46":87},"f":{"0":341,"1":2,"2":5,"3":9,"4":2,"5":58,"6":1,"7":7,"8":3,"9":1,"10":5,"11":6,"12":7,"13":1,"14":2,"15":4,"16":6,"17":3,"18":795,"19":9,"20":16,"21":19,"22":16,"23":1075,"24":12},"b":{"0":[2,5],"1":[3,2],"2":[3,2]}}
,"/home/travis/build/MaibornWolff/codecharta/visualization/app/codeCharta/state/injector.service.ts": {"path":"/home/travis/build/MaibornWolff/codecharta/visualization/app/codeCharta/state/injector.service.ts","statementMap":{"0":{"start":{"line":41,"column":10},"end":{"line":41,"column":40}},"1":{"start":{"line":42,"column":10},"end":{"line":42,"column":44}},"2":{"start":{"line":43,"column":10},"end":{"line":43,"column":82}},"3":{"start":{"line":44,"column":10},"end":{"line":44,"column":78}},"4":{"start":{"line":45,"column":10},"end":{"line":45,"column":64}},"5":{"start":{"line":46,"column":10},"end":{"line":46,"column":60}},"6":{"start":{"line":47,"column":10},"end":{"line":47,"column":52}},"7":{"start":{"line":48,"column":10},"end":{"line":48,"column":50}},"8":{"start":{"line":49,"column":10},"end":{"line":49,"column":60}},"9":{"start":{"line":50,"column":10},"end":{"line":50,"column":58}},"10":{"start":{"line":51,"column":10},"end":{"line":51,"column":60}},"11":{"start":{"line":52,"column":10},"end":{"line":52,"column":38}},"12":{"start":{"line":53,"column":10},"end":{"line":53,"column":40}},"13":{"start":{"line":54,"column":10},"end":{"line":54,"column":46}},"14":{"start":{"line":55,"column":10},"end":{"line":55,"column":66}},"15":{"start":{"line":56,"column":10},"end":{"line":56,"column":60}},"16":{"start":{"line":57,"column":10},"end":{"line":57,"column":54}},"17":{"start":{"line":58,"column":10},"end":{"line":58,"column":36}},"18":{"start":{"line":59,"column":10},"end":{"line":59,"column":54}},"19":{"start":{"line":60,"column":10},"end":{"line":60,"column":46}},"20":{"start":{"line":61,"column":10},"end":{"line":61,"column":46}},"21":{"start":{"line":62,"column":10},"end":{"line":62,"column":38}},"22":{"start":{"line":63,"column":10},"end":{"line":63,"column":52}},"23":{"start":{"line":64,"column":10},"end":{"line":64,"column":60}},"24":{"start":{"line":65,"column":10},"end":{"line":65,"column":56}},"25":{"start":{"line":66,"column":10},"end":{"line":66,"column":50}},"26":{"start":{"line":67,"column":10},"end":{"line":67,"column":62}},"27":{"start":{"line":68,"column":10},"end":{"line":68,"column":48}},"28":{"start":{"line":69,"column":10},"end":{"line":69,"column":46}},"29":{"start":{"line":70,"column":10},"end":{"line":70,"column":44}},"30":{"start":{"line":71,"column":10},"end":{"line":71,"column":46}},"31":{"start":{"line":72,"column":10},"end":{"line":72,"column":62}}},"fnMap":{"0":{"name":"(anonymous_0)","decl":{"start":{"line":37,"column":1},"end":{"line":41,"column":9}},"loc":{"start":{"line":72,"column":62},"end":{"line":73,"column":5}}}},"branchMap":{},"s":{"0":8,"1":8,"2":8,"3":8,"4":8,"5":8,"6":8,"7":8,"8":8,"9":8,"10":8,"11":8,"12":8,"13":8,"14":8,"15":8,"16":8,"17":8,"18":8,"19":8,"20":8,"21":8,"22":8,"23":8,"24":8,"25":8,"26":8,"27":8,"28":8,"29":8,"30":8,"31":8},"f":{"0":8},"b":{}}
,"/home/travis/build/MaibornWolff/codecharta/visualization/app/codeCharta/state/loadingStatus.service.ts": {"path":"/home/travis/build/MaibornWolff/codecharta/visualization/app/codeCharta/state/loadingStatus.service.ts","statementMap":{"0":{"start":{"line":16,"column":21},"end":{"line":16,"column":50}},"1":{"start":{"line":13,"column":9},"end":{"line":13,"column":38}},"2":{"start":{"line":14,"column":9},"end":{"line":14,"column":37}},"3":{"start":{"line":19,"column":2},"end":{"line":19,"column":36}},"4":{"start":{"line":20,"column":2},"end":{"line":20,"column":36}},"5":{"start":{"line":24,"column":2},"end":{"line":27,"column":3}},"6":{"start":{"line":25,"column":3},"end":{"line":25,"column":35}},"7":{"start":{"line":26,"column":3},"end":{"line":26,"column":36}},"8":{"start":{"line":31,"column":2},"end":{"line":31,"column":27}},"9":{"start":{"line":35,"column":2},"end":{"line":35,"column":26}},"10":{"start":{"line":39,"column":2},"end":{"line":39,"column":96}},"11":{"start":{"line":43,"column":2},"end":{"line":43,"column":94}},"12":{"start":{"line":47,"column":2},"end":{"line":49,"column":4}},"13":{"start":{"line":48,"column":3},"end":{"line":48,"column":46}},"14":{"start":{"line":50,"column":2},"end":{"line":52,"column":4}},"15":{"start":{"line":51,"column":3},"end":{"line":51,"column":45}},"16":{"start":{"line":10,"column":24},"end":{"line":10,"column":81}},"17":{"start":{"line":11,"column":24},"end":{"line":11,"column":79}}},"fnMap":{"0":{"name":"(anonymous_0)","decl":{"start":{"line":16,"column":1},"end":{"line":16,"column":20}},"loc":{"start":{"line":16,"column":50},"end":{"line":16,"column":54}}},"1":{"name":"(anonymous_1)","decl":{"start":{"line":18,"column":8},"end":{"line":18,"column":28}},"loc":{"start":{"line":18,"column":52},"end":{"line":21,"column":2}}},"2":{"name":"(anonymous_2)","decl":{"start":{"line":23,"column":8},"end":{"line":23,"column":27}},"loc":{"start":{"line":23,"column":50},"end":{"line":28,"column":2}}},"3":{"name":"(anonymous_3)","decl":{"start":{"line":30,"column":8},"end":{"line":30,"column":23}},"loc":{"start":{"line":30,"column":24},"end":{"line":32,"column":2}}},"4":{"name":"(anonymous_4)","decl":{"start":{"line":34,"column":8},"end":{"line":34,"column":22}},"loc":{"start":{"line":34,"column":23},"end":{"line":36,"column":2}}},"5":{"name":"(anonymous_5)","decl":{"start":{"line":38,"column":9},"end":{"line":38,"column":35}},"loc":{"start":{"line":38,"column":36},"end":{"line":40,"column":2}}},"6":{"name":"(anonymous_6)","decl":{"start":{"line":42,"column":9},"end":{"line":42,"column":34}},"loc":{"start":{"line":42,"column":35},"end":{"line":44,"column":2}}},"7":{"name":"(anonymous_7)","decl":{"start":{"line":46,"column":8},"end":{"line":46,"column":13}},"loc":{"start":{"line":46,"column":98},"end":{"line":53,"column":2}}},"8":{"name":"(anonymous_8)","decl":{"start":{"line":47,"column":65},"end":{"line":47,"column":66}},"loc":{"start":{"line":47,"column":81},"end":{"line":49,"column":3}}},"9":{"name":"(anonymous_9)","decl":{"start":{"line":50,"column":64},"end":{"line":50,"column":65}},"loc":{"start":{"line":50,"column":80},"end":{"line":52,"column":3}}}},"branchMap":{"0":{"loc":{"start":{"line":24,"column":2},"end":{"line":27,"column":3}},"type":"if","locations":[{"start":{"line":24,"column":2},"end":{"line":27,"column":3}},{"start":{"line":24,"column":2},"end":{"line":27,"column":3}}]}},"s":{"0":712,"1":712,"2":712,"3":11,"4":11,"5":314,"6":2,"7":2,"8":4,"9":3,"10":11,"11":2,"12":4,"13":0,"14":4,"15":0,"16":88,"17":88},"f":{"0":712,"1":11,"2":314,"3":4,"4":3,"5":11,"6":2,"7":4,"8":0,"9":0},"b":{"0":[2,312]}}
,"/home/travis/build/MaibornWolff/codecharta/visualization/app/codeCharta/state/metric.service.ts": {"path":"/home/travis/build/MaibornWolff/codecharta/visualization/app/codeCharta/state/metric.service.ts","statementMap":{"0":{"start":{"line":36,"column":21},"end":{"line":36,"column":50}},"1":{"start":{"line":36,"column":60},"end":{"line":36,"column":94}},"2":{"start":{"line":36,"column":104},"end":{"line":36,"column":130}},"3":{"start":{"line":34,"column":9},"end":{"line":34,"column":38}},"4":{"start":{"line":37,"column":2},"end":{"line":37,"column":51}},"5":{"start":{"line":38,"column":2},"end":{"line":38,"column":51}},"6":{"start":{"line":42,"column":2},"end":{"line":42,"column":25}},"7":{"start":{"line":46,"column":2},"end":{"line":46,"column":25}},"8":{"start":{"line":50,"column":2},"end":{"line":50,"column":41}},"9":{"start":{"line":50,"column":34},"end":{"line":50,"column":40}},"10":{"start":{"line":54,"column":2},"end":{"line":54,"column":24}},"11":{"start":{"line":58,"column":2},"end":{"line":58,"column":84}},"12":{"start":{"line":58,"column":35},"end":{"line":58,"column":83}},"13":{"start":{"line":62,"column":29},"end":{"line":62,"column":76}},"14":{"start":{"line":62,"column":55},"end":{"line":62,"column":75}},"15":{"start":{"line":63,"column":2},"end":{"line":63,"column":45}},"16":{"start":{"line":67,"column":24},"end":{"line":69,"column":4}},"17":{"start":{"line":68,"column":3},"end":{"line":68,"column":37}},"18":{"start":{"line":71,"column":2},"end":{"line":73,"column":3}},"19":{"start":{"line":72,"column":3},"end":{"line":72,"column":35}},"20":{"start":{"line":74,"column":2},"end":{"line":74,"column":13}},"21":{"start":{"line":78,"column":34},"end":{"line":78,"column":71}},"22":{"start":{"line":79,"column":2},"end":{"line":79,"column":103}},"23":{"start":{"line":80,"column":2},"end":{"line":80,"column":23}},"24":{"start":{"line":81,"column":2},"end":{"line":81,"column":30}},"25":{"start":{"line":85,"column":31},"end":{"line":85,"column":56}},"26":{"start":{"line":87,"column":2},"end":{"line":93,"column":4}},"27":{"start":{"line":88,"column":3},"end":{"line":92,"column":5}},"28":{"start":{"line":89,"column":4},"end":{"line":91,"column":5}},"29":{"start":{"line":90,"column":5},"end":{"line":90,"column":45}},"30":{"start":{"line":95,"column":2},"end":{"line":95,"column":29}},"31":{"start":{"line":99,"column":2},"end":{"line":106,"column":3}},"32":{"start":{"line":100,"column":3},"end":{"line":100,"column":12}},"33":{"start":{"line":103,"column":34},"end":{"line":103,"column":78}},"34":{"start":{"line":104,"column":19},"end":{"line":104,"column":83}},"35":{"start":{"line":105,"column":3},"end":{"line":105,"column":48}},"36":{"start":{"line":110,"column":51},"end":{"line":110,"column":60}},"37":{"start":{"line":112,"column":2},"end":{"line":122,"column":4}},"38":{"start":{"line":113,"column":45},"end":{"line":113,"column":83}},"39":{"start":{"line":114,"column":3},"end":{"line":121,"column":5}},"40":{"start":{"line":115,"column":4},"end":{"line":120,"column":5}},"41":{"start":{"line":119,"column":5},"end":{"line":119,"column":76}},"42":{"start":{"line":123,"column":2},"end":{"line":123,"column":16}},"43":{"start":{"line":131,"column":31},"end":{"line":131,"column":64}},"44":{"start":{"line":133,"column":2},"end":{"line":140,"column":4}},"45":{"start":{"line":134,"column":3},"end":{"line":139,"column":4}},"46":{"start":{"line":135,"column":4},"end":{"line":138,"column":6}},"47":{"start":{"line":144,"column":21},"end":{"line":144,"column":23}},"48":{"start":{"line":146,"column":2},"end":{"line":152,"column":4}},"49":{"start":{"line":147,"column":3},"end":{"line":151,"column":5}},"50":{"start":{"line":153,"column":2},"end":{"line":153,"column":45}},"51":{"start":{"line":157,"column":2},"end":{"line":157,"column":75}},"52":{"start":{"line":157,"column":53},"end":{"line":157,"column":74}},"53":{"start":{"line":161,"column":2},"end":{"line":175,"column":3}},"54":{"start":{"line":162,"column":3},"end":{"line":162,"column":12}},"55":{"start":{"line":164,"column":46},"end":{"line":164,"column":48}},"56":{"start":{"line":165,"column":3},"end":{"line":167,"column":5}},"57":{"start":{"line":166,"column":4},"end":{"line":166,"column":79}},"58":{"start":{"line":168,"column":35},"end":{"line":170,"column":5}},"59":{"start":{"line":169,"column":4},"end":{"line":169,"column":66}},"60":{"start":{"line":171,"column":30},"end":{"line":173,"column":5}},"61":{"start":{"line":172,"column":4},"end":{"line":172,"column":67}},"62":{"start":{"line":172,"column":42},"end":{"line":172,"column":65}},"63":{"start":{"line":174,"column":3},"end":{"line":174,"column":27}},"64":{"start":{"line":179,"column":2},"end":{"line":179,"column":84}},"65":{"start":{"line":179,"column":36},"end":{"line":179,"column":82}},"66":{"start":{"line":183,"column":2},"end":{"line":189,"column":3}},"67":{"start":{"line":183,"column":33},"end":{"line":183,"column":51}},"68":{"start":{"line":184,"column":3},"end":{"line":188,"column":5}},"69":{"start":{"line":193,"column":2},"end":{"line":193,"column":84}},"70":{"start":{"line":197,"column":2},"end":{"line":199,"column":4}},"71":{"start":{"line":198,"column":3},"end":{"line":198,"column":37}},"72":{"start":{"line":31,"column":16},"end":{"line":31,"column":61}}},"fnMap":{"0":{"name":"(anonymous_0)","decl":{"start":{"line":36,"column":1},"end":{"line":36,"column":20}},"loc":{"start":{"line":36,"column":130},"end":{"line":39,"column":2}}},"1":{"name":"(anonymous_1)","decl":{"start":{"line":41,"column":8},"end":{"line":41,"column":26}},"loc":{"start":{"line":41,"column":51},"end":{"line":43,"column":2}}},"2":{"name":"(anonymous_2)","decl":{"start":{"line":45,"column":8},"end":{"line":45,"column":25}},"loc":{"start":{"line":45,"column":53},"end":{"line":47,"column":2}}},"3":{"name":"(anonymous_3)","decl":{"start":{"line":49,"column":8},"end":{"line":49,"column":17}},"loc":{"start":{"line":49,"column":18},"end":{"line":51,"column":2}}},"4":{"name":"(anonymous_4)","decl":{"start":{"line":50,"column":29},"end":{"line":50,"column":30}},"loc":{"start":{"line":50,"column":34},"end":{"line":50,"column":40}}},"5":{"name":"(anonymous_5)","decl":{"start":{"line":53,"column":8},"end":{"line":53,"column":20}},"loc":{"start":{"line":53,"column":21},"end":{"line":55,"column":2}}},"6":{"name":"(anonymous_6)","decl":{"start":{"line":57,"column":8},"end":{"line":57,"column":24}},"loc":{"start":{"line":57,"column":44},"end":{"line":59,"column":2}}},"7":{"name":"(anonymous_7)","decl":{"start":{"line":58,"column":30},"end":{"line":58,"column":31}},"loc":{"start":{"line":58,"column":35},"end":{"line":58,"column":83}}},"8":{"name":"(anonymous_8)","decl":{"start":{"line":61,"column":8},"end":{"line":61,"column":31}},"loc":{"start":{"line":61,"column":51},"end":{"line":64,"column":2}}},"9":{"name":"(anonymous_9)","decl":{"start":{"line":62,"column":50},"end":{"line":62,"column":51}},"loc":{"start":{"line":62,"column":55},"end":{"line":62,"column":75}}},"10":{"name":"(anonymous_10)","decl":{"start":{"line":66,"column":8},"end":{"line":66,"column":31}},"loc":{"start":{"line":66,"column":65},"end":{"line":75,"column":2}}},"11":{"name":"(anonymous_11)","decl":{"start":{"line":67,"column":93},"end":{"line":67,"column":94}},"loc":{"start":{"line":67,"column":97},"end":{"line":69,"column":3}}},"12":{"name":"(anonymous_12)","decl":{"start":{"line":77,"column":9},"end":{"line":77,"column":24}},"loc":{"start":{"line":77,"column":25},"end":{"line":82,"column":2}}},"13":{"name":"(anonymous_13)","decl":{"start":{"line":84,"column":9},"end":{"line":84,"column":31}},"loc":{"start":{"line":84,"column":63},"end":{"line":96,"column":2}}},"14":{"name":"(anonymous_14)","decl":{"start":{"line":87,"column":31},"end":{"line":87,"column":43}},"loc":{"start":{"line":87,"column":47},"end":{"line":93,"column":3}}},"15":{"name":"(anonymous_15)","decl":{"start":{"line":88,"column":32},"end":{"line":88,"column":44}},"loc":{"start":{"line":88,"column":48},"end":{"line":92,"column":4}}},"16":{"name":"(anonymous_16)","decl":{"start":{"line":98,"column":9},"end":{"line":98,"column":24}},"loc":{"start":{"line":98,"column":81},"end":{"line":107,"column":2}}},"17":{"name":"(anonymous_17)","decl":{"start":{"line":109,"column":9},"end":{"line":109,"column":31}},"loc":{"start":{"line":109,"column":80},"end":{"line":124,"column":2}}},"18":{"name":"(anonymous_18)","decl":{"start":{"line":112,"column":21},"end":{"line":112,"column":22}},"loc":{"start":{"line":112,"column":46},"end":{"line":122,"column":3}}},"19":{"name":"(anonymous_19)","decl":{"start":{"line":114,"column":17},"end":{"line":114,"column":18}},"loc":{"start":{"line":114,"column":54},"end":{"line":121,"column":4}}},"20":{"name":"(anonymous_20)","decl":{"start":{"line":126,"column":9},"end":{"line":126,"column":35}},"loc":{"start":{"line":129,"column":24},"end":{"line":141,"column":2}}},"21":{"name":"(anonymous_21)","decl":{"start":{"line":133,"column":21},"end":{"line":133,"column":22}},"loc":{"start":{"line":133,"column":40},"end":{"line":140,"column":3}}},"22":{"name":"(anonymous_22)","decl":{"start":{"line":143,"column":9},"end":{"line":143,"column":32}},"loc":{"start":{"line":143,"column":74},"end":{"line":154,"column":2}}},"23":{"name":"(anonymous_23)","decl":{"start":{"line":146,"column":18},"end":{"line":146,"column":19}},"loc":{"start":{"line":146,"column":61},"end":{"line":152,"column":3}}},"24":{"name":"(anonymous_24)","decl":{"start":{"line":156,"column":9},"end":{"line":156,"column":32}},"loc":{"start":{"line":156,"column":82},"end":{"line":158,"column":2}}},"25":{"name":"(anonymous_25)","decl":{"start":{"line":157,"column":39},"end":{"line":157,"column":48}},"loc":{"start":{"line":157,"column":53},"end":{"line":157,"column":74}}},"26":{"name":"(anonymous_26)","decl":{"start":{"line":160,"column":9},"end":{"line":160,"column":28}},"loc":{"start":{"line":160,"column":53},"end":{"line":176,"column":2}}},"27":{"name":"(anonymous_27)","decl":{"start":{"line":165,"column":22},"end":{"line":165,"column":23}},"loc":{"start":{"line":165,"column":47},"end":{"line":167,"column":4}}},"28":{"name":"(anonymous_28)","decl":{"start":{"line":168,"column":46},"end":{"line":168,"column":47}},"loc":{"start":{"line":168,"column":80},"end":{"line":170,"column":4}}},"29":{"name":"(anonymous_29)","decl":{"start":{"line":171,"column":51},"end":{"line":171,"column":52}},"loc":{"start":{"line":171,"column":87},"end":{"line":173,"column":4}}},"30":{"name":"(anonymous_30)","decl":{"start":{"line":172,"column":36},"end":{"line":172,"column":37}},"loc":{"start":{"line":172,"column":42},"end":{"line":172,"column":65}}},"31":{"name":"(anonymous_31)","decl":{"start":{"line":178,"column":9},"end":{"line":178,"column":27}},"loc":{"start":{"line":178,"column":53},"end":{"line":180,"column":2}}},"32":{"name":"(anonymous_32)","decl":{"start":{"line":179,"column":25},"end":{"line":179,"column":26}},"loc":{"start":{"line":179,"column":36},"end":{"line":179,"column":82}}},"33":{"name":"(anonymous_33)","decl":{"start":{"line":182,"column":9},"end":{"line":182,"column":22}},"loc":{"start":{"line":182,"column":23},"end":{"line":190,"column":2}}},"34":{"name":"(anonymous_34)","decl":{"start":{"line":183,"column":28},"end":{"line":183,"column":29}},"loc":{"start":{"line":183,"column":33},"end":{"line":183,"column":51}}},"35":{"name":"(anonymous_35)","decl":{"start":{"line":192,"column":9},"end":{"line":192,"column":29}},"loc":{"start":{"line":192,"column":30},"end":{"line":194,"column":2}}},"36":{"name":"(anonymous_36)","decl":{"start":{"line":196,"column":8},"end":{"line":196,"column":13}},"loc":{"start":{"line":196,"column":91},"end":{"line":200,"column":2}}},"37":{"name":"(anonymous_37)","decl":{"start":{"line":197,"column":56},"end":{"line":197,"column":57}},"loc":{"start":{"line":197,"column":72},"end":{"line":199,"column":3}}}},"branchMap":{"0":{"loc":{"start":{"line":58,"column":35},"end":{"line":58,"column":55}},"type":"binary-expr","locations":[{"start":{"line":58,"column":35},"end":{"line":58,"column":55}},{"start":{"line":58,"column":59},"end":{"line":58,"column":83}}]},"1":{"loc":{"start":{"line":63,"column":18},"end":{"line":63,"column":33}},"type":"cond-expr","locations":[{"start":{"line":63,"column":18},"end":{"line":63,"column":33}},{"start":{"line":63,"column":36},"end":{"line":63,"column":45}}]},"2":{"loc":{"start":{"line":71,"column":2},"end":{"line":73,"column":3}},"type":"if","locations":[{"start":{"line":71,"column":2},"end":{"line":73,"column":3}},{"start":{"line":71,"column":2},"end":{"line":73,"column":3}}]},"3":{"loc":{"start":{"line":89,"column":4},"end":{"line":91,"column":5}},"type":"if","locations":[{"start":{"line":89,"column":4},"end":{"line":91,"column":5}},{"start":{"line":89,"column":4},"end":{"line":91,"column":5}}]},"4":{"loc":{"start":{"line":99,"column":2},"end":{"line":106,"column":3}},"type":"if","locations":[{"start":{"line":99,"column":2},"end":{"line":106,"column":3}},{"start":{"line":99,"column":2},"end":{"line":106,"column":3}}]},"5":{"loc":{"start":{"line":115,"column":4},"end":{"line":120,"column":5}},"type":"if","locations":[{"start":{"line":115,"column":4},"end":{"line":120,"column":5}},{"start":{"line":115,"column":4},"end":{"line":120,"column":5}}]},"6":{"loc":{"start":{"line":116,"column":5},"end":{"line":116,"column":19}},"type":"binary-expr","locations":[{"start":{"line":116,"column":5},"end":{"line":116,"column":19}},{"start":{"line":117,"column":5},"end":{"line":117,"column":120}}]},"7":{"loc":{"start":{"line":134,"column":3},"end":{"line":139,"column":4}},"type":"if","locations":[{"start":{"line":134,"column":3},"end":{"line":139,"column":4}},{"start":{"line":134,"column":3},"end":{"line":139,"column":4}}]},"8":{"loc":{"start":{"line":134,"column":7},"end":{"line":134,"column":27}},"type":"binary-expr","locations":[{"start":{"line":134,"column":7},"end":{"line":134,"column":27}},{"start":{"line":134,"column":31},"end":{"line":134,"column":91}}]},"9":{"loc":{"start":{"line":161,"column":2},"end":{"line":175,"column":3}},"type":"if","locations":[{"start":{"line":161,"column":2},"end":{"line":175,"column":3}},{"start":{"line":161,"column":2},"end":{"line":175,"column":3}}]},"10":{"loc":{"start":{"line":169,"column":31},"end":{"line":169,"column":61}},"type":"cond-expr","locations":[{"start":{"line":169,"column":31},"end":{"line":169,"column":61}},{"start":{"line":169,"column":64},"end":{"line":169,"column":66}}]},"11":{"loc":{"start":{"line":179,"column":54},"end":{"line":179,"column":55}},"type":"cond-expr","locations":[{"start":{"line":179,"column":54},"end":{"line":179,"column":55}},{"start":{"line":179,"column":58},"end":{"line":179,"column":82}}]},"12":{"loc":{"start":{"line":179,"column":76},"end":{"line":179,"column":78}},"type":"cond-expr","locations":[{"start":{"line":179,"column":76},"end":{"line":179,"column":78}},{"start":{"line":179,"column":81},"end":{"line":179,"column":82}}]},"13":{"loc":{"start":{"line":183,"column":2},"end":{"line":189,"column":3}},"type":"if","locations":[{"start":{"line":183,"column":2},"end":{"line":189,"column":3}},{"start":{"line":183,"column":2},"end":{"line":189,"column":3}}]}},"s":{"0":217,"1":217,"2":217,"3":217,"4":217,"5":217,"6":3,"7":19,"8":2,"9":3,"10":2,"11":0,"12":0,"13":48,"14":25,"15":48,"16":6,"17":11,"18":6,"19":5,"20":1,"21":22,"22":22,"23":22,"24":22,"25":6,"26":6,"27":15,"28":0,"29":0,"30":6,"31":20,"32":18,"33":2,"34":2,"35":2,"36":2,"37":2,"38":4,"39":4,"40":16,"41":16,"42":2,"43":16,"44":16,"45":48,"46":18,"47":2,"48":2,"49":8,"50":2,"51":18,"52":16,"53":2,"54":1,"55":1,"56":1,"57":1,"58":1,"59":3,"60":1,"61":2,"62":6,"63":1,"64":2,"65":10,"66":22,"67":15,"68":22,"69":22,"70":189,"71":85,"72":87},"f":{"0":217,"1":3,"2":19,"3":2,"4":3,"5":2,"6":0,"7":0,"8":48,"9":25,"10":6,"11":11,"12":22,"13":6,"14":15,"15":0,"16":20,"17":2,"18":4,"19":16,"20":16,"21":48,"22":2,"23":8,"24":18,"25":16,"26":2,"27":1,"28":3,"29":2,"30":6,"31":2,"32":10,"33":22,"34":15,"35":22,"36":189,"37":85},"b":{"0":[0,0],"1":[1,47],"2":[5,1],"3":[0,0],"4":[18,2],"5":[16,0],"6":[16,16],"7":[18,30],"8":[48,40],"9":[1,1],"10":[3,0],"11":[6,4],"12":[4,0],"13":[22,0]}}
,"/home/travis/build/MaibornWolff/codecharta/visualization/app/codeCharta/state/nodeSearch.service.ts": {"path":"/home/travis/build/MaibornWolff/codecharta/visualization/app/codeCharta/state/nodeSearch.service.ts","statementMap":{"0":{"start":{"line":21,"column":10},"end":{"line":21,"column":39}},"1":{"start":{"line":22,"column":10},"end":{"line":22,"column":36}},"2":{"start":{"line":23,"column":10},"end":{"line":23,"column":58}},"3":{"start":{"line":17,"column":9},"end":{"line":17,"column":42}},"4":{"start":{"line":25,"column":2},"end":{"line":25,"column":50}},"5":{"start":{"line":29,"column":2},"end":{"line":29,"column":60}},"6":{"start":{"line":30,"column":2},"end":{"line":30,"column":33}},"7":{"start":{"line":31,"column":2},"end":{"line":31,"column":39}},"8":{"start":{"line":35,"column":2},"end":{"line":43,"column":3}},"9":{"start":{"line":36,"column":3},"end":{"line":36,"column":12}},"10":{"start":{"line":38,"column":17},"end":{"line":41,"column":21}},"11":{"start":{"line":41,"column":14},"end":{"line":41,"column":20}},"12":{"start":{"line":42,"column":3},"end":{"line":42,"column":69}},"13":{"start":{"line":47,"column":31},"end":{"line":47,"column":104}},"14":{"start":{"line":47,"column":97},"end":{"line":47,"column":103}},"15":{"start":{"line":48,"column":2},"end":{"line":48,"column":72}},"16":{"start":{"line":52,"column":2},"end":{"line":52,"column":94}},"17":{"start":{"line":56,"column":2},"end":{"line":58,"column":4}},"18":{"start":{"line":57,"column":3},"end":{"line":57,"column":40}},"19":{"start":{"line":15,"column":16},"end":{"line":15,"column":67}}},"fnMap":{"0":{"name":"(anonymous_0)","decl":{"start":{"line":20,"column":1},"end":{"line":21,"column":9}},"loc":{"start":{"line":23,"column":58},"end":{"line":26,"column":2}}},"1":{"name":"(anonymous_1)","decl":{"start":{"line":28,"column":8},"end":{"line":28,"column":29}},"loc":{"start":{"line":28,"column":52},"end":{"line":32,"column":2}}},"2":{"name":"(anonymous_2)","decl":{"start":{"line":34,"column":9},"end":{"line":34,"column":25}},"loc":{"start":{"line":34,"column":48},"end":{"line":44,"column":2}}},"3":{"name":"(anonymous_3)","decl":{"start":{"line":41,"column":9},"end":{"line":41,"column":10}},"loc":{"start":{"line":41,"column":14},"end":{"line":41,"column":20}}},"4":{"name":"(anonymous_4)","decl":{"start":{"line":46,"column":9},"end":{"line":46,"column":38}},"loc":{"start":{"line":46,"column":39},"end":{"line":49,"column":2}}},"5":{"name":"(anonymous_5)","decl":{"start":{"line":47,"column":92},"end":{"line":47,"column":93}},"loc":{"start":{"line":47,"column":97},"end":{"line":47,"column":103}}},"6":{"name":"(anonymous_6)","decl":{"start":{"line":51,"column":9},"end":{"line":51,"column":32}},"loc":{"start":{"line":51,"column":33},"end":{"line":53,"column":2}}},"7":{"name":"(anonymous_7)","decl":{"start":{"line":55,"column":8},"end":{"line":55,"column":13}},"loc":{"start":{"line":55,"column":88},"end":{"line":59,"column":2}}},"8":{"name":"(anonymous_8)","decl":{"start":{"line":56,"column":63},"end":{"line":56,"column":64}},"loc":{"start":{"line":56,"column":79},"end":{"line":58,"column":3}}}},"branchMap":{"0":{"loc":{"start":{"line":35,"column":2},"end":{"line":43,"column":3}},"type":"if","locations":[{"start":{"line":35,"column":2},"end":{"line":43,"column":3}},{"start":{"line":35,"column":2},"end":{"line":43,"column":3}}]},"1":{"loc":{"start":{"line":47,"column":64},"end":{"line":47,"column":66}},"type":"cond-expr","locations":[{"start":{"line":47,"column":64},"end":{"line":47,"column":66}},{"start":{"line":47,"column":69},"end":{"line":47,"column":104}}]}},"s":{"0":13,"1":13,"2":13,"3":13,"4":13,"5":18,"6":18,"7":18,"8":18,"9":16,"10":2,"11":12,"12":2,"13":18,"14":2,"15":18,"16":18,"17":1,"18":0,"19":87},"f":{"0":13,"1":18,"2":18,"3":12,"4":18,"5":2,"6":18,"7":1,"8":0},"b":{"0":[16,2],"1":[16,2]}}
,"/home/travis/build/MaibornWolff/codecharta/visualization/app/codeCharta/state/searchPanel.service.ts": {"path":"/home/travis/build/MaibornWolff/codecharta/visualization/app/codeCharta/state/searchPanel.service.ts","statementMap":{"0":{"start":{"line":14,"column":21},"end":{"line":14,"column":50}},"1":{"start":{"line":11,"column":9},"end":{"line":11,"column":69}},"2":{"start":{"line":17,"column":2},"end":{"line":17,"column":40}},"3":{"start":{"line":18,"column":2},"end":{"line":18,"column":37}},"4":{"start":{"line":22,"column":2},"end":{"line":22,"column":94}},"5":{"start":{"line":26,"column":2},"end":{"line":28,"column":4}},"6":{"start":{"line":27,"column":3},"end":{"line":27,"column":44}},"7":{"start":{"line":9,"column":24},"end":{"line":9,"column":77}}},"fnMap":{"0":{"name":"(anonymous_0)","decl":{"start":{"line":14,"column":1},"end":{"line":14,"column":20}},"loc":{"start":{"line":14,"column":50},"end":{"line":14,"column":54}}},"1":{"name":"(anonymous_1)","decl":{"start":{"line":16,"column":8},"end":{"line":16,"column":28}},"loc":{"start":{"line":16,"column":62},"end":{"line":19,"column":2}}},"2":{"name":"(anonymous_2)","decl":{"start":{"line":21,"column":9},"end":{"line":21,"column":36}},"loc":{"start":{"line":21,"column":37},"end":{"line":23,"column":2}}},"3":{"name":"(anonymous_3)","decl":{"start":{"line":25,"column":8},"end":{"line":25,"column":13}},"loc":{"start":{"line":25,"column":96},"end":{"line":29,"column":2}}},"4":{"name":"(anonymous_4)","decl":{"start":{"line":26,"column":61},"end":{"line":26,"column":62}},"loc":{"start":{"line":26,"column":77},"end":{"line":28,"column":3}}}},"branchMap":{},"s":{"0":14,"1":14,"2":2,"3":2,"4":2,"5":9,"6":0,"7":87},"f":{"0":14,"1":2,"2":2,"3":9,"4":0},"b":{}}
,"/home/travis/build/MaibornWolff/codecharta/visualization/app/codeCharta/state/state.module.ts": {"path":"/home/travis/build/MaibornWolff/codecharta/visualization/app/codeCharta/state/state.module.ts","statementMap":{"0":{"start":{"line":45,"column":0},"end":{"line":86,"column":71}}},"fnMap":{},"branchMap":{},"s":{"0":87},"f":{},"b":{}}
,"/home/travis/build/MaibornWolff/codecharta/visualization/app/codeCharta/state/store.service.ts": {"path":"/home/travis/build/MaibornWolff/codecharta/visualization/app/codeCharta/state/store.service.ts","statementMap":{"0":{"start":{"line":21,"column":21},"end":{"line":21,"column":50}},"1":{"start":{"line":21,"column":60},"end":{"line":21,"column":102}},"2":{"start":{"line":22,"column":2},"end":{"line":22,"column":39}},"3":{"start":{"line":23,"column":2},"end":{"line":23,"column":51}},"4":{"start":{"line":27,"column":2},"end":{"line":27,"column":69}},"5":{"start":{"line":31,"column":2},"end":{"line":33,"column":3}},"6":{"start":{"line":32,"column":3},"end":{"line":32,"column":55}},"7":{"start":{"line":35,"column":2},"end":{"line":40,"column":4}},"8":{"start":{"line":36,"column":3},"end":{"line":36,"column":36}},"9":{"start":{"line":37,"column":3},"end":{"line":39,"column":4}},"10":{"start":{"line":38,"column":4},"end":{"line":38,"column":34}},"11":{"start":{"line":44,"column":2},"end":{"line":44,"column":30}},"12":{"start":{"line":48,"column":24},"end":{"line":48,"column":68}},"13":{"start":{"line":49,"column":21},"end":{"line":49,"column":86}},"14":{"start":{"line":49,"column":79},"end":{"line":49,"column":85}},"15":{"start":{"line":50,"column":2},"end":{"line":50,"column":76}},"16":{"start":{"line":54,"column":2},"end":{"line":54,"column":90}},"17":{"start":{"line":58,"column":2},"end":{"line":60,"column":4}},"18":{"start":{"line":59,"column":3},"end":{"line":59,"column":45}},"19":{"start":{"line":17,"column":16},"end":{"line":17,"column":53}}},"fnMap":{"0":{"name":"(anonymous_0)","decl":{"start":{"line":21,"column":1},"end":{"line":21,"column":20}},"loc":{"start":{"line":21,"column":102},"end":{"line":24,"column":2}}},"1":{"name":"(anonymous_1)","decl":{"start":{"line":26,"column":8},"end":{"line":26,"column":26}},"loc":{"start":{"line":26,"column":51},"end":{"line":28,"column":2}}},"2":{"name":"(anonymous_2)","decl":{"start":{"line":30,"column":8},"end":{"line":30,"column":15}},"loc":{"start":{"line":30,"column":60},"end":{"line":41,"column":2}}},"3":{"name":"(anonymous_3)","decl":{"start":{"line":35,"column":36},"end":{"line":35,"column":47}},"loc":{"start":{"line":35,"column":51},"end":{"line":40,"column":3}}},"4":{"name":"(anonymous_4)","decl":{"start":{"line":43,"column":8},"end":{"line":43,"column":15}},"loc":{"start":{"line":43,"column":16},"end":{"line":45,"column":2}}},"5":{"name":"(anonymous_5)","decl":{"start":{"line":47,"column":9},"end":{"line":47,"column":26}},"loc":{"start":{"line":47,"column":51},"end":{"line":51,"column":2}}},"6":{"name":"(anonymous_6)","decl":{"start":{"line":49,"column":74},"end":{"line":49,"column":75}},"loc":{"start":{"line":49,"column":79},"end":{"line":49,"column":85}}},"7":{"name":"(anonymous_7)","decl":{"start":{"line":53,"column":9},"end":{"line":53,"column":14}},"loc":{"start":{"line":53,"column":34},"end":{"line":55,"column":2}}},"8":{"name":"(anonymous_8)","decl":{"start":{"line":57,"column":8},"end":{"line":57,"column":13}},"loc":{"start":{"line":57,"column":83},"end":{"line":61,"column":2}}},"9":{"name":"(anonymous_9)","decl":{"start":{"line":58,"column":51},"end":{"line":58,"column":52}},"loc":{"start":{"line":58,"column":67},"end":{"line":60,"column":3}}}},"branchMap":{"0":{"loc":{"start":{"line":30,"column":55},"end":{"line":30,"column":60}},"type":"default-arg","locations":[{"start":{"line":30,"column":55},"end":{"line":30,"column":60}}]},"1":{"loc":{"start":{"line":31,"column":2},"end":{"line":33,"column":3}},"type":"if","locations":[{"start":{"line":31,"column":2},"end":{"line":33,"column":3}},{"start":{"line":31,"column":2},"end":{"line":33,"column":3}}]},"2":{"loc":{"start":{"line":37,"column":3},"end":{"line":39,"column":4}},"type":"if","locations":[{"start":{"line":37,"column":3},"end":{"line":39,"column":4}},{"start":{"line":37,"column":3},"end":{"line":39,"column":4}}]}},"s":{"0":655,"1":655,"2":655,"3":655,"4":6,"5":312,"6":309,"7":312,"8":1454,"9":1454,"10":1421,"11":1495,"12":6,"13":6,"14":8,"15":6,"16":1421,"17":406,"18":22696,"19":87},"f":{"0":655,"1":6,"2":312,"3":1454,"4":1495,"5":6,"6":8,"7":1421,"8":406,"9":22696},"b":{"0":[309],"1":[309,3],"2":[1421,33]}}
,"/home/travis/build/MaibornWolff/codecharta/visualization/app/codeCharta/state/store/reducer.ts": {"path":"/home/travis/build/MaibornWolff/codecharta/visualization/app/codeCharta/state/store/reducer.ts","statementMap":{"0":{"start":{"line":7,"column":20},"end":{"line":12,"column":2}}},"fnMap":{},"branchMap":{},"s":{"0":88},"f":{},"b":{}}
,"/home/travis/build/MaibornWolff/codecharta/visualization/app/codeCharta/state/store/state.actions.ts": {"path":"/home/travis/build/MaibornWolff/codecharta/visualization/app/codeCharta/state/store/state.actions.ts","statementMap":{"0":{"start":{"line":7,"column":0},"end":{"line":9,"column":1}},"1":{"start":{"line":8,"column":1},"end":{"line":8,"column":24}},"2":{"start":{"line":19,"column":1},"end":{"line":22,"column":2}},"3":{"start":{"line":25,"column":35},"end":{"line":30,"column":1}}},"fnMap":{"0":{"name":"(anonymous_0)","decl":{"start":{"line":7,"column":0},"end":{"line":7,"column":11}},"loc":{"start":{"line":7,"column":24},"end":{"line":9,"column":1}}},"1":{"name":"setState","decl":{"start":{"line":18,"column":16},"end":{"line":18,"column":24}},"loc":{"start":{"line":18,"column":70},"end":{"line":23,"column":1}}}},"branchMap":{"0":{"loc":{"start":{"line":7,"column":12},"end":{"line":7,"column":24}},"type":"binary-expr","locations":[{"start":{"line":7,"column":12},"end":{"line":7,"column":24}},{"start":{"line":7,"column":12},"end":{"line":7,"column":24}}]},"1":{"loc":{"start":{"line":18,"column":58},"end":{"line":18,"column":70}},"type":"default-arg","locations":[{"start":{"line":18,"column":58},"end":{"line":18,"column":70}}]}},"s":{"0":88,"1":88,"2":40,"3":88},"f":{"0":88,"1":40},"b":{"0":[88,88],"1":[3]}}
,"/home/travis/build/MaibornWolff/codecharta/visualization/app/codeCharta/state/store/state.splitter.ts": {"path":"/home/travis/build/MaibornWolff/codecharta/visualization/app/codeCharta/state/store/state.splitter.ts","statementMap":{"0":{"start":{"line":14,"column":1},"end":{"line":16,"column":2}},"1":{"start":{"line":15,"column":2},"end":{"line":15,"column":52}},"2":{"start":{"line":18,"column":1},"end":{"line":20,"column":2}},"3":{"start":{"line":19,"column":2},"end":{"line":19,"column":49}},"4":{"start":{"line":22,"column":1},"end":{"line":24,"column":2}},"5":{"start":{"line":23,"column":2},"end":{"line":23,"column":48}},"6":{"start":{"line":26,"column":1},"end":{"line":28,"column":2}},"7":{"start":{"line":27,"column":2},"end":{"line":27,"column":52}},"8":{"start":{"line":30,"column":1},"end":{"line":49,"column":2}},"9":{"start":{"line":31,"column":28},"end":{"line":31,"column":30}},"10":{"start":{"line":33,"column":2},"end":{"line":35,"column":3}},"11":{"start":{"line":34,"column":3},"end":{"line":34,"column":91}},"12":{"start":{"line":37,"column":2},"end":{"line":39,"column":3}},"13":{"start":{"line":38,"column":3},"end":{"line":38,"column":82}},"14":{"start":{"line":41,"column":2},"end":{"line":43,"column":3}},"15":{"start":{"line":42,"column":3},"end":{"line":42,"column":80}},"16":{"start":{"line":45,"column":2},"end":{"line":47,"column":3}},"17":{"start":{"line":46,"column":3},"end":{"line":46,"column":80}},"18":{"start":{"line":48,"column":2},"end":{"line":48,"column":16}},"19":{"start":{"line":50,"column":1},"end":{"line":50,"column":16}}},"fnMap":{"0":{"name":"splitStateActions","decl":{"start":{"line":13,"column":16},"end":{"line":13,"column":33}},"loc":{"start":{"line":13,"column":50},"end":{"line":51,"column":1}}}},"branchMap":{"0":{"loc":{"start":{"line":14,"column":1},"end":{"line":16,"column":2}},"type":"if","locations":[{"start":{"line":14,"column":1},"end":{"line":16,"column":2}},{"start":{"line":14,"column":1},"end":{"line":16,"column":2}}]},"1":{"loc":{"start":{"line":18,"column":1},"end":{"line":20,"column":2}},"type":"if","locations":[{"start":{"line":18,"column":1},"end":{"line":20,"column":2}},{"start":{"line":18,"column":1},"end":{"line":20,"column":2}
[...]
"column":89},"end":{"line":56,"column":116}}]},"7":{"loc":{"start":{"line":78,"column":7},"end":{"line":78,"column":76}},"type":"cond-expr","locations":[{"start":{"line":78,"column":7},"end":{"line":78,"column":76}},{"start":{"line":79,"column":7},"end":{"line":79,"column":8}}]},"8":{"loc":{"start":{"line":77,"column":4},"end":{"line":77,"column":27}},"type":"binary-expr","locations":[{"start":{"line":77,"column":4},"end":{"line":77,"column":27}},{"start":{"line":77,"column":31},"end":{"line":77,"column":86}}]},"9":{"loc":{"start":{"line":80,"column":12},"end":{"line":80,"column":36}},"type":"binary-expr","locations":[{"start":{"line":80,"column":12},"end":{"line":80,"column":36}},{"start":{"line":80,"column":40},"end":{"line":80,"column":101}}]},"10":{"loc":{"start":{"line":80,"column":42},"end":{"line":80,"column":52}},"type":"binary-expr","locations":[{"start":{"line":80,"column":42},"end":{"line":80,"column":52}},{"start":{"line":80,"column":56},"end":{"line":80,"column":87}},{"start":{"line":80,"column":91},"end":{"line":80,"column":100}}]},"11":{"loc":{"start":{"line":92,"column":2},"end":{"line":96,"column":3}},"type":"if","locations":[{"start":{"line":92,"column":2},"end":{"line":96,"column":3}},{"start":{"line":92,"column":2},"end":{"line":96,"column":3}}]},"12":{"loc":{"start":{"line":100,"column":2},"end":{"line":104,"column":3}},"type":"if","locations":[{"start":{"line":100,"column":2},"end":{"line":104,"column":3}},{"start":{"line":100,"column":2},"end":{"line":104,"column":3}}]},"13":{"loc":{"start":{"line":109,"column":2},"end":{"line":115,"column":3}},"type":"if","locations":[{"start":{"line":109,"column":2},"end":{"line":115,"column":3}},{"start":{"line":109,"column":2},"end":{"line":115,"column":3}}]},"14":{"loc":{"start":{"line":110,"column":3},"end":{"line":110,"column":43}},"type":"binary-expr","locations":[{"start":{"line":110,"column":3},"end":{"line":110,"column":43}},{"start":{"line":111,"column":3},"end":{"line":111,"column":23}},{"start":{"line":112,"column":3},"end":{"line":112,"column":63}}]},"15":{"loc":{"start":{"line":117,"column":2},"end":{"line":119,"column":3}},"type":"if","locations":[{"start":{"line":117,"column":2},"end":{"line":119,"column":3}},{"start":{"line":117,"column":2},"end":{"line":119,"column":3}}]},"16":{"loc":{"start":{"line":117,"column":6},"end":{"line":117,"column":41}},"type":"binary-expr","locations":[{"start":{"line":117,"column":6},"end":{"line":117,"column":41}},{"start":{"line":117,"column":45},"end":{"line":117,"column":76}},{"start":{"line":117,"column":80},"end":{"line":117,"column":122}}]},"17":{"loc":{"start":{"line":118,"column":65},"end":{"line":118,"column":69}},"type":"cond-expr","locations":[{"start":{"line":118,"column":65},"end":{"line":118,"column":69}},{"start":{"line":118,"column":72},"end":{"line":118,"column":110}}]},"18":{"loc":{"start":{"line":123,"column":14},"end":{"line":123,"column":32}},"type":"binary-expr","locations":[{"start":{"line":123,"column":14},"end":{"line":123,"column":32}},{"start":{"line":123,"column":36},"end":{"line":123,"column":45}}]},"19":{"loc":{"start":{"line":129,"column":3},"end":{"line":129,"column":78}},"type":"binary-expr","locations":[{"start":{"line":129,"column":3},"end":{"line":129,"column":78}},{"start":{"line":130,"column":3},"end":{"line":131,"column":16}}]},"20":{"loc":{"start":{"line":130,"column":39},"end":{"line":130,"column":82}},"type":"binary-expr","locations":[{"start":{"line":130,"column":39},"end":{"line":130,"column":82}},{"start":{"line":130,"column":86},"end":{"line":130,"column":127}}]},"21":{"loc":{"start":{"line":144,"column":61},"end":{"line":144,"column":94}},"type":"cond-expr","locations":[{"start":{"line":144,"column":61},"end":{"line":144,"column":94}},{"start":{"line":144,"column":97},"end":{"line":144,"column":129}}]},"22":{"loc":{"start":{"line":145,"column":2},"end":{"line":161,"column":3}},"type":"if","locations":[{"start":{"line":145,"column":2},"end":{"line":161,"column":3}},{"start":{"line":145,"column":2},"end":{"line":161,"column":3}}]},"23":{"loc":{"start":{"line":150,"column":3},"end":{"line":160,"column":4}},"type":"if","locations":[{"start":{"line":150,"column":3},"end":{"line":160,"column":4}},{"start":{"line":150,"column":3},"end":{"line":160,"column":4}}]},"24":{"loc":{"start":{"line":152,"column":10},"end":{"line":160,"column":4}},"type":"if","locations":[{"start":{"line":152,"column":10},"end":{"line":160,"column":4}},{"start":{"line":152,"column":10},"end":{"line":160,"column":4}}]},"25":{"loc":{"start":{"line":154,"column":10},"end":{"line":160,"column":4}},"type":"if","locations":[{"start":{"line":154,"column":10},"end":{"line":160,"column":4}},{"start":{"line":154,"column":10},"end":{"line":160,"column":4}}]},"26":{"loc":{"start":{"line":155,"column":44},"end":{"line":155,"column":76}},"type":"cond-expr","locations":[{"start":{"line":155,"column":44},"end":{"line":155,"column":76}},{"start":{"line":155,"column":79},"end":{"line":155,"column":95}}]},"27":{"loc":{"start":{"line":156,"column":10},"end":{"line":160,"column":4}},"type":"if","locations":[{"start":{"line":156,"column":10},"end":{"line":160,"column":4}},{"start":{"line":156,"column":10},"end":{"line":160,"column":4}}]},"28":{"loc":{"start":{"line":157,"column":44},"end":{"line":157,"column":60}},"type":"cond-expr","locations":[{"start":{"line":157,"column":44},"end":{"line":157,"column":60}},{"start":{"line":157,"column":63},"end":{"line":157,"column":95}}]}},"s":{"0":9,"1":9,"2":4,"3":5,"4":9,"5":1,"6":1,"7":1,"8":1,"9":43,"10":43,"11":0,"12":43,"13":37,"14":6,"15":43,"16":43,"17":43,"18":43,"19":43,"20":43,"21":43,"22":43,"23":43,"24":43,"25":43,"26":43,"27":18,"28":25,"29":43,"30":18,"31":25,"32":51,"33":51,"34":7,"35":1,"36":51,"37":2,"38":51,"39":51,"40":51,"41":1,"42":1,"43":2,"44":3,"45":51,"46":52,"47":52,"48":0,"49":52,"50":52,"51":28,"52":24,"53":1,"54":23,"55":14,"56":9,"57":8,"58":1,"59":89,"60":89,"61":89},"f":{"0":9,"1":1,"2":1,"3":43,"4":43,"5":43,"6":43,"7":51,"8":7,"9":1,"10":1,"11":2,"12":3,"13":51,"14":52},"b":{"0":[4,5],"1":[9,4],"2":[43,27],"3":[0,43],"4":[37,6],"5":[43,11],"6":[32,11],"7":[3,40],"8":[43,5],"9":[43,6],"10":[6,4,4],"11":[18,25],"12":[18,25],"13":[1,50],"14":[51,7,7],"15":[2,49],"16":[51,51,2],"17":[0,2],"18":[51,50],"19":[1,1],"20":[1,1],"21":[45,7],"22":[0,52],"23":[28,24],"24":[1,23],"25":[14,9],"26":[1,13],"27":[8,1],"28":[2,6]}}
,"/home/travis/build/MaibornWolff/codecharta/visualization/app/codeCharta/util/urlExtractor.ts": {"path":"/home/travis/build/MaibornWolff/codecharta/visualization/app/codeCharta/util/urlExtractor.ts","statementMap":{"0":{"start":{"line":8,"column":21},"end":{"line":8,"column":48}},"1":{"start":{"line":8,"column":58},"end":{"line":8,"column":77}},"2":{"start":{"line":11,"column":24},"end":{"line":11,"column":55}},"3":{"start":{"line":12,"column":14},"end":{"line":12,"column":70}},"4":{"start":{"line":13,"column":13},"end":{"line":13,"column":48}},"5":{"start":{"line":15,"column":2},"end":{"line":17,"column":3}},"6":{"start":{"line":16,"column":3},"end":{"line":16,"column":14}},"7":{"start":{"line":18,"column":2},"end":{"line":20,"column":3}},"8":{"start":{"line":19,"column":3},"end":{"line":19,"column":12}},"9":{"start":{"line":21,"column":2},"end":{"line":21,"column":59}},"10":{"start":{"line":25,"column":18},"end":{"line":25,"column":46}},"11":{"start":{"line":27,"column":2},"end":{"line":29,"column":3}},"12":{"start":{"line":28,"column":3},"end":{"line":28,"column":17}},"13":{"start":{"line":31,"column":2},"end":{"line":33,"column":3}},"14":{"start":{"line":32,"column":3},"end":{"line":32,"column":26}},"15":{"start":{"line":35,"column":25},"end":{"line":35,"column":27}},"16":{"start":{"line":37,"column":2},"end":{"line":43,"column":4}},"17":{"start":{"line":38,"column":3},"end":{"line":42,"column":4}},"18":{"start":{"line":40,"column":5},"end":{"line":40,"column":61}},"19":{"start":{"line":45,"column":2},"end":{"line":45,"column":38}},"20":{"start":{"line":49,"column":2},"end":{"line":62,"column":4}},"21":{"start":{"line":50,"column":3},"end":{"line":61,"column":4}},"22":{"start":{"line":51,"column":4},"end":{"line":58,"column":14}},"23":{"start":{"line":52,"column":5},"end":{"line":57,"column":6}},"24":{"start":{"line":53,"column":6},"end":{"line":53,"column":54}},"25":{"start":{"line":54,"column":6},"end":{"line":54,"column":57}},"26":{"start":{"line":56,"column":6},"end":{"line":56,"column":14}},"27":{"start":{"line":60,"column":4},"end":{"line":60,"column":12}},"28":{"start":{"line":6,"column":16},"end":{"line":6,"column":29}}},"fnMap":{"0":{"name":"(anonymous_0)","decl":{"start":{"line":8,"column":1},"end":{"line":8,"column":20}},"loc":{"start":{"line":8,"column":77},"end":{"line":8,"column":81}}},"1":{"name":"(anonymous_1)","decl":{"start":{"line":10,"column":8},"end":{"line":10,"column":25}},"loc":{"start":{"line":10,"column":39},"end":{"line":22,"column":2}}},"2":{"name":"(anonymous_2)","decl":{"start":{"line":24,"column":8},"end":{"line":24,"column":32}},"loc":{"start":{"line":24,"column":33},"end":{"line":46,"column":2}}},"3":{"name":"(anonymous_3)","decl":{"start":{"line":37,"column":20},"end":{"line":37,"column":27}},"loc":{"start":{"line":37,"column":31},"end":{"line":43,"column":3}}},"4":{"name":"(anonymous_4)","decl":{"start":{"line":39,"column":16},"end":{"line":39,"column":17}},"loc":{"start":{"line":39,"column":36},"end":{"line":41,"column":5}}},"5":{"name":"(anonymous_5)","decl":{"start":{"line":48,"column":8},"end":{"line":48,"column":26}},"loc":{"start":{"line":48,"column":40},"end":{"line":63,"column":2}}},"6":{"name":"(anonymous_6)","decl":{"start":{"line":49,"column":21},"end":{"line":49,"column":22}},"loc":{"start":{"line":49,"column":41},"end":{"line":62,"column":3}}},"7":{"name":"(anonymous_7)","decl":{"start":{"line":51,"column":30},"end":{"line":51,"column":31}},"loc":{"start":{"line":51,"column":66},"end":{"line":58,"column":5}}}},"branchMap":{"0":{"loc":{"start":{"line":15,"column":2},"end":{"line":17,"column":3}},"type":"if","locations":[{"start":{"line":15,"column":2},"end":{"line":17,"column":3}},{"start":{"line":15,"column":2},"end":{"line":17,"column":3}}]},"1":{"loc":{"start":{"line":18,"column":2},"end":{"line":20,"column":3}},"type":"if","locations":[{"start":{"line":18,"column":2},"end":{"line":20,"column":3}},{"start":{"line":18,"column":2},"end":{"line":20,"column":3}}]},"2":{"loc":{"start":{"line":27,"column":2},"end":{"line":29,"column":3}},"type":"if","locations":[{"start":{"line":27,"column":2},"end":{"line":29,"column":3}},{"start":{"line":27,"column":2},"end":{"line":29,"column":3}}]},"3":{"loc":{"start":{"line":31,"column":2},"end":{"line":33,"column":3}},"type":"if","locations":[{"start":{"line":31,"column":2},"end":{"line":33,"column":3}},{"start":{"line":31,"column":2},"end":{"line":33,"column":3}}]},"4":{"loc":{"start":{"line":50,"column":3},"end":{"line":61,"column":4}},"type":"if","locations":[{"start":{"line":50,"column":3},"end":{"line":61,"column":4}},{"start":{"line":50,"column":3},"end":{"line":61,"column":4}}]},"5":{"loc":{"start":{"line":50,"column":7},"end":{"line":50,"column":11}},"type":"binary-expr","locations":[{"start":{"line":50,"column":7},"end":{"line":50,"column":11}},{"start":{"line":50,"column":15},"end":{"line":50,"column":30}}]},"6":{"loc":{"start":{"line":52,"column":5},"end":{"line":57,"column":6}},"type":"if","locations":[{"start":{"line":52,"column":5},"end":{"line":57,"column":6}},{"start":{"line":52,"column":5},"end":{"line":57,"column":6}}]}},"s":{"0":20,"1":20,"2":4,"3":4,"4":4,"5":4,"6":2,"7":2,"8":0,"9":2,"10":14,"11":14,"12":11,"13":14,"14":1,"15":14,"16":14,"17":5,"18":5,"19":14,"20":4,"21":4,"22":2,"23":2,"24":1,"25":1,"26":1,"27":2,"28":88},"f":{"0":20,"1":4,"2":14,"3":5,"4":5,"5":4,"6":4,"7":2},"b":{"0":[2,2],"1":[0,2],"2":[11,3],"3":[1,13],"4":[2,2],"5":[4,2],"6":[1,1]}}
,"/home/travis/build/MaibornWolff/codecharta/visualization/app/codeCharta/util/color/colorConverter.ts": {"path":"/home/travis/build/MaibornWolff/codecharta/visualization/app/codeCharta/util/color/colorConverter.ts","statementMap":{"0":{"start":{"line":7,"column":2},"end":{"line":7,"column":39}},"1":{"start":{"line":11,"column":19},"end":{"line":11,"column":43}},"2":{"start":{"line":12,"column":22},"end":{"line":12,"column":53}},"3":{"start":{"line":13,"column":2},"end":{"line":13,"column":31}},"4":{"start":{"line":17,"column":29},"end":{"line":17,"column":48}},"5":{"start":{"line":18,"column":2},"end":{"line":18,"column":59}},"6":{"start":{"line":22,"column":29},"end":{"line":22,"column":48}},"7":{"start":{"line":23,"column":2},"end":{"line":23,"column":31}},"8":{"start":{"line":27,"column":2},"end":{"line":34,"column":3}},"9":{"start":{"line":38,"column":14},"end":{"line":38,"column":34}},"10":{"start":{"line":39,"column":2},"end":{"line":39,"column":40}},"11":{"start":{"line":43,"column":25},"end":{"line":43,"column":65}},"12":{"start":{"line":44,"column":2},"end":{"line":44,"column":134}},"13":{"start":{"line":48,"column":12},"end":{"line":48,"column":38}},"14":{"start":{"line":49,"column":12},"end":{"line":49,"column":38}},"15":{"start":{"line":50,"column":12},"end":{"line":50,"column":38}},"16":{"start":{"line":52,"column":2},"end":{"line":52,"column":27}},"17":{"start":{"line":56,"column":21},"end":{"line":56,"column":61}},"18":{"start":{"line":57,"column":19},"end":{"line":57,"column":57}},"19":{"start":{"line":58,"column":20},"end":{"line":58,"column":34}},"20":{"start":{"line":59,"column":19},"end":{"line":59,"column":21}},"21":{"start":{"line":61,"column":2},"end":{"line":65,"column":3}},"22":{"start":{"line":62,"column":18},"end":{"line":62,"column":62}},"23":{"start":{"line":63,"column":14},"end":{"line":63,"column":41}},"24":{"start":{"line":64,"column":3},"end":{"line":64,"column":47}},"25":{"start":{"line":66,"column":2},"end":{"line":66,"column":19}},"26":{"start":{"line":70,"column":27},"end":{"line":70,"column":46}},"27":{"start":{"line":71,"column":32},"end":{"line":71,"column":85}},"28":{"start":{"line":72,"column":2},"end":{"line":72,"column":44}},"29":{"start":{"line":76,"column":13},"end":{"line":76,"column":30}},"30":{"start":{"line":77,"column":2},"end":{"line":79,"column":3}},"31":{"start":{"line":78,"column":3},"end":{"line":78,"column":67}},"32":{"start":{"line":80,"column":2},"end":{"line":80,"column":108}},"33":{"start":{"line":84,"column":2},"end":{"line":84,"column":70}},"34":{"start":{"line":88,"column":15},"end":{"line":88,"column":82}},"35":{"start":{"line":89,"column":13},"end":{"line":89,"column":20}},"36":{"start":{"line":90,"column":13},"end":{"line":90,"column":40}},"37":{"start":{"line":91,"column":13},"end":{"line":91,"column":41}},"38":{"start":{"line":92,"column":13},"end":{"line":92,"column":20}},"39":{"start":{"line":93,"column":2},"end":{"line":93,"column":94}},"40":{"start":{"line":97,"column":2},"end":{"line":97,"column":98}}},"fnMap":{"0":{"name":"(anonymous_0)","decl":{"start":{"line":6,"column":8},"end":{"line":6,"column":13}},"loc":{"start":{"line":6,"column":45},"end":{"line":8,"column":2}}},"1":{"name":"(anonymous_1)","decl":{"start":{"line":10,"column":8},"end":{"line":10,"column":13}},"loc":{"start":{"line":10,"column":53},"end":{"line":14,"column":2}}},"2":{"name":"(anonymous_2)","decl":{"start":{"line":16,"column":8},"end":{"line":16,"column":13}},"loc":{"start":{"line":16,"column":64},"end":{"line":19,"column":2}}},"3":{"name":"(anonymous_3)","decl":{"start":{"line":21,"column":8},"end":{"line":21,"column":13}},"loc":{"start":{"line":21,"column":50},"end":{"line":24,"column":2}}},"4":{"name":"(anonymous_4)","decl":{"start":{"line":26,"column":8},"end":{"line":26,"column":13}},"loc":{"start":{"line":26,"column":51},"end":{"line":35,"column":2}}},"5":{"name":"(anonymous_5)","decl":{"start":{"line":37,"column":8},"end":{"line":37,"column":13}},"loc":{"start":{"line":37,"column":35},"end":{"line":40,"column":2}}},"6":{"name":"(anonymous_6)","decl":{"start":{"line":42,"column":8},"end":{"line":42,"column":13}},"loc":{"start":{"line":42,"column":43},"end":{"line":45,"column":2}}},"7":{"name":"(anonymous_7)","decl":{"start":{"line":47,"column":8},"end":{"line":47,"column":13}},"loc":{"start":{"line":47,"column":43},"end":{"line":53,"column":2}}},"8":{"name":"(anonymous_8)","decl":{"start":{"line":55,"column":8},"end":{"line":55,"column":13}},"loc":{"start":{"line":55,"column":75},"end":{"line":67,"column":2}}},"9":{"name":"(anonymous_9)","decl":{"start":{"line":69,"column":8},"end":{"line":69,"column":13}},"loc":{"start":{"line":69,"column":42},"end":{"line":73,"column":2}}},"10":{"name":"(anonymous_10)","decl":{"start":{"line":75,"column":9},"end":{"line":75,"column":14}},"loc":{"start":{"line":75,"column":35},"end":{"line":81,"column":2}}},"11":{"name":"(anonymous_11)","decl":{"start":{"line":83,"column":9},"end":{"line":83,"column":14}},"loc":{"start":{"line":83,"column":57},"end":{"line":85,"column":2}}},"12":{"name":"(anonymous_12)","decl":{"start":{"line":87,"column":9},"end":{"line":87,"column":14}},"loc":{"start":{"line":87,"column":64},"end":{"line":94,"column":2}}},"13":{"name":"(anonymous_13)","decl":{"start":{"line":96,"column":9},"end":{"line":96,"column":14}},"loc":{"start":{"line":96,"column":43},"end":{"line":98,"column":2}}}},"branchMap":{"0":{"loc":{"start":{"line":16,"column":63},"end":{"line":16,"column":64}},"type":"default-arg","locations":[{"start":{"line":16,"column":63},"end":{"line":16,"column":64}}]},"1":{"loc":{"start":{"line":77,"column":2},"end":{"line":79,"column":3}},"type":"if","locations":[{"start":{"line":77,"column":2},"end":{"line":79,"column":3}},{"start":{"line":77,"column":2},"end":{"line":79,"column":3}}]}},"s":{"0":377,"1":2,"2":2,"3":2,"4":8,"5":8,"6":14,"7":14,"8":35,"9":6,"10":6,"11":371,"12":371,"13":1,"14":1,"15":1,"16":1,"17":7,"18":7,"19":7,"20":7,"21":7,"22":35,"23":35,"24":35,"25":7,"26":37,"27":37,"28":37,"29":59,"30":59,"31":2,"32":59,"33":37,"34":74,"35":74,"36":74,"37":74,"38":74,"39":74,"40":37},"f":{"0":377,"1":2,"2":8,"3":14,"4":35,"5":6,"6":371,"7":1,"8":7,"9":37,"10":59,"11":37,"12":74,"13":37},"b":{"0":[7],"1":[2,57]}}
,"/home/travis/build/MaibornWolff/codecharta/visualization/app/codeCharta/util/color/hsl.ts": {"path":"/home/travis/build/MaibornWolff/codecharta/visualization/app/codeCharta/util/color/hsl.ts","statementMap":{"0":{"start":{"line":4,"column":21},"end":{"line":4,"column":30}},"1":{"start":{"line":4,"column":40},"end":{"line":4,"column":49}},"2":{"start":{"line":4,"column":59},"end":{"line":4,"column":68}},"3":{"start":{"line":7,"column":2},"end":{"line":7,"column":56}},"4":{"start":{"line":11,"column":2},"end":{"line":11,"column":17}},"5":{"start":{"line":15,"column":2},"end":{"line":15,"column":15}},"6":{"start":{"line":19,"column":2},"end":{"line":19,"column":16}},"7":{"start":{"line":23,"column":2},"end":{"line":23,"column":49}}},"fnMap":{"0":{"name":"(anonymous_0)","decl":{"start":{"line":4,"column":1},"end":{"line":4,"column":20}},"loc":{"start":{"line":4,"column":68},"end":{"line":4,"column":72}}},"1":{"name":"(anonymous_1)","decl":{"start":{"line":6,"column":8},"end":{"line":6,"column":12}},"loc":{"start":{"line":6,"column":13},"end":{"line":8,"column":2}}},"2":{"name":"(anonymous_2)","decl":{"start":{"line":10,"column":8},"end":{"line":10,"column":24}},"loc":{"start":{"line":10,"column":39},"end":{"line":12,"column":2}}},"3":{"name":"(anonymous_3)","decl":{"start":{"line":14,"column":8},"end":{"line":14,"column":19}},"loc":{"start":{"line":14,"column":20},"end":{"line":16,"column":2}}},"4":{"name":"(anonymous_4)","decl":{"start":{"line":18,"column":8},"end":{"line":18,"column":19}},"loc":{"start":{"line":18,"column":34},"end":{"line":20,"column":2}}},"5":{"name":"(anonymous_5)","decl":{"start":{"line":22,"column":8},"end":{"line":22,"column":15}},"loc":{"start":{"line":22,"column":16},"end":{"line":24,"column":2}}}},"branchMap":{},"s":{"0":12,"1":12,"2":12,"3":7,"4":7,"5":8,"6":6,"7":2},"f":{"0":12,"1":7,"2":7,"3":8,"4":6,"5":2},"b":{}}
}
