TN:
SF:/home/travis/build/MaibornWolff/codecharta/visualization/app/app.ts
FN:15,(anonymous_1)
FN:23,(anonymous_2)
FN:30,(anonymous_3)
FN:35,(anonymous_4)
FNF:4
FNH:0
FNDA:0,(anonymous_1)
FNDA:0,(anonymous_2)
FNDA:0,(anonymous_3)
FNDA:0,(anonymous_4)
DA:2,0
DA:3,0
DA:4,0
DA:5,0
DA:6,0
DA:9,0
DA:11,0
DA:16,0
DA:17,0
DA:24,0
DA:31,0
DA:36,0
DA:37,0
LF:13
LH:0
BRF:0
BRH:0
end_of_record
TN:
SF:/home/travis/build/MaibornWolff/codecharta/visualization/app/codeCharta/codeCharta.component.ts
FN:29,(anonymous_0)
FN:45,(anonymous_1)
FN:48,(anonymous_2)
FN:56,(anonymous_3)
FN:61,(anonymous_4)
FN:73,(anonymous_5)
FN:78,(anonymous_6)
FN:81,(anonymous_7)
FN:88,(anonymous_8)
FN:101,(anonymous_9)
FNF:10
FNH:7
FNDA:10,(anonymous_0)
FNDA:13,(anonymous_1)
FNDA:13,(anonymous_2)
FNDA:0,(anonymous_3)
FNDA:13,(anonymous_4)
FNDA:15,(anonymous_5)
FNDA:15,(anonymous_6)
FNDA:0,(anonymous_7)
FNDA:2,(anonymous_8)
FNDA:0,(anonymous_9)
DA:16,10
DA:30,10
DA:31,10
DA:32,10
DA:33,10
DA:34,10
DA:35,10
DA:36,10
DA:38,10
DA:40,10
DA:41,10
DA:42,10
DA:46,13
DA:49,13
DA:50,2
DA:51,2
DA:53,11
DA:57,0
DA:62,13
DA:63,11
DA:67,13
DA:74,15
DA:76,15
DA:79,15
DA:82,0
DA:83,0
DA:84,0
DA:89,2
DA:90,2
DA:92,2
DA:93,0
DA:94,2
DA:95,0
DA:97,2
DA:102,0
DA:106,87
LF:36
LH:29
BRDA:49,0,0,2
BRDA:49,0,1,11
BRDA:62,1,0,11
BRDA:62,1,1,2
BRDA:92,2,0,0
BRDA:92,2,1,2
BRDA:92,3,0,2
BRDA:92,3,1,0
BRDA:94,4,0,0
BRDA:94,4,1,2
BRF:10
BRH:7
end_of_record
TN:
SF:/home/travis/build/MaibornWolff/codecharta/visualization/app/codeCharta/codeCharta.model.ts
FN:14,(anonymous_0)
FN:22,(anonymous_1)
FN:150,(anonymous_2)
FN:162,(anonymous_3)
FN:179,(anonymous_4)
FNF:5
FNH:5
FNDA:113,(anonymous_0)
FNDA:113,(anonymous_1)
FNDA:113,(anonymous_2)
FNDA:113,(anonymous_3)
FNDA:113,(anonymous_4)
DA:14,113
DA:15,113
DA:16,113
DA:17,113
DA:18,113
DA:19,113
DA:22,113
DA:23,113
DA:24,113
DA:25,113
DA:26,113
DA:150,113
DA:151,113
DA:152,113
DA:162,113
DA:163,113
DA:164,113
DA:165,113
DA:166,113
DA:179,113
DA:180,113
DA:181,113
LF:22
LH:22
BRDA:14,0,0,113
BRDA:14,0,1,113
BRDA:22,1,0,113
BRDA:22,1,1,113
BRDA:150,2,0,113
BRDA:150,2,1,113
BRDA:162,3,0,113
BRDA:162,3,1,113
BRDA:179,4,0,113
BRDA:179,4,1,113
BRF:10
BRH:10
end_of_record
TN:
SF:/home/travis/build/MaibornWolff/codecharta/visualization/app/codeCharta/codeCharta.module.ts
FNF:0
FNH:0
DA:12,87
DA:14,87
LF:2
LH:2
BRF:0
BRH:0
end_of_record
TN:
SF:/home/travis/build/MaibornWolff/codecharta/visualization/app/codeCharta/codeCharta.service.ts
FN:12,(anonymous_0)
FN:14,(anonymous_1)
FN:15,(anonymous_2)
FN:16,(anonymous_3)
FN:32,(anonymous_4)
FN:51,(anonymous_5)
FN:75,(anonymous_6)
FN:76,(anonymous_7)
FNF:8
FNH:8
FNDA:18,(anonymous_0)
FNDA:6,(anonymous_1)
FNDA:6,(anonymous_2)
FNDA:6,(anonymous_3)
FNDA:3,(anonymous_4)
FNDA:3,(anonymous_5)
FNDA:3,(anonymous_6)
FNDA:1,(anonymous_7)
DA:8,96
DA:9,96
DA:10,96
DA:12,18
DA:15,6
DA:16,6
DA:17,6
DA:18,5
DA:19,3
DA:20,3
DA:21,3
DA:23,2
DA:27,5
DA:28,5
DA:33,3
DA:52,3
DA:54,3
DA:55,3
DA:60,0
DA:61,0
DA:63,0
DA:66,0
DA:67,0
DA:69,0
DA:72,0
DA:76,3
DA:77,1
DA:78,1
DA:81,3
LF:29
LH:22
BRDA:18,0,0,3
BRDA:18,0,1,2
BRDA:41,1,0,3
BRDA:41,1,1,3
BRDA:43,2,0,3
BRDA:43,2,1,2
BRDA:54,3,0,3
BRDA:54,3,1,0
BRDA:54,4,0,3
BRDA:54,4,1,0
BRDA:60,5,0,0
BRDA:60,5,1,0
BRDA:66,6,0,0
BRDA:66,6,1,0
BRDA:77,7,0,1
BRDA:77,7,1,0
BRF:16
BRH:9
end_of_record
TN:
SF:/home/travis/build/MaibornWolff/codecharta/visualization/app/codeCharta/state/edgeMetricData.service.ts
FN:28,(anonymous_0)
FN:33,(anonymous_1)
FN:38,(anonymous_2)
FN:42,(anonymous_3)
FN:49,(anonymous_4)
FN:54,(anonymous_5)
FN:57,(anonymous_6)
FN:64,(anonymous_7)
FN:78,(anonymous_8)
FN:79,(anonymous_9)
FN:82,(anonymous_10)
FN:88,(anonymous_11)
FN:92,(anonymous_12)
FN:101,(anonymous_13)
FN:104,(anonymous_14)
FN:105,(anonymous_15)
FN:107,(anonymous_16)
FN:108,(anonymous_17)
FN:117,(anonymous_18)
FN:118,(anonymous_19)
FN:119,(anonymous_20)
FN:123,(anonymous_21)
FN:127,(anonymous_22)
FN:134,(anonymous_23)
FN:141,(anonymous_24)
FN:148,(anonymous_25)
FN:154,(anonymous_26)
FN:157,(anonymous_27)
FN:159,(anonymous_28)
FN:171,(anonymous_29)
FN:174,(anonymous_30)
FN:176,(anonymous_31)
FN:184,(anonymous_32)
FN:188,(anonymous_33)
FN:192,(anonymous_34)
FN:193,(anonymous_35)
FNF:36
FNH:36
FNDA:200,(anonymous_0)
FNDA:15,(anonymous_1)
FNDA:7,(anonymous_2)
FNDA:22,(anonymous_3)
FNDA:3,(anonymous_4)
FNDA:6,(anonymous_5)
FNDA:2,(anonymous_6)
FNDA:2,(anonymous_7)
FNDA:1,(anonymous_8)
FNDA:4,(anonymous_9)
FNDA:3,(anonymous_10)
FNDA:6,(anonymous_11)
FNDA:22,(anonymous_12)
FNDA:5,(anonymous_13)
FNDA:5,(anonymous_14)
FNDA:5,(anonymous_15)
FNDA:5,(anonymous_16)
FNDA:15,(anonymous_17)
FNDA:15,(anonymous_18)
FNDA:65,(anonymous_19)
FNDA:60,(anonymous_20)
FNDA:20,(anonymous_21)
FNDA:10,(anonymous_22)
FNDA:20,(anonymous_23)
FNDA:20,(anonymous_24)
FNDA:40,(anonymous_25)
FNDA:5,(anonymous_26)
FNDA:15,(anonymous_27)
FNDA:35,(anonymous_28)
FNDA:24,(anonymous_29)
FNDA:17,(anonymous_30)
FNDA:24,(anonymous_31)
FNDA:22,(anonymous_32)
FNDA:22,(anonymous_33)
FNDA:12,(anonymous_34)
FNDA:17,(anonymous_35)
DA:23,87
DA:25,200
DA:28,200
DA:29,200
DA:30,200
DA:34,15
DA:35,15
DA:39,7
DA:43,22
DA:44,22
DA:45,22
DA:46,22
DA:50,3
DA:51,0
DA:54,6
DA:58,2
DA:59,1
DA:61,1
DA:65,2
DA:66,1
DA:69,1
DA:70,1
DA:71,1
DA:72,2
DA:75,1
DA:79,4
DA:80,1
DA:82,1
DA:83,3
DA:85,1
DA:89,6
DA:93,22
DA:94,17
DA:96,5
DA:97,5
DA:102,5
DA:103,5
DA:104,5
DA:105,5
DA:106,5
DA:107,5
DA:108,5
DA:109,15
DA:110,10
DA:114,5
DA:118,65
DA:119,60
DA:120,15
DA:124,20
DA:128,10
DA:129,20
DA:130,20
DA:135,20
DA:136,15
DA:138,20
DA:142,20
DA:143,20
DA:144,20
DA:145,20
DA:149,40
DA:150,35
DA:155,5
DA:157,5
DA:158,15
DA:159,15
DA:160,35
DA:161,35
DA:162,20
DA:165,15
DA:168,5
DA:172,24
DA:173,24
DA:174,16
DA:175,17
DA:176,24
DA:178,17
DA:181,24
DA:185,22
DA:189,22
DA:193,12
DA:194,17
LF:81
LH:80
BRDA:50,0,0,0
BRDA:50,0,1,3
BRDA:58,1,0,1
BRDA:58,1,1,1
BRDA:58,2,0,2
BRDA:58,2,1,2
BRDA:65,3,0,1
BRDA:65,3,1,1
BRDA:65,4,0,2
BRDA:65,4,1,2
BRDA:93,5,0,17
BRDA:93,5,1,5
BRDA:109,6,0,10
BRDA:109,6,1,5
BRDA:120,7,0,15
BRDA:120,7,1,10
BRDA:120,7,2,10
BRDA:120,7,3,10
BRDA:135,8,0,15
BRDA:135,8,1,5
BRDA:149,9,0,35
BRDA:149,9,1,5
BRDA:161,10,0,20
BRDA:161,10,1,15
BRDA:173,11,0,16
BRDA:173,11,1,8
BRF:26
BRH:25
end_of_record
TN:
SF:/home/travis/build/MaibornWolff/codecharta/visualization/app/codeCharta/state/fileState.service.ts
FN:17,(anonymous_0)
FN:19,(anonymous_1)
FN:23,(anonymous_2)
FN:27,(anonymous_3)
FN:28,(anonymous_4)
FN:31,(anonymous_5)
FN:35,(anonymous_6)
FN:40,(anonymous_7)
FN:42,(anonymous_8)
FN:49,(anonymous_9)
FN:55,(anonymous_10)
FN:57,(anonymous_11)
FN:58,(anonymous_12)
FN:70,(anonymous_13)
FN:72,(anonymous_14)
FN:76,(anonymous_15)
FN:78,(anonymous_16)
FN:78,(anonymous_17)
FN:82,(anonymous_18)
FN:86,(anonymous_19)
FN:90,(anonymous_20)
FN:91,(anonymous_21)
FN:94,(anonymous_22)
FN:99,(anonymous_23)
FN:100,(anonymous_24)
FNF:25
FNH:25
FNDA:341,(anonymous_0)
FNDA:2,(anonymous_1)
FNDA:5,(anonymous_2)
FNDA:9,(anonymous_3)
FNDA:2,(anonymous_4)
FNDA:58,(anonymous_5)
FNDA:1,(anonymous_6)
FNDA:7,(anonymous_7)
FNDA:3,(anonymous_8)
FNDA:1,(anonymous_9)
FNDA:5,(anonymous_10)
FNDA:6,(anonymous_11)
FNDA:7,(anonymous_12)
FNDA:1,(anonymous_13)
FNDA:2,(anonymous_14)
FNDA:4,(anonymous_15)
FNDA:6,(anonymous_16)
FNDA:3,(anonymous_17)
FNDA:795,(anonymous_18)
FNDA:9,(anonymous_19)
FNDA:16,(anonymous_20)
FNDA:19,(anonymous_21)
FNDA:16,(anonymous_22)
FNDA:1075,(anonymous_23)
FNDA:12,(anonymous_24)
DA:12,87
DA:14,341
DA:17,341
DA:20,2
DA:24,5
DA:28,9
DA:32,58
DA:36,1
DA:37,1
DA:41,7
DA:42,7
DA:43,7
DA:44,2
DA:46,7
DA:50,1
DA:51,1
DA:52,1
DA:56,5
DA:57,6
DA:58,7
DA:60,5
DA:61,3
DA:64,5
DA:65,3
DA:67,5
DA:71,1
DA:72,2
DA:73,1
DA:77,4
DA:78,6
DA:79,4
DA:83,795
DA:87,9
DA:91,19
DA:95,16
DA:96,16
DA:100,1075
DA:101,12
LF:38
LH:38
BRDA:43,0,0,2
BRDA:43,0,1,5
BRDA:60,1,0,3
BRDA:60,1,1,2
BRDA:64,2,0,3
BRDA:64,2,1,2
BRF:6
BRH:6
end_of_record
TN:
SF:/home/travis/build/MaibornWolff/codecharta/visualization/app/codeCharta/state/injector.service.ts
FN:37,(anonymous_0)
FNF:1
FNH:1
FNDA:8,(anonymous_0)
DA:41,8
DA:42,8
DA:43,8
DA:44,8
DA:45,8
DA:46,8
DA:47,8
DA:48,8
DA:49,8
DA:50,8
DA:51,8
DA:52,8
DA:53,8
DA:54,8
DA:55,8
DA:56,8
DA:57,8
DA:58,8
DA:59,8
DA:60,8
DA:61,8
DA:62,8
DA:63,8
DA:64,8
DA:65,8
DA:66,8
DA:67,8
DA:68,8
DA:69,8
DA:70,8
DA:71,8
DA:72,8
LF:32
LH:32
BRF:0
BRH:0
end_of_record
TN:
SF:/home/travis/build/MaibornWolff/codecharta/visualization/app/codeCharta/state/loadingStatus.service.ts
FN:16,(anonymous_0)
FN:18,(anonymous_1)
FN:23,(anonymous_2)
FN:30,(anonymous_3)
FN:34,(anonymous_4)
FN:38,(anonymous_5)
FN:42,(anonymous_6)
FN:46,(anonymous_7)
FN:47,(anonymous_8)
FN:50,(anonymous_9)
FNF:10
FNH:8
FNDA:712,(anonymous_0)
FNDA:11,(anonymous_1)
FNDA:314,(anonymous_2)
FNDA:4,(anonymous_3)
FNDA:3,(anonymous_4)
FNDA:11,(anonymous_5)
FNDA:2,(anonymous_6)
FNDA:4,(anonymous_7)
FNDA:0,(anonymous_8)
FNDA:0,(anonymous_9)
DA:10,88
DA:11,88
DA:13,712
DA:14,712
DA:16,712
DA:19,11
DA:20,11
DA:24,314
DA:25,2
DA:26,2
DA:31,4
DA:35,3
DA:39,11
DA:43,2
DA:47,4
DA:48,0
DA:50,4
DA:51,0
LF:18
LH:16
BRDA:24,0,0,2
BRDA:24,0,1,312
BRF:2
BRH:2
end_of_record
TN:
SF:/home/travis/build/MaibornWolff/codecharta/visualization/app/codeCharta/state/metric.service.ts
FN:36,(anonymous_0)
FN:41,(anonymous_1)
FN:45,(anonymous_2)
FN:49,(anonymous_3)
FN:50,(anonymous_4)
FN:53,(anonymous_5)
FN:57,(anonymous_6)
FN:58,(anonymous_7)
FN:61,(anonymous_8)
FN:62,(anonymous_9)
FN:66,(anonymous_10)
FN:67,(anonymous_11)
FN:77,(anonymous_12)
FN:84,(anonymous_13)
FN:87,(anonymous_14)
FN:88,(anonymous_15)
FN:98,(anonymous_16)
FN:109,(anonymous_17)
FN:112,(anonymous_18)
FN:114,(anonymous_19)
FN:126,(anonymous_20)
FN:133,(anonymous_21)
FN:143,(anonymous_22)
FN:146,(anonymous_23)
FN:156,(anonymous_24)
FN:157,(anonymous_25)
FN:160,(anonymous_26)
FN:165,(anonymous_27)
FN:168,(anonymous_28)
FN:171,(anonymous_29)
FN:172,(anonymous_30)
FN:178,(anonymous_31)
FN:179,(anonymous_32)
FN:182,(anonymous_33)
FN:183,(anonymous_34)
FN:192,(anonymous_35)
FN:196,(anonymous_36)
FN:197,(anonymous_37)
FNF:38
FNH:35
FNDA:217,(anonymous_0)
FNDA:3,(anonymous_1)
FNDA:19,(anonymous_2)
FNDA:2,(anonymous_3)
FNDA:3,(anonymous_4)
FNDA:2,(anonymous_5)
FNDA:0,(anonymous_6)
FNDA:0,(anonymous_7)
FNDA:48,(anonymous_8)
FNDA:25,(anonymous_9)
FNDA:6,(anonymous_10)
FNDA:11,(anonymous_11)
FNDA:22,(anonymous_12)
FNDA:6,(anonymous_13)
FNDA:15,(anonymous_14)
FNDA:0,(anonymous_15)
FNDA:20,(anonymous_16)
FNDA:2,(anonymous_17)
FNDA:4,(anonymous_18)
FNDA:16,(anonymous_19)
FNDA:16,(anonymous_20)
FNDA:48,(anonymous_21)
FNDA:2,(anonymous_22)
FNDA:8,(anonymous_23)
FNDA:18,(anonymous_24)
FNDA:16,(anonymous_25)
FNDA:2,(anonymous_26)
FNDA:1,(anonymous_27)
FNDA:3,(anonymous_28)
FNDA:2,(anonymous_29)
FNDA:6,(anonymous_30)
FNDA:2,(anonymous_31)
FNDA:10,(anonymous_32)
FNDA:22,(anonymous_33)
FNDA:15,(anonymous_34)
FNDA:22,(anonymous_35)
FNDA:189,(anonymous_36)
FNDA:85,(anonymous_37)
DA:31,87
DA:34,217
DA:36,217
DA:37,217
DA:38,217
DA:42,3
DA:46,19
DA:50,3
DA:54,2
DA:58,0
DA:62,48
DA:63,48
DA:67,6
DA:68,11
DA:71,6
DA:72,5
DA:74,1
DA:78,22
DA:79,22
DA:80,22
DA:81,22
DA:85,6
DA:87,6
DA:88,15
DA:89,0
DA:90,0
DA:95,6
DA:99,20
DA:100,18
DA:103,2
DA:104,2
DA:105,2
DA:110,2
DA:112,2
DA:113,4
DA:114,4
DA:115,16
DA:119,16
DA:123,2
DA:131,16
DA:133,16
DA:134,48
DA:135,18
DA:144,2
DA:146,2
DA:147,8
DA:153,2
DA:157,18
DA:161,2
DA:162,1
DA:164,1
DA:165,1
DA:166,1
DA:168,1
DA:169,3
DA:171,1
DA:172,6
DA:174,1
DA:179,10
DA:183,22
DA:184,22
DA:193,22
DA:197,189
DA:198,85
LF:64
LH:61
BRDA:58,0,0,0
BRDA:58,0,1,0
BRDA:63,1,0,1
BRDA:63,1,1,47
BRDA:71,2,0,5
BRDA:71,2,1,1
BRDA:89,3,0,0
BRDA:89,3,1,0
BRDA:99,4,0,18
BRDA:99,4,1,2
BRDA:115,5,0,16
BRDA:115,5,1,0
BRDA:116,6,0,16
BRDA:116,6,1,16
BRDA:134,7,0,18
BRDA:134,7,1,30
BRDA:134,8,0,48
BRDA:134,8,1,40
BRDA:161,9,0,1
BRDA:161,9,1,1
BRDA:169,10,0,3
BRDA:169,10,1,0
BRDA:179,11,0,6
BRDA:179,11,1,4
BRDA:179,12,0,4
BRDA:179,12,1,0
BRDA:183,13,0,22
BRDA:183,13,1,0
BRF:28
BRH:20
end_of_record
TN:
SF:/home/travis/build/MaibornWolff/codecharta/visualization/app/codeCharta/state/nodeSearch.service.ts
FN:20,(anonymous_0)
FN:28,(anonymous_1)
FN:34,(anonymous_2)
FN:41,(anonymous_3)
FN:46,(anonymous_4)
FN:47,(anonymous_5)
FN:51,(anonymous_6)
FN:55,(anonymous_7)
FN:56,(anonymous_8)
FNF:9
FNH:8
FNDA:13,(anonymous_0)
FNDA:18,(anonymous_1)
FNDA:18,(anonymous_2)
FNDA:12,(anonymous_3)
FNDA:18,(anonymous_4)
FNDA:2,(anonymous_5)
FNDA:18,(anonymous_6)
FNDA:1,(anonymous_7)
FNDA:0,(anonymous_8)
DA:15,87
DA:17,13
DA:21,13
DA:22,13
DA:23,13
DA:25,13
DA:29,18
DA:30,18
DA:31,18
DA:35,18
DA:36,16
DA:38,2
DA:41,12
DA:42,2
DA:47,18
DA:48,18
DA:52,18
DA:56,1
DA:57,0
LF:19
LH:18
BRDA:35,0,0,16
BRDA:35,0,1,2
BRDA:47,1,0,16
BRDA:47,1,1,2
BRF:4
BRH:4
end_of_record
TN:
SF:/home/travis/build/MaibornWolff/codecharta/visualization/app/codeCharta/state/searchPanel.service.ts
FN:14,(anonymous_0)
FN:16,(anonymous_1)
FN:21,(anonymous_2)
FN:25,(anonymous_3)
FN:26,(anonymous_4)
FNF:5
FNH:4
FNDA:14,(anonymous_0)
FNDA:2,(anonymous_1)
FNDA:2,(anonymous_2)
FNDA:9,(anonymous_3)
FNDA:0,(anonymous_4)
DA:9,87
DA:11,14
DA:14,14
DA:17,2
DA:18,2
DA:22,2
DA:26,9
DA:27,0
LF:8
LH:7
BRF:0
BRH:0
end_of_record
TN:
SF:/home/travis/build/MaibornWolff/codecharta/visualization/app/codeCharta/state/state.module.ts
FNF:0
FNH:0
DA:45,87
LF:1
LH:1
BRF:0
BRH:0
end_of_record
TN:
SF:/home/travis/build/MaibornWolff/codecharta/visualization/app/codeCharta/state/store.service.ts
FN:21,(anonymous_0)
FN:26,(anonymous_1)
FN:30,(anonymous_2)
FN:35,(anonymous_3)
FN:43,(anonymous_4)
FN:47,(anonymous_5)
FN:49,(anonymous_6)
FN:53,(anonymous_7)
FN:57,(anonymous_8)
FN:58,(anonymous_9)
FNF:10
FNH:10
FNDA:655,(anonymous_0)
FNDA:6,(anonymous_1)
FNDA:312,(anonymous_2)
FNDA:1454,(anonymous_3)
FNDA:1495,(anonymous_4)
FNDA:6,(anonymous_5)
FNDA:8,(anonymous_6)
FNDA:1421,(anonymous_7)
FNDA:406,(anonymous_8)
FNDA:22696,(anonymous_9)
DA:17,87
DA:21,655
DA:22,655
DA:23,655
DA:27,6
DA:31,312
DA:32,309
DA:35,312
DA:36,1454
DA:37,1454
DA:38,1421
DA:44,1495
DA:48,6
DA:49,8
DA:50,6
DA:54,1421
DA:58,406
DA:59,22696
LF:18
LH:18
BRDA:30,0,0,309
BRDA:31,1,0,309
BRDA:31,1,1,3
BRDA:37,2,0,1421
BRDA:37,2,1,33
BRF:5
BRH:5
end_of_record
TN:
SF:/home/travis/build/MaibornWolff/codecharta/visualization/app/codeCharta/state/store/reducer.ts
FNF:0
FNH:0
DA:7,88
LF:1
LH:1
BRF:0
BRH:0
end_of_record
TN:
SF:/home/travis/build/MaibornWolff/codecharta/visualization/app/codeCharta/state/store/state.actions.ts
FN:7,(anonymous_0)
FN:18,setState
FNF:2
FNH:2
FNDA:88,(anonymous_0)
FNDA:40,setState
DA:7,88
DA:8,88
DA:19,40
DA:25,88
LF:4
LH:4
BRDA:7,0,0,88
BRDA:7,0,1,88
BRDA:18,1,0,3
BRF:3
BRH:3
end_of_record
TN:
SF:/home/travis/build/MaibornWolff/codecharta/visualization/app/codeCharta/state/store/state.splitter.ts
FN:13,splitStateActions
FNF:1
FNH:1
FNDA:318,splitStateActions
DA:14,318
DA:15,5
DA:18,313
DA:19,6
DA:22,307
DA:23,15
DA:26,292
DA:27,0
DA:30,292
DA:31,37
DA:33,37
DA:34,34
DA:37,37
DA:38,31
DA:41,37
DA:42,34
DA:45,37
DA:46,30
DA:48,37
DA:50,255
LF:20
LH:19
BRDA:14,0,0,5
BRDA:14,0,1,313
BRDA:18,1,0,6
BRDA:18,1,1,307
BRDA:22,2,0,15
BRDA:22,2,1,292
BRDA:26,3,0,0
BRDA:26,3,1,292
BRDA:30,4,0,37
BRDA:30,4,1,255
BRDA:33,5,0,34
BRDA:33,5,1,3
BRDA:37,6,0,31
BRDA:37,6,1,6
BRDA:41,7,0,34
BRDA:41,7,1,3
BRDA:45,8,0,30
BRDA:45,8,1,7
BRF:18
BRH:17
end_of_record
TN:
SF:/home/travis/build/MaibornWolff/codecharta/visualization/app/codeCharta/state/store/appSettings/appSettings.actions.ts
FN:19,(anonymous_0)
FN:30,setAppSettings
FNF:2
FNH:2
FNDA:88,(anonymous_0)
FNDA:17,setAppSettings
DA:19,88
DA:20,88
DA:31,17
DA:37,88
LF:4
LH:4
BRDA:19,0,0,88
BRDA:19,0,1,88
BRDA:30,1,0,16
BRF:3
BRH:3
end_of_record
TN:
SF:/home/travis/build/MaibornWolff/codecharta/visualization/app/codeCharta/state/store/appSettings/appSettings.reducer.ts
FNF:0
FNH:0
DA:20,89
LF:1
LH:1
BRF:0
BRH:0
end_of_record
TN:
SF:/home/travis/build/MaibornWolff/codecharta/visualization/app/codeCharta/state/store/appSettings/appSettings.splitter.ts
FN:21,splitAppSettingsActions
FNF:1
FNH:1
FNDA:49,splitAppSettingsActions
DA:22,49
DA:25,49
DA:26,44
DA:29,49
DA:30,44
DA:33,49
DA:34,44
DA:37,49
DA:38,44
DA:41,49
DA:42,44
DA:45,49
DA:46,44
DA:49,49
DA:50,44
DA:53,49
DA:54,44
DA:57,49
DA:58,46
DA:61,49
DA:62,46
DA:65,49
DA:66,45
DA:69,49
DA:70,46
DA:73,49
DA:74,45
DA:77,49
DA:78,44
DA:81,49
DA:82,44
DA:85,49
DA:86,44
DA:89,49
LF:34
LH:34
BRDA:25,0,0,44
BRDA:25,0,1,5
BRDA:29,1,0,44
BRDA:29,1,1,5
BRDA:33,2,0,44
BRDA:33,2,1,5
BRDA:37,3,0,44
BRDA:37,3,1,5
BRDA:41,4,0,44
BRDA:41,4,1,5
BRDA:45,5,0,44
BRDA:45,5,1,5
BRDA:49,6,0,44
BRDA:49,6,1,5
BRDA:53,7,0,44
BRDA:53,7,1,5
BRDA:57,8,0,46
BRDA:57,8,1,3
BRDA:61,9,0,46
BRDA:61,9,1,3
BRDA:65,10,0,45
BRDA:65,10,1,4
BRDA:69,11,0,46
BRDA:69,11,1,3
BRDA:73,12,0,45
BRDA:73,12,1,4
BRDA:77,13,0,44
BRDA:77,13,1,5
BRDA:81,14,0,44
BRDA:81,14,1,5
BRDA:85,15,0,44
BRDA:85,15,1,5
BRF:32
BRH:32
end_of_record
TN:
SF:/home/travis/build/MaibornWolff/codecharta/visualization/app/codeCharta/state/store/appSettings/amountOfEdgePreviews/amountOfEdgePreviews.actions.ts
FN:3,(anonymous_0)
FN:14,setAmountOfEdgePreviews
FNF:2
FNH:2
FNDA:91,(anonymous_0)
FNDA:1063,setAmountOfEdgePreviews
DA:3,91
DA:4,91
DA:15,1063
DA:21,91
LF:4
LH:4
BRDA:3,0,0,91
BRDA:3,0,1,91
BRDA:14,1,0,1013
BRF:3
BRH:3
end_of_record
TN:
SF:/home/travis/build/MaibornWolff/codecharta/visualization/app/codeCharta/state/store/appSettings/amountOfEdgePreviews/amountOfEdgePreviews.reducer.ts
FN:3,amountOfEdgePreviews
FNF:1
FNH:1
FNDA:2499,amountOfEdgePreviews
DA:4,2499
DA:6,52
DA:8,2447
LF:3
LH:3
BRDA:3,0,0,1012
BRDA:5,1,0,52
BRDA:5,1,1,2447
BRF:3
BRH:3
end_of_record
TN:
SF:/home/travis/build/MaibornWolff/codecharta/visualization/app/codeCharta/state/store/appSettings/amountOfEdgePreviews/amountOfEdgePreviews.service.ts
FN:13,(anonymous_0)
FN:17,(anonymous_1)
FN:23,(anonymous_2)
FN:27,(anonymous_3)
FN:31,(anonymous_4)
FN:32,(anonymous_5)
FNF:6
FNH:5
FNDA:12,(anonymous_0)
FNDA:710,(anonymous_1)
FNDA:29,(anonymous_2)
FNDA:29,(anonymous_3)
FNDA:1,(anonymous_4)
FNDA:0,(anonymous_5)
DA:11,87
DA:13,12
DA:14,12
DA:18,710
DA:19,29
DA:24,29
DA:28,29
DA:32,1
DA:33,0
LF:9
LH:8
BRDA:18,0,0,29
BRDA:18,0,1,681
BRF:2
BRH:2
end_of_record
TN:
SF:/home/travis/build/MaibornWolff/codecharta/visualization/app/codeCharta/state/store/appSettings/amountOfEdgePreviews/amountOfEdgePreviews.splitter.ts
FN:3,splitAmountOfEdgePreviewsAction
FNF:1
FNH:1
FNDA:44,splitAmountOfEdgePreviewsAction
DA:4,44
LF:1
LH:1
BRF:0
BRH:0
end_of_record
TN:
SF:/home/travis/build/MaibornWolff/codecharta/visualization/app/codeCharta/state/store/appSettings/amountOfTopLabels/amountOfTopLabels.actions.ts
FN:3,(anonymous_0)
FN:14,setAmountOfTopLabels
FNF:2
FNH:2
FNDA:91,(anonymous_0)
FNDA:1063,setAmountOfTopLabels
DA:3,91
DA:4,91
DA:15,1063
DA:21,91
LF:4
LH:4
BRDA:3,0,0,91
BRDA:3,0,1,91
BRDA:14,1,0,1013
BRF:3
BRH:3
end_of_record
TN:
SF:/home/travis/build/MaibornWolff/codecharta/visualization/app/codeCharta/state/store/appSettings/amountOfTopLabels/amountOfTopLabels.reducer.ts
FN:3,amountOfTopLabels
FNF:1
FNH:1
FNDA:2499,amountOfTopLabels
DA:4,2499
DA:6,52
DA:8,2447
LF:3
LH:3
BRDA:3,0,0,1012
BRDA:5,1,0,52
BRDA:5,1,1,2447
BRF:3
BRH:3
end_of_record
TN:
SF:/home/travis/build/MaibornWolff/codecharta/visualization/app/codeCharta/state/store/appSettings/amountOfTopLabels/amountOfTopLabels.service.ts
FN:13,(anonymous_0)
FN:17,(anonymous_1)
FN:23,(anonymous_2)
FN:27,(anonymous_3)
FN:31,(anonymous_4)
FN:32,(anonymous_5)
FNF:6
FNH:5
FNDA:12,(anonymous_0)
FNDA:710,(anonymous_1)
FNDA:29,(anonymous_2)
FNDA:29,(anonymous_3)
FNDA:1,(anonymous_4)
FNDA:0,(anonymous_5)
DA:11,87
DA:13,12
DA:14,12
DA:18,710
DA:19,29
DA:24,29
DA:28,29
DA:32,1
DA:33,0
LF:9
LH:8
BRDA:18,0,0,29
BRDA:18,0,1,681
BRF:2
BRH:2
end_of_record
TN:
SF:/home/travis/build/MaibornWolff/codecharta/visualization/app/codeCharta/state/store/appSettings/amountOfTopLabels/amountOfTopLabels.splitter.ts
FN:3,splitAmountOfTopLabelsAction
FNF:1
FNH:1
FNDA:44,splitAmountOfTopLabelsAction
DA:4,44
LF:1
LH:1
BRF:0
BRH:0
end_of_record
TN:
SF:/home/travis/build/MaibornWolff/codecharta/visualization/app/codeCharta/state/store/appSettings/camera/camera.actions.ts
FN:4,(anonymous_0)
FN:15,setCamera
FNF:2
FNH:2
FNDA:91,(anonymous_0)
FNDA:1064,setCamera
DA:4,91
DA:5,91
DA:16,1064
DA:22,91
LF:4
LH:4
BRDA:4,0,0,91
BRDA:4,0,1,91
BRDA:15,1,0,1013
BRF:3
BRH:3
end_of_record
TN:
SF:/home/travis/build/MaibornWolff/codecharta/visualization/app/codeCharta/state/store/appSettings/camera/camera.reducer.ts
FN:4,camera
FNF:1
FNH:1
FNDA:2499,camera
DA:5,2499
DA:7,51
DA:9,2448
LF:3
LH:3
BRDA:4,0,0,1012
BRDA:6,1,0,51
BRDA:6,1,1,2448
BRF:3
BRH:3
end_of_record
TN:
SF:/home/travis/build/MaibornWolff/codecharta/visualization/app/codeCharta/state/store/appSettings/camera/camera.service.ts
FN:14,(anonymous_0)
FN:18,(anonymous_1)
FN:24,(anonymous_2)
FN:28,(anonymous_3)
FN:33,(anonymous_4)
FN:34,(anonymous_5)
FNF:6
FNH:4
FNDA:10,(anonymous_0)
FNDA:708,(anonymous_1)
FNDA:28,(anonymous_2)
FNDA:28,(anonymous_3)
FNDA:0,(anonymous_4)
FNDA:0,(anonymous_5)
DA:12,87
DA:14,10
DA:15,10
DA:19,708
DA:20,28
DA:25,28
DA:34,0
DA:35,0
LF:8
LH:6
BRDA:19,0,0,28
BRDA:19,0,1,680
BRF:2
BRH:2
end_of_record
TN:
SF:/home/travis/build/MaibornWolff/codecharta/visualization/app/codeCharta/state/store/appSettings/camera/camera.splitter.ts
FN:4,splitCameraAction
FNF:1
FNH:1
FNDA:45,splitCameraAction
DA:5,45
LF:1
LH:1
BRF:0
BRH:0
end_of_record
TN:
SF:/home/travis/build/MaibornWolff/codecharta/visualization/app/codeCharta/state/store/appSettings/dynamicMargin/dynamicMargin.actions.ts
FN:3,(anonymous_0)
FN:14,setDynamicMargin
FNF:2
FNH:2
FNDA:91,(anonymous_0)
FNDA:1067,setDynamicMargin
DA:3,91
DA:4,91
DA:15,1067
DA:21,91
LF:4
LH:4
BRDA:3,0,0,91
BRDA:3,0,1,91
BRDA:14,1,0,1013
BRF:3
BRH:3
end_of_record
TN:
SF:/home/travis/build/MaibornWolff/codecharta/visualization/app/codeCharta/state/store/appSettings/dynamicMargin/dynamicMargin.reducer.ts
FN:3,dynamicMargin
FNF:1
FNH:1
FNDA:2499,dynamicMargin
DA:4,2499
DA:6,56
DA:8,2443
LF:3
LH:3
BRDA:3,0,0,1012
BRDA:5,1,0,56
BRDA:5,1,1,2443
BRF:3
BRH:3
end_of_record
TN:
SF:/home/travis/build/MaibornWolff/codecharta/visualization/app/codeCharta/state/store/appSettings/dynamicMargin/dynamicMargin.service.ts
FN:13,(anonymous_0)
FN:17,(anonymous_1)
FN:23,(anonymous_2)
FN:27,(anonymous_3)
FN:31,(anonymous_4)
FN:32,(anonymous_5)
FNF:6
FNH:6
FNDA:12,(anonymous_0)
FNDA:710,(anonymous_1)
FNDA:29,(anonymous_2)
FNDA:29,(anonymous_3)
FNDA:14,(anonymous_4)
FNDA:28,(anonymous_5)
DA:11,87
DA:13,12
DA:14,12
DA:18,710
DA:19,29
DA:24,29
DA:28,29
DA:32,14
DA:33,28
LF:9
LH:9
BRDA:18,0,0,29
BRDA:18,0,1,681
BRF:2
BRH:2
end_of_record
TN:
SF:/home/travis/build/MaibornWolff/codecharta/visualization/app/codeCharta/state/store/appSettings/dynamicMargin/dynamicMargin.splitter.ts
FN:3,splitDynamicMarginAction
FNF:1
FNH:1
FNDA:44,splitDynamicMarginAction
DA:4,44
LF:1
LH:1
BRF:0
BRH:0
end_of_record
TN:
SF:/home/travis/build/MaibornWolff/codecharta/visualization/app/codeCharta/state/store/appSettings/edgeHeight/edgeHeight.actions.ts
FN:3,(anonymous_0)
FN:14,setEdgeHeight
FNF:2
FNH:2
FNDA:91,(anonymous_0)
FNDA:1060,setEdgeHeight
DA:3,91
DA:4,91
DA:15,1060
DA:21,91
LF:4
LH:4
BRDA:3,0,0,91
BRDA:3,0,1,91
BRDA:14,1,0,1013
BRF:3
BRH:3
end_of_record
TN:
SF:/home/travis/build/MaibornWolff/codecharta/visualization/app/codeCharta/state/store/appSettings/edgeHeight/edgeHeight.reducer.ts
FN:3,edgeHeight
FNF:1
FNH:1
FNDA:2499,edgeHeight
DA:4,2499
DA:6,48
DA:8,2451
LF:3
LH:3
BRDA:3,0,0,1012
BRDA:5,1,0,48
BRDA:5,1,1,2451
BRF:3
BRH:3
end_of_record
TN:
SF:/home/travis/build/MaibornWolff/codecharta/visualization/app/codeCharta/state/store/appSettings/edgeHeight/edgeHeight.service.ts
FN:13,(anonymous_0)
FN:17,(anonymous_1)
FN:23,(anonymous_2)
FN:27,(anonymous_3)
FN:31,(anonymous_4)
FN:32,(anonymous_5)
FNF:6
FNH:5
FNDA:12,(anonymous_0)
FNDA:710,(anonymous_1)
FNDA:29,(anonymous_2)
FNDA:29,(anonymous_3)
FNDA:3,(anonymous_4)
FNDA:0,(anonymous_5)
DA:11,87
DA:13,12
DA:14,12
DA:18,710
DA:19,29
DA:24,29
DA:28,29
DA:32,3
DA:33,0
LF:9
LH:8
BRDA:18,0,0,29
BRDA:18,0,1,681
BRF:2
BRH:2
end_of_record
TN:
SF:/home/travis/build/MaibornWolff/codecharta/visualization/app/codeCharta/state/store/appSettings/edgeHeight/edgeHeight.splitter.ts
FN:3,splitEdgeHeightAction
FNF:1
FNH:1
FNDA:45,splitEdgeHeightAction
DA:4,45
LF:1
LH:1
BRF:0
BRH:0
end_of_record
TN:
SF:/home/travis/build/MaibornWolff/codecharta/visualization/app/codeCharta/state/store/appSettings/hideFlatBuildings/hideFlatBuildings.actions.ts
FN:3,(anonymous_0)
FN:14,setHideFlatBuildings
FNF:2
FNH:2
FNDA:91,(anonymous_0)
FNDA:1062,setHideFlatBuildings
DA:3,91
DA:4,91
DA:15,1062
DA:21,91
LF:4
LH:4
BRDA:3,0,0,91
BRDA:3,0,1,91
BRDA:14,1,0,1013
BRF:3
BRH:3
end_of_record
TN:
SF:/home/travis/build/MaibornWolff/codecharta/visualization/app/codeCharta/state/store/appSettings/hideFlatBuildings/hideFlatBuildings.reducer.ts
FN:3,hideFlatBuildings
FNF:1
FNH:1
FNDA:2499,hideFlatBuildings
DA:4,2499
DA:6,51
DA:8,2448
LF:3
LH:3
BRDA:3,0,0,1012
BRDA:5,1,0,51
BRDA:5,1,1,2448
BRF:3
BRH:3
end_of_record
TN:
SF:/home/travis/build/MaibornWolff/codecharta/visualization/app/codeCharta/state/store/appSettings/hideFlatBuildings/hideFlatBuildings.service.ts
FN:13,(anonymous_0)
FN:17,(anonymous_1)
FN:23,(anonymous_2)
FN:27,(anonymous_3)
FN:31,(anonymous_4)
FN:32,(anonymous_5)
FNF:6
FNH:5
FNDA:12,(anonymous_0)
FNDA:710,(anonymous_1)
FNDA:29,(anonymous_2)
FNDA:29,(anonymous_3)
FNDA:1,(anonymous_4)
FNDA:0,(anonymous_5)
DA:11,87
DA:13,12
DA:14,12
DA:18,710
DA:19,29
DA:24,29
DA:28,29
DA:32,1
DA:33,0
LF:9
LH:8
BRDA:18,0,0,29
BRDA:18,0,1,681
BRF:2
BRH:2
end_of_record
TN:
SF:/home/travis/build/MaibornWolff/codecharta/visualization/app/codeCharta/state/store/appSettings/hideFlatBuildings/hideFlatBuildings.splitter.ts
FN:3,splitHideFlatBuildingsAction
FNF:1
FNH:1
FNDA:46,splitHideFlatBuildingsAction
DA:4,46
LF:1
LH:1
BRF:0
BRH:0
end_of_record
TN:
SF:/home/travis/build/MaibornWolff/codecharta/visualization/app/codeCharta/state/store/appSettings/invertColorRange/invertColorRange.actions.ts
FN:3,(anonymous_0)
FN:14,setInvertColorRange
FNF:2
FNH:2
FNDA:91,(anonymous_0)
FNDA:1064,setInvertColorRange
DA:3,91
DA:4,91
DA:15,1064
DA:21,91
LF:4
LH:4
BRDA:3,0,0,91
BRDA:3,0,1,91
BRDA:14,1,0,1013
BRF:3
BRH:3
end_of_record
TN:
SF:/home/travis/build/MaibornWolff/codecharta/visualization/app/codeCharta/state/store/appSettings/invertColorRange/invertColorRange.reducer.ts
FN:3,invertColorRange
FNF:1
FNH:1
FNDA:2499,invertColorRange
DA:4,2499
DA:6,53
DA:8,2446
LF:3
LH:3
BRDA:3,0,0,1012
BRDA:5,1,0,53
BRDA:5,1,1,2446
BRF:3
BRH:3
end_of_record
TN:
SF:/home/travis/build/MaibornWolff/codecharta/visualization/app/codeCharta/state/store/appSettings/invertColorRange/invertColorRange.service.ts
FN:13,(anonymous_0)
FN:17,(anonymous_1)
FN:23,(anonymous_2)
FN:27,(anonymous_3)
FN:31,(anonymous_4)
FN:32,(anonymous_5)
FNF:6
FNH:5
FNDA:12,(anonymous_0)
FNDA:710,(anonymous_1)
FNDA:29,(anonymous_2)
FNDA:29,(anonymous_3)
FNDA:15,(anonymous_4)
FNDA:0,(anonymous_5)
DA:11,87
DA:13,12
DA:14,12
DA:18,710
DA:19,29
DA:24,29
DA:28,29
DA:32,15
DA:33,0
LF:9
LH:8
BRDA:18,0,0,29
BRDA:18,0,1,681
BRF:2
BRH:2
end_of_record
TN:
SF:/home/travis/build/MaibornWolff/codecharta/visualization/app/codeCharta/state/store/appSettings/invertColorRange/invertColorRange.splitter.ts
FN:3,splitInvertColorRangeAction
FNF:1
FNH:1
FNDA:46,splitInvertColorRangeAction
DA:4,46
LF:1
LH:1
BRF:0
BRH:0
end_of_record
TN:
SF:/home/travis/build/MaibornWolff/codecharta/visualization/app/codeCharta/state/store/appSettings/invertDeltaColors/invertDeltaColors.actions.ts
FN:3,(anonymous_0)
FN:14,setInvertDeltaColors
FNF:2
FNH:2
FNDA:91,(anonymous_0)
FNDA:1067,setInvertDeltaColors
DA:3,91
DA:4,91
DA:15,1067
DA:21,91
LF:4
LH:4
BRDA:3,0,0,91
BRDA:3,0,1,91
BRDA:14,1,0,1013
BRF:3
BRH:3
end_of_record
TN:
SF:/home/travis/build/MaibornWolff/codecharta/visualization/app/codeCharta/state/store/appSettings/invertDeltaColors/invertDeltaColors.reducer.ts
FN:3,invertDeltaColors
FNF:1
FNH:1
FNDA:2499,invertDeltaColors
DA:4,2499
DA:6,56
DA:8,2443
LF:3
LH:3
BRDA:3,0,0,1012
BRDA:5,1,0,56
BRDA:5,1,1,2443
BRF:3
BRH:3
end_of_record
TN:
SF:/home/travis/build/MaibornWolff/codecharta/visualization/app/codeCharta/state/store/appSettings/invertDeltaColors/invertDeltaColors.service.ts
FN:13,(anonymous_0)
FN:17,(anonymous_1)
FN:23,(anonymous_2)
FN:27,(anonymous_3)
FN:31,(anonymous_4)
FN:32,(anonymous_5)
FNF:6
FNH:5
FNDA:12,(anonymous_0)
FNDA:710,(anonymous_1)
FNDA:29,(anonymous_2)
FNDA:29,(anonymous_3)
FNDA:17,(anonymous_4)
FNDA:0,(anonymous_5)
DA:11,87
DA:13,12
DA:14,12
DA:18,710
DA:19,29
DA:24,29
DA:28,29
DA:32,17
DA:33,0
LF:9
LH:8
BRDA:18,0,0,29
BRDA:18,0,1,681
BRF:2
BRH:2
end_of_record
TN:
SF:/home/travis/build/MaibornWolff/codecharta/visualization/app/codeCharta/state/store/appSettings/invertDeltaColors/invertDeltaColors.splitter.ts
FN:3,splitInvertDeltaColorsAction
FNF:1
FNH:1
FNDA:44,splitInvertDeltaColorsAction
DA:4,44
LF:1
LH:1
BRF:0
BRH:0
end_of_record
TN:
SF:/home/travis/build/MaibornWolff/codecharta/visualization/app/codeCharta/state/store/appSettings/invertHeight/invertHeight.actions.ts
FN:3,(anonymous_0)
FN:14,setInvertHeight
FNF:2
FNH:2
FNDA:91,(anonymous_0)
FNDA:1059,setInvertHeight
DA:3,91
DA:4,91
DA:15,1059
DA:21,91
LF:4
LH:4
BRDA:3,0,0,91
BRDA:3,0,1,91
BRDA:14,1,0,1013
BRF:3
BRH:3
end_of_record
TN:
SF:/home/travis/build/MaibornWolff/codecharta/visualization/app/codeCharta/state/store/appSettings/invertHeight/invertHeight.reducer.ts
FN:3,invertHeight
FNF:1
FNH:1
FNDA:2499,invertHeight
DA:4,2499
DA:6,48
DA:8,2451
LF:3
LH:3
BRDA:3,0,0,1012
BRDA:5,1,0,48
BRDA:5,1,1,2451
BRF:3
BRH:3
end_of_record
TN:
SF:/home/travis/build/MaibornWolff/codecharta/visualization/app/codeCharta/state/store/appSettings/invertHeight/invertHeight.service.ts
FN:13,(anonymous_0)
FN:17,(anonymous_1)
FN:23,(anonymous_2)
FN:27,(anonymous_3)
FN:31,(anonymous_4)
FN:32,(anonymous_5)
FNF:6
FNH:5
FNDA:12,(anonymous_0)
FNDA:710,(anonymous_1)
FNDA:29,(anonymous_2)
FNDA:29,(anonymous_3)
FNDA:5,(anonymous_4)
FNDA:0,(anonymous_5)
DA:11,87
DA:13,12
DA:14,12
DA:18,710
DA:19,29
DA:24,29
DA:28,29
DA:32,5
DA:33,0
LF:9
LH:8
BRDA:18,0,0,29
BRDA:18,0,1,681
BRF:2
BRH:2
end_of_record
TN:
SF:/home/travis/build/MaibornWolff/codecharta/visualization/app/codeCharta/state/store/appSettings/invertHeight/invertHeight.splitter.ts
FN:3,splitInvertHeightAction
FNF:1
FNH:1
FNDA:44,splitInvertHeightAction
DA:4,44
LF:1
LH:1
BRF:0
BRH:0
end_of_record
TN:
SF:/home/travis/build/MaibornWolff/codecharta/visualization/app/codeCharta/state/store/appSettings/isPresentationMode/isPresentationMode.actions.ts
FN:3,(anonymous_0)
FN:14,setPresentationMode
FNF:2
FNH:2
FNDA:91,(anonymous_0)
FNDA:1062,setPresentationMode
DA:3,91
DA:4,91
DA:15,1062
DA:21,91
LF:4
LH:4
BRDA:3,0,0,91
BRDA:3,0,1,91
BRDA:14,1,0,1013
BRF:3
BRH:3
end_of_record
TN:
SF:/home/travis/build/MaibornWolff/codecharta/visualization/app/codeCharta/state/store/appSettings/isPresentationMode/isPresentationMode.reducer.ts
FN:3,isPresentationMode
FNF:1
FNH:1
FNDA:2499,isPresentationMode
DA:4,2499
DA:6,51
DA:8,2448
LF:3
LH:3
BRDA:3,0,0,1012
BRDA:5,1,0,51
BRDA:5,1,1,2448
BRF:3
BRH:3
end_of_record
TN:
SF:/home/travis/build/MaibornWolff/codecharta/visualization/app/codeCharta/state/store/appSettings/isPresentationMode/isPresentationMode.service.ts
FN:13,(anonymous_0)
FN:17,(anonymous_1)
FN:23,(anonymous_2)
FN:27,(anonymous_3)
FN:31,(anonymous_4)
FN:32,(anonymous_5)
FNF:6
FNH:5
FNDA:12,(anonymous_0)
FNDA:710,(anonymous_1)
FNDA:29,(anonymous_2)
FNDA:29,(anonymous_3)
FNDA:1,(anonymous_4)
FNDA:0,(anonymous_5)
DA:11,87
DA:13,12
DA:14,12
DA:18,710
DA:19,29
DA:24,29
DA:28,29
DA:32,1
DA:33,0
LF:9
LH:8
BRDA:18,0,0,29
BRDA:18,0,1,681
BRF:2
BRH:2
end_of_record
TN:
SF:/home/travis/build/MaibornWolff/codecharta/visualization/app/codeCharta/state/store/appSettings/isPresentationMode/isPresentationMode.splitter.ts
FN:3,splitIsPresentationModeAction
FNF:1
FNH:1
FNDA:44,splitIsPresentationModeAction
DA:4,44
LF:1
LH:1
BRF:0
BRH:0
end_of_record
TN:
SF:/home/travis/build/MaibornWolff/codecharta/visualization/app/codeCharta/state/store/appSettings/isWhiteBackground/isWhiteBackground.actions.ts
FN:3,(anonymous_0)
FN:14,setIsWhiteBackground
FNF:2
FNH:2
FNDA:91,(anonymous_0)
FNDA:1060,setIsWhiteBackground
DA:3,91
DA:4,91
DA:15,1060
DA:21,91
LF:4
LH:4
BRDA:3,0,0,91
BRDA:3,0,1,91
BRDA:14,1,0,1013
BRF:3
BRH:3
end_of_record
TN:
SF:/home/travis/build/MaibornWolff/codecharta/visualization/app/codeCharta/state/store/appSettings/isWhiteBackground/isWhiteBackground.reducer.ts
FN:3,isWhiteBackground
FNF:1
FNH:1
FNDA:2499,isWhiteBackground
DA:4,2499
DA:6,49
DA:8,2450
LF:3
LH:3
BRDA:3,0,0,1012
BRDA:5,1,0,49
BRDA:5,1,1,2450
BRF:3
BRH:3
end_of_record
TN:
SF:/home/travis/build/MaibornWolff/codecharta/visualization/app/codeCharta/state/store/appSettings/isWhiteBackground/isWhiteBackground.service.ts
FN:13,(anonymous_0)
FN:17,(anonymous_1)
FN:23,(anonymous_2)
FN:27,(anonymous_3)
FN:31,(anonymous_4)
FN:32,(anonymous_5)
FNF:6
FNH:5
FNDA:12,(anonymous_0)
FNDA:710,(anonymous_1)
FNDA:29,(anonymous_2)
FNDA:29,(anonymous_3)
FNDA:3,(anonymous_4)
FNDA:0,(anonymous_5)
DA:11,87
DA:13,12
DA:14,12
DA:18,710
DA:19,29
DA:24,29
DA:28,29
DA:32,3
DA:33,0
LF:9
LH:8
BRDA:18,0,0,29
BRDA:18,0,1,681
BRF:2
BRH:2
end_of_record
TN:
SF:/home/travis/build/MaibornWolff/codecharta/visualization/app/codeCharta/state/store/appSettings/isWhiteBackground/isWhiteBackground.splitter.ts
FN:3,splitIsWhiteBackgroundAction
FNF:1
FNH:1
FNDA:44,splitIsWhiteBackgroundAction
DA:4,44
LF:1
LH:1
BRF:0
BRH:0
end_of_record
TN:
SF:/home/travis/build/MaibornWolff/codecharta/visualization/app/codeCharta/state/store/appSettings/mapColors/mapColors.actions.ts
FN:3,(anonymous_0)
FN:14,setMapColors
FNF:2
FNH:2
FNDA:91,(anonymous_0)
FNDA:1060,setMapColors
DA:3,91
DA:4,91
DA:15,1060
DA:21,91
LF:4
LH:4
BRDA:3,0,0,91
BRDA:3,0,1,91
BRDA:14,1,0,1013
BRF:3
BRH:3
end_of_record
TN:
SF:/home/travis/build/MaibornWolff/codecharta/visualization/app/codeCharta/state/store/appSettings/mapColors/mapColors.reducer.ts
FN:5,mapColors
FNF:1
FNH:1
FNDA:2500,mapColors
DA:6,2500
DA:8,49
DA:10,2451
LF:3
LH:3
BRDA:5,0,0,1012
BRDA:7,1,0,49
BRDA:7,1,1,2451
BRF:3
BRH:3
end_of_record
TN:
SF:/home/travis/build/MaibornWolff/codecharta/visualization/app/codeCharta/state/store/appSettings/mapColors/mapColors.service.ts
FN:14,(anonymous_0)
FN:18,(anonymous_1)
FN:24,(anonymous_2)
FN:28,(anonymous_3)
FN:32,(anonymous_4)
FN:33,(anonymous_5)
FNF:6
FNH:4
FNDA:12,(anonymous_0)
FNDA:710,(anonymous_1)
FNDA:29,(anonymous_2)
FNDA:29,(anonymous_3)
FNDA:0,(anonymous_4)
FNDA:0,(anonymous_5)
DA:12,87
DA:14,12
DA:15,12
DA:19,710
DA:20,29
DA:25,29
DA:29,29
DA:33,0
DA:34,0
LF:9
LH:7
BRDA:19,0,0,29
BRDA:19,0,1,681
BRF:2
BRH:2
end_of_record
TN:
SF:/home/travis/build/MaibornWolff/codecharta/visualization/app/codeCharta/state/store/appSettings/mapColors/mapColors.splitter.ts
FN:4,splitMapColorsAction
FNF:1
FNH:1
FNDA:44,splitMapColorsAction
DA:5,44
LF:1
LH:1
BRF:0
BRH:0
end_of_record
TN:
SF:/home/travis/build/MaibornWolff/codecharta/visualization/app/codeCharta/state/store/appSettings/resetCameraIfNewFileIsLoaded/resetCameraIfNewFileIsLoaded.actions.ts
FN:3,(anonymous_0)
FN:14,setResetCameraIfNewFileIsLoaded
FNF:2
FNH:2
FNDA:91,(anonymous_0)
FNDA:1062,setResetCameraIfNewFileIsLoaded
DA:3,91
DA:4,91
DA:17,1062
DA:23,91
LF:4
LH:4
BRDA:3,0,0,91
BRDA:3,0,1,91
BRDA:15,1,0,1013
BRF:3
BRH:3
end_of_record
TN:
SF:/home/travis/build/MaibornWolff/codecharta/visualization/app/codeCharta/state/store/appSettings/resetCameraIfNewFileIsLoaded/resetCameraIfNewFileIsLoaded.reducer.ts
FN:7,resetCameraIfNewFileIsLoaded
FNF:1
FNH:1
FNDA:2499,resetCameraIfNewFileIsLoaded
DA:11,2499
DA:13,51
DA:15,2448
LF:3
LH:3
BRDA:8,0,0,1012
BRDA:12,1,0,51
BRDA:12,1,1,2448
BRF:3
BRH:3
end_of_record
TN:
SF:/home/travis/build/MaibornWolff/codecharta/visualization/app/codeCharta/state/store/appSettings/resetCameraIfNewFileIsLoaded/resetCameraIfNewFileIsLoaded.service.ts
FN:13,(anonymous_0)
FN:17,(anonymous_1)
FN:23,(anonymous_2)
FN:27,(anonymous_3)
FN:33,(anonymous_4)
FN:34,(anonymous_5)
FNF:6
FNH:5
FNDA:12,(anonymous_0)
FNDA:710,(anonymous_1)
FNDA:29,(anonymous_2)
FNDA:29,(anonymous_3)
FNDA:5,(anonymous_4)
FNDA:0,(anonymous_5)
DA:11,87
DA:13,12
DA:14,12
DA:18,710
DA:19,29
DA:24,29
DA:28,29
DA:34,5
DA:35,0
LF:9
LH:8
BRDA:18,0,0,29
BRDA:18,0,1,681
BRF:2
BRH:2
end_of_record
TN:
SF:/home/travis/build/MaibornWolff/codecharta/visualization/app/codeCharta/state/store/appSettings/resetCameraIfNewFileIsLoaded/resetCameraIfNewFileIsLoaded.splitter.ts
FN:3,splitResetCameraIfNewFileIsLoadedAction
FNF:1
FNH:1
FNDA:44,splitResetCameraIfNewFileIsLoadedAction
DA:4,44
LF:1
LH:1
BRF:0
BRH:0
end_of_record
TN:
SF:/home/travis/build/MaibornWolff/codecharta/visualization/app/codeCharta/state/store/appSettings/scaling/scaling.actions.ts
FN:4,(anonymous_0)
FN:15,setScaling
FNF:2
FNH:2
FNDA:91,(anonymous_0)
FNDA:1067,setScaling
DA:4,91
DA:5,91
DA:16,1067
DA:22,91
LF:4
LH:4
BRDA:4,0,0,91
BRDA:4,0,1,91
BRDA:15,1,0,1013
BRF:3
BRH:3
end_of_record
TN:
SF:/home/travis/build/MaibornWolff/codecharta/visualization/app/codeCharta/state/store/appSettings/scaling/scaling.reducer.ts
FN:4,scaling
FNF:1
FNH:1
FNDA:2499,scaling
DA:5,2499
DA:7,55
DA:9,2444
LF:3
LH:3
BRDA:4,0,0,1012
BRDA:6,1,0,55
BRDA:6,1,1,2444
BRF:3
BRH:3
end_of_record
TN:
SF:/home/travis/build/MaibornWolff/codecharta/visualization/app/codeCharta/state/store/appSettings/scaling/scaling.service.ts
FN:14,(anonymous_0)
FN:18,(anonymous_1)
FN:24,(anonymous_2)
FN:28,(anonymous_3)
FN:32,(anonymous_4)
FN:33,(anonymous_5)
FNF:6
FNH:6
FNDA:12,(anonymous_0)
FNDA:710,(anonymous_1)
FNDA:29,(anonymous_2)
FNDA:29,(anonymous_3)
FNDA:138,(anonymous_4)
FNDA:28,(anonymous_5)
DA:12,87
DA:14,12
DA:15,12
DA:19,710
DA:20,29
DA:25,29
DA:29,29
DA:33,138
DA:34,28
LF:9
LH:9
BRDA:19,0,0,29
BRDA:19,0,1,681
BRF:2
BRH:2
end_of_record
TN:
SF:/home/travis/build/MaibornWolff/codecharta/visualization/app/codeCharta/state/store/appSettings/scaling/scaling.splitter.ts
FN:4,splitScalingAction
FNF:1
FNH:1
FNDA:46,splitScalingAction
DA:5,46
LF:1
LH:1
BRF:0
BRH:0
end_of_record
TN:
SF:/home/travis/build/MaibornWolff/codecharta/visualization/app/codeCharta/state/store/appSettings/showOnlyBuildingsWithEdges/showOnlyBuildingsWithEdges.actions.ts
FN:3,(anonymous_0)
FN:14,setShowOnlyBuildingsWithEdges
FNF:2
FNH:2
FNDA:91,(anonymous_0)
FNDA:1063,setShowOnlyBuildingsWithEdges
DA:3,91
DA:4,91
DA:17,1063
DA:23,91
LF:4
LH:4
BRDA:3,0,0,91
BRDA:3,0,1,91
BRDA:15,1,0,1013
BRF:3
BRH:3
end_of_record
TN:
SF:/home/travis/build/MaibornWolff/codecharta/visualization/app/codeCharta/state/store/appSettings/showOnlyBuildingsWithEdges/showOnlyBuildingsWithEdges.reducer.ts
FN:7,showOnlyBuildingsWithEdges
FNF:1
FNH:1
FNDA:2499,showOnlyBuildingsWithEdges
DA:11,2499
DA:13,52
DA:15,2447
LF:3
LH:3
BRDA:8,0,0,1012
BRDA:12,1,0,52
BRDA:12,1,1,2447
BRF:3
BRH:3
end_of_record
TN:
SF:/home/travis/build/MaibornWolff/codecharta/visualization/app/codeCharta/state/store/appSettings/showOnlyBuildingsWithEdges/showOnlyBuildingsWithEdges.service.ts
FN:13,(anonymous_0)
FN:17,(anonymous_1)
FN:23,(anonymous_2)
FN:27,(anonymous_3)
FN:33,(anonymous_4)
FN:34,(anonymous_5)
FNF:6
FNH:5
FNDA:12,(anonymous_0)
FNDA:710,(anonymous_1)
FNDA:29,(anonymous_2)
FNDA:29,(anonymous_3)
FNDA:5,(anonymous_4)
FNDA:0,(anonymous_5)
DA:11,87
DA:13,12
DA:14,12
DA:18,710
DA:19,29
DA:24,29
DA:28,29
DA:34,5
DA:35,0
LF:9
LH:8
BRDA:18,0,0,29
BRDA:18,0,1,681
BRF:2
BRH:2
end_of_record
TN:
SF:/home/travis/build/MaibornWolff/codecharta/visualization/app/codeCharta/state/store/appSettings/showOnlyBuildingsWithEdges/showOnlyBuildingsWithEdges.splitter.ts
FN:3,splitShowOnlyBuildingsWithEdgesAction
FNF:1
FNH:1
FNDA:44,splitShowOnlyBuildingsWithEdgesAction
DA:4,44
LF:1
LH:1
BRF:0
BRH:0
end_of_record
TN:
SF:/home/travis/build/MaibornWolff/codecharta/visualization/app/codeCharta/state/store/appSettings/whiteColorBuildings/whiteColorBuildings.actions.ts
FN:3,(anonymous_0)
FN:14,setWhiteColorBuildings
FNF:2
FNH:2
FNDA:91,(anonymous_0)
FNDA:1060,setWhiteColorBuildings
DA:3,91
DA:4,91
DA:15,1060
DA:21,91
LF:4
LH:4
BRDA:3,0,0,91
BRDA:3,0,1,91
BRDA:14,1,0,1013
BRF:3
BRH:3
end_of_record
TN:
SF:/home/travis/build/MaibornWolff/codecharta/visualization/app/codeCharta/state/store/appSettings/whiteColorBuildings/whiteColorBuildings.reducer.ts
FN:3,whiteColorBuildings
FNF:1
FNH:1
FNDA:2499,whiteColorBuildings
DA:4,2499
DA:6,49
DA:8,2450
LF:3
LH:3
BRDA:3,0,0,1012
BRDA:5,1,0,49
BRDA:5,1,1,2450
BRF:3
BRH:3
end_of_record
TN:
SF:/home/travis/build/MaibornWolff/codecharta/visualization/app/codeCharta/state/store/appSettings/whiteColorBuildings/whiteColorBuildings.service.ts
FN:13,(anonymous_0)
FN:17,(anonymous_1)
FN:23,(anonymous_2)
FN:27,(anonymous_3)
FN:31,(anonymous_4)
FN:32,(anonymous_5)
FNF:6
FNH:5
FNDA:12,(anonymous_0)
FNDA:710,(anonymous_1)
FNDA:29,(anonymous_2)
FNDA:29,(anonymous_3)
FNDA:21,(anonymous_4)
FNDA:0,(anonymous_5)
DA:11,87
DA:13,12
DA:14,12
DA:18,710
DA:19,29
DA:24,29
DA:28,29
DA:32,21
DA:33,0
LF:9
LH:8
BRDA:18,0,0,29
BRDA:18,0,1,681
BRF:2
BRH:2
end_of_record
TN:
SF:/home/travis/build/MaibornWolff/codecharta/visualization/app/codeCharta/state/store/appSettings/whiteColorBuildings/whiteColorBuildings.splitter.ts
FN:3,splitWhiteColorBuildingsAction
FNF:1
FNH:1
FNDA:44,splitWhiteColorBuildingsAction
DA:4,44
LF:1
LH:1
BRF:0
BRH:0
end_of_record
TN:
SF:/home/travis/build/MaibornWolff/codecharta/visualization/app/codeCharta/state/store/dynamicSettings/dynamicSettings.actions.ts
FN:13,(anonymous_0)
FN:24,setDynamicSettings
FNF:2
FNH:2
FNDA:88,(anonymous_0)
FNDA:5,setDynamicSettings
DA:13,88
DA:14,88
DA:25,5
DA:31,88
LF:4
LH:4
BRDA:13,0,0,88
BRDA:13,0,1,88
BRDA:24,1,0,0
BRF:3
BRH:2
end_of_record
TN:
SF:/home/travis/build/MaibornWolff/codecharta/visualization/app/codeCharta/state/store/dynamicSettings/dynamicSettings.reducer.ts
FNF:0
FNH:0
DA:14,89
LF:1
LH:1
BRF:0
BRH:0
end_of_record
TN:
SF:/home/travis/build/MaibornWolff/codecharta/visualization/app/codeCharta/state/store/dynamicSettings/dynamicSettings.splitter.ts
FN:15,splitDynamicSettingsActions
FNF:1
FNH:1
FNDA:39,splitDynamicSettingsActions
DA:16,39
DA:19,39
DA:20,33
DA:23,39
DA:24,33
DA:27,39
DA:28,33
DA:31,39
DA:32,33
DA:35,39
DA:36,33
DA:39,39
DA:40,35
DA:43,39
DA:44,37
DA:47,39
DA:48,33
DA:51,39
DA:52,36
DA:55,39
DA:56,37
DA:59,39
LF:22
LH:22
BRDA:19,0,0,33
BRDA:19,0,1,6
BRDA:23,1,0,33
BRDA:23,1,1,6
BRDA:27,2,0,33
BRDA:27,2,1,6
BRDA:31,3,0,33
BRDA:31,3,1,6
BRDA:35,4,0,33
BRDA:35,4,1,6
BRDA:39,5,0,35
BRDA:39,5,1,4
BRDA:43,6,0,37
BRDA:43,6,1,2
BRDA:47,7,0,33
BRDA:47,7,1,6
BRDA:51,8,0,36
BRDA:51,8,1,3
BRDA:55,9,0,37
BRDA:55,9,1,2
BRF:20
BRH:20
end_of_record
TN:
SF:/home/travis/build/MaibornWolff/codecharta/visualization/app/codeCharta/state/store/dynamicSettings/areaMetric/areaMetric.actions.ts
FN:3,(anonymous_0)
FN:14,setAreaMetric
FNF:2
FNH:2
FNDA:91,(anonymous_0)
FNDA:1057,setAreaMetric
DA:3,91
DA:4,91
DA:15,1057
DA:21,91
LF:4
LH:4
BRDA:3,0,0,91
BRDA:3,0,1,91
BRDA:14,1,0,1013
BRF:3
BRH:3
end_of_record
TN:
SF:/home/travis/build/MaibornWolff/codecharta/visualization/app/codeCharta/state/store/dynamicSettings/areaMetric/areaMetric.reducer.ts
FN:3,areaMetric
FNF:1
FNH:1
FNDA:2499,areaMetric
DA:4,2499
DA:6,44
DA:8,2455
LF:3
LH:3
BRDA:3,0,0,1012
BRDA:5,1,0,44
BRDA:5,1,1,2455
BRF:3
BRH:3
end_of_record
TN:
SF:/home/travis/build/MaibornWolff/codecharta/visualization/app/codeCharta/state/store/dynamicSettings/areaMetric/areaMetric.service.ts
FN:16,(anonymous_0)
FN:21,(anonymous_1)
FN:27,(anonymous_2)
FN:33,(anonymous_3)
FN:42,(anonymous_4)
FN:46,(anonymous_5)
FN:50,(anonymous_6)
FN:51,(anonymous_7)
FNF:8
FNH:8
FNDA:17,(anonymous_0)
FNDA:710,(anonymous_1)
FNDA:20,(anonymous_2)
FNDA:2,(anonymous_3)
FNDA:15,(anonymous_4)
FNDA:15,(anonymous_5)
FNDA:17,(anonymous_6)
FNDA:14,(anonymous_7)
DA:14,87
DA:16,17
DA:17,17
DA:18,17
DA:22,710
DA:23,15
DA:28,20
DA:29,2
DA:34,2
DA:36,2
DA:37,1
DA:38,1
DA:43,15
DA:47,15
DA:51,17
DA:52,14
LF:16
LH:16
BRDA:22,0,0,15
BRDA:22,0,1,695
BRDA:28,1,0,2
BRDA:28,1,1,18
BRDA:36,2,0,1
BRDA:36,2,1,1
BRF:6
BRH:6
end_of_record
TN:
SF:/home/travis/build/MaibornWolff/codecharta/visualization/app/codeCharta/state/store/dynamicSettings/areaMetric/areaMetric.splitter.ts
FN:3,splitAreaMetricAction
FNF:1
FNH:1
FNDA:37,splitAreaMetricAction
DA:4,37
LF:1
LH:1
BRF:0
BRH:0
end_of_record
TN:
SF:/home/travis/build/MaibornWolff/codecharta/visualization/app/codeCharta/state/store/dynamicSettings/colorMetric/colorMetric.actions.ts
FN:3,(anonymous_0)
FN:14,setColorMetric
FNF:2
FNH:2
FNDA:91,(anonymous_0)
FNDA:1054,setColorMetric
DA:3,91
DA:4,91
DA:15,1054
DA:21,91
LF:4
LH:4
BRDA:3,0,0,91
BRDA:3,0,1,91
BRDA:14,1,0,1013
BRF:3
BRH:3
end_of_record
TN:
SF:/home/travis/build/MaibornWolff/codecharta/visualization/app/codeCharta/state/store/dynamicSettings/colorMetric/colorMetric.reducer.ts
FN:3,colorMetric
FNF:1
FNH:1
FNDA:2499,colorMetric
DA:4,2499
DA:6,42
DA:8,2457
LF:3
LH:3
BRDA:3,0,0,1012
BRDA:5,1,0,42
BRDA:5,1,1,2457
BRF:3
BRH:3
end_of_record
TN:
SF:/home/travis/build/MaibornWolff/codecharta/visualization/app/codeCharta/state/store/dynamicSettings/colorMetric/colorMetric.service.ts
FN:16,(anonymous_0)
FN:21,(anonymous_1)
FN:27,(anonymous_2)
FN:33,(anonymous_3)
FN:42,(anonymous_4)
FN:46,(anonymous_5)
FN:50,(anonymous_6)
FN:51,(anonymous_7)
FNF:8
FNH:8
FNDA:18,(anonymous_0)
FNDA:710,(anonymous_1)
FNDA:21,(anonymous_2)
FNDA:3,(anonymous_3)
FNDA:15,(anonymous_4)
FNDA:15,(anonymous_5)
FNDA:28,(anonymous_6)
FNDA:14,(anonymous_7)
DA:14,87
DA:16,18
DA:17,18
DA:18,18
DA:22,710
DA:23,15
DA:28,21
DA:29,3
DA:34,3
DA:36,3
DA:37,2
DA:38,2
DA:43,15
DA:47,15
DA:51,28
DA:52,14
LF:16
LH:16
BRDA:22,0,0,15
BRDA:22,0,1,695
BRDA:28,1,0,3
BRDA:28,1,1,18
BRDA:36,2,0,2
BRDA:36,2,1,1
BRF:6
BRH:6
end_of_record
TN:
SF:/home/travis/build/MaibornWolff/codecharta/visualization/app/codeCharta/state/store/dynamicSettings/colorMetric/colorMetric.splitter.ts
FN:3,splitColorMetricAction
FNF:1
FNH:1
FNDA:36,splitColorMetricAction
DA:4,36
LF:1
LH:1
BRF:0
BRH:0
end_of_record
TN:
SF:/home/travis/build/MaibornWolff/codecharta/visualization/app/codeCharta/state/store/dynamicSettings/colorRange/colorRange.actions.ts
FN:3,(anonymous_0)
FN:14,setColorRange
FNF:2
FNH:2
FNDA:91,(anonymous_0)
FNDA:1064,setColorRange
DA:3,91
DA:4,91
DA:15,1064
DA:21,91
LF:4
LH:4
BRDA:3,0,0,91
BRDA:3,0,1,91
BRDA:14,1,0,1013
BRF:3
BRH:3
end_of_record
TN:
SF:/home/travis/build/MaibornWolff/codecharta/visualization/app/codeCharta/state/store/dynamicSettings/colorRange/colorRange.reducer.ts
FN:5,colorRange
FNF:1
FNH:1
FNDA:2499,colorRange
DA:6,2499
DA:8,52
DA:10,2447
LF:3
LH:3
BRDA:5,0,0,1012
BRDA:7,1,0,52
BRDA:7,1,1,2447
BRF:3
BRH:3
end_of_record
TN:
SF:/home/travis/build/MaibornWolff/codecharta/visualization/app/codeCharta/state/store/dynamicSettings/colorRange/colorRange.reset.ts
FN:3,getResetColorRange
FNF:1
FNH:1
FNDA:17,getResetColorRange
DA:4,17
DA:5,17
DA:6,17
LF:3
LH:3
BRF:0
BRH:0
end_of_record
TN:
SF:/home/travis/build/MaibornWolff/codecharta/visualization/app/codeCharta/state/store/dynamicSettings/colorRange/colorRange.service.ts
FN:18,(anonymous_0)
FN:24,(anonymous_1)
FN:31,(anonymous_2)
FN:35,(anonymous_3)
FN:39,(anonymous_4)
FN:48,(anonymous_5)
FN:56,(anonymous_6)
FN:60,(anonymous_7)
FN:64,(anonymous_8)
FN:65,(anonymous_9)
FNF:10
FNH:9
FNDA:13,(anonymous_0)
FNDA:710,(anonymous_1)
FNDA:14,(anonymous_2)
FNDA:2,(anonymous_3)
FNDA:30,(anonymous_4)
FNDA:17,(anonymous_5)
FNDA:30,(anonymous_6)
FNDA:30,(anonymous_7)
FNDA:4,(anonymous_8)
FNDA:0,(anonymous_9)
DA:16,87
DA:18,13
DA:19,13
DA:20,13
DA:21,13
DA:25,710
DA:26,30
DA:27,30
DA:32,14
DA:36,2
DA:40,30
DA:41,30
DA:42,30
DA:43,30
DA:44,0
DA:49,17
DA:50,17
DA:52,17
DA:53,17
DA:57,30
DA:61,30
DA:65,4
DA:66,0
LF:23
LH:21
BRDA:25,0,0,30
BRDA:25,0,1,680
BRDA:43,1,0,0
BRDA:43,1,1,30
BRDA:43,2,0,30
BRDA:43,2,1,15
BRDA:43,2,2,15
BRF:7
BRH:6
end_of_record
TN:
SF:/home/travis/build/MaibornWolff/codecharta/visualization/app/codeCharta/state/store/dynamicSettings/colorRange/colorRange.splitter.ts
FN:4,splitColorRangeAction
FNF:1
FNH:1
FNDA:33,splitColorRangeAction
DA:5,33
LF:1
LH:1
BRF:0
BRH:0
end_of_record
TN:
SF:/home/travis/build/MaibornWolff/codecharta/visualization/app/codeCharta/state/store/dynamicSettings/distributionMetric/distributionMetric.actions.ts
FN:3,(anonymous_0)
FN:14,setDistributionMetric
FNF:2
FNH:2
FNDA:91,(anonymous_0)
FNDA:1052,setDistributionMetric
DA:3,91
DA:4,91
DA:15,1052
DA:21,91
LF:4
LH:4
BRDA:3,0,0,91
BRDA:3,0,1,91
BRDA:14,1,0,1013
BRF:3
BRH:3
end_of_record
TN:
SF:/home/travis/build/MaibornWolff/codecharta/visualization/app/codeCharta/state/store/dynamicSettings/distributionMetric/distributionMetric.reducer.ts
FN:3,distributionMetric
FNF:1
FNH:1
FNDA:2499,distributionMetric
DA:4,2499
DA:6,41
DA:8,2458
LF:3
LH:3
BRDA:3,0,0,1012
BRDA:5,1,0,41
BRDA:5,1,1,2458
BRF:3
BRH:3
end_of_record
TN:
SF:/home/travis/build/MaibornWolff/codecharta/visualization/app/codeCharta/state/store/dynamicSettings/distributionMetric/distributionMetric.service.ts
FN:16,(anonymous_0)
FN:21,(anonymous_1)
FN:27,(anonymous_2)
FN:33,(anonymous_3)
FN:42,(anonymous_4)
FN:46,(anonymous_5)
FN:50,(anonymous_6)
FN:51,(anonymous_7)
FNF:8
FNH:7
FNDA:17,(anonymous_0)
FNDA:710,(anonymous_1)
FNDA:20,(anonymous_2)
FNDA:2,(anonymous_3)
FNDA:15,(anonymous_4)
FNDA:15,(anonymous_5)
FNDA:7,(anonymous_6)
FNDA:0,(anonymous_7)
DA:14,87
DA:16,17
DA:17,17
DA:18,17
DA:22,710
DA:23,15
DA:28,20
DA:29,2
DA:34,2
DA:36,2
DA:37,1
DA:38,1
DA:43,15
DA:47,15
DA:51,7
DA:52,0
LF:16
LH:15
BRDA:22,0,0,15
BRDA:22,0,1,695
BRDA:28,1,0,2
BRDA:28,1,1,18
BRDA:36,2,0,1
BRDA:36,2,1,1
BRF:6
BRH:6
end_of_record
TN:
SF:/home/travis/build/MaibornWolff/codecharta/visualization/app/codeCharta/state/store/dynamicSettings/distributionMetric/distributionMetric.splitter.ts
FN:3,splitDistributionMetricAction
FNF:1
FNH:1
FNDA:33,splitDistributionMetricAction
DA:4,33
LF:1
LH:1
BRF:0
BRH:0
end_of_record
TN:
SF:/home/travis/build/MaibornWolff/codecharta/visualization/app/codeCharta/state/store/dynamicSettings/edgeMetric/edgeMetric.actions.ts
FN:3,(anonymous_0)
FN:14,setEdgeMetric
FNF:2
FNH:2
FNDA:91,(anonymous_0)
FNDA:1065,setEdgeMetric
DA:3,91
DA:4,91
DA:15,1065
DA:21,91
LF:4
LH:4
BRDA:3,0,0,91
BRDA:3,0,1,91
BRDA:14,1,0,1013
BRF:3
BRH:3
end_of_record
TN:
SF:/home/travis/build/MaibornWolff/codecharta/visualization/app/codeCharta/state/store/dynamicSettings/edgeMetric/edgeMetric.reducer.ts
FN:3,edgeMetric
FNF:1
FNH:1
FNDA:2499,edgeMetric
DA:4,2499
DA:6,54
DA:8,2445
LF:3
LH:3
BRDA:3,0,0,1012
BRDA:5,1,0,54
BRDA:5,1,1,2445
BRF:3
BRH:3
end_of_record
TN:
SF:/home/travis/build/MaibornWolff/codecharta/visualization/app/codeCharta/state/store/dynamicSettings/edgeMetric/edgeMetric.service.ts
FN:15,(anonymous_0)
FN:20,(anonymous_1)
FN:26,(anonymous_2)
FN:27,(anonymous_3)
FN:32,(anonymous_4)
FN:36,(anonymous_5)
FN:40,(anonymous_6)
FN:44,(anonymous_7)
FN:45,(anonymous_8)
FNF:9
FNH:8
FNDA:16,(anonymous_0)
FNDA:710,(anonymous_1)
FNDA:19,(anonymous_2)
FNDA:21,(anonymous_3)
FNDA:15,(anonymous_4)
FNDA:29,(anonymous_5)
FNDA:29,(anonymous_6)
FNDA:23,(anonymous_7)
FNDA:0,(anonymous_8)
DA:13,87
DA:15,16
DA:16,16
DA:17,16
DA:21,710
DA:22,29
DA:27,21
DA:28,15
DA:33,15
DA:37,29
DA:41,29
DA:45,23
DA:46,0
LF:13
LH:12
BRDA:21,0,0,29
BRDA:21,0,1,681
BRDA:27,1,0,15
BRDA:27,1,1,4
BRF:4
BRH:4
end_of_record
TN:
SF:/home/travis/build/MaibornWolff/codecharta/visualization/app/codeCharta/state/store/dynamicSettings/edgeMetric/edgeMetric.splitter.ts
FN:3,splitEdgeMetricAction
FNF:1
FNH:1
FNDA:33,splitEdgeMetricAction
DA:4,33
LF:1
LH:1
BRF:0
BRH:0
end_of_record
TN:
SF:/home/travis/build/MaibornWolff/codecharta/visualization/app/codeCharta/state/store/dynamicSettings/focusedNodePath/focusedNodePath.actions.ts
FN:3,(anonymous_0)
FN:20,focusNode
FN:27,unfocusNode
FNF:3
FNH:3
FNDA:91,(anonymous_0)
FNDA:1053,focusNode
FNDA:9,unfocusNode
DA:3,91
DA:4,91
DA:5,91
DA:21,1053
DA:28,9
DA:34,91
LF:6
LH:6
BRDA:3,0,0,91
BRDA:3,0,1,91
BRDA:20,1,0,1014
BRF:3
BRH:3
end_of_record
TN:
SF:/home/travis/build/MaibornWolff/codecharta/visualization/app/codeCharta/state/store/dynamicSettings/focusedNodePath/focusedNodePath.reducer.ts
FN:4,focusedNodePath
FNF:1
FNH:1
FNDA:2501,focusedNodePath
DA:5,2501
DA:7,40
DA:9,9
DA:11,2452
LF:4
LH:4
BRDA:4,0,0,1012
BRDA:6,1,0,40
BRDA:6,1,1,9
BRDA:6,1,2,2452
BRDA:7,2,0,1
BRDA:7,2,1,39
BRF:6
BRH:6
end_of_record
TN:
SF:/home/travis/build/MaibornWolff/codecharta/visualization/app/codeCharta/state/store/dynamicSettings/focusedNodePath/focusedNodePath.service.ts
FN:19,(anonymous_0)
FN:24,(anonymous_1)
FN:32,(anonymous_2)
FN:36,(anonymous_3)
FN:40,(anonymous_4)
FN:44,(anonymous_5)
FN:48,(anonymous_6)
FN:52,(anonymous_7)
FN:53,(anonymous_8)
FN:58,(anonymous_9)
FN:59,(anonymous_10)
FNF:11
FNH:9
FNDA:16,(anonymous_0)
FNDA:711,(anonymous_1)
FNDA:3,(anonymous_2)
FNDA:3,(anonymous_3)
FNDA:15,(anonymous_4)
FNDA:15,(anonymous_5)
FNDA:2,(anonymous_6)
FNDA:33,(anonymous_7)
FNDA:0,(anonymous_8)
FNDA:39,(anonymous_9)
FNDA:0,(anonymous_10)
DA:16,87
DA:17,87
DA:19,16
DA:20,16
DA:21,16
DA:25,711
DA:26,15
DA:27,696
DA:28,2
DA:33,3
DA:37,3
DA:41,15
DA:45,15
DA:49,2
DA:53,33
DA:54,0
DA:59,39
DA:60,0
LF:18
LH:16
BRDA:25,0,0,15
BRDA:25,0,1,696
BRDA:27,1,0,2
BRDA:27,1,1,694
BRF:4
BRH:4
end_of_record
TN:
SF:/home/travis/build/MaibornWolff/codecharta/visualization/app/codeCharta/state/store/dynamicSettings/focusedNodePath/focusedNodePath.splitter.ts
FN:3,splitFocusedNodePathAction
FNF:1
FNH:1
FNDA:35,splitFocusedNodePathAction
DA:4,35
DA:5,3
DA:7,32
LF:3
LH:3
BRDA:4,0,0,3
BRDA:4,0,1,32
BRF:2
BRH:2
end_of_record
TN:
SF:/home/travis/build/MaibornWolff/codecharta/visualization/app/codeCharta/state/store/dynamicSettings/heightMetric/heightMetric.actions.ts
FN:3,(anonymous_0)
FN:14,setHeightMetric
FNF:2
FNH:2
FNDA:91,(anonymous_0)
FNDA:1064,setHeightMetric
DA:3,91
DA:4,91
DA:15,1064
DA:21,91
LF:4
LH:4
BRDA:3,0,0,91
BRDA:3,0,1,91
BRDA:14,1,0,1013
BRF:3
BRH:3
end_of_record
TN:
SF:/home/travis/build/MaibornWolff/codecharta/visualization/app/codeCharta/state/store/dynamicSettings/heightMetric/heightMetric.reducer.ts
FN:3,heightMetric
FNF:1
FNH:1
FNDA:2499,heightMetric
DA:4,2499
DA:6,51
DA:8,2448
LF:3
LH:3
BRDA:3,0,0,1012
BRDA:5,1,0,51
BRDA:5,1,1,2448
BRF:3
BRH:3
end_of_record
TN:
SF:/home/travis/build/MaibornWolff/codecharta/visualization/app/codeCharta/state/store/dynamicSettings/heightMetric/heightMetric.service.ts
FN:16,(anonymous_0)
FN:21,(anonymous_1)
FN:27,(anonymous_2)
FN:33,(anonymous_3)
FN:42,(anonymous_4)
FN:46,(anonymous_5)
FN:50,(anonymous_6)
FN:51,(anonymous_7)
FNF:8
FNH:7
FNDA:18,(anonymous_0)
FNDA:710,(anonymous_1)
FNDA:21,(anonymous_2)
FNDA:3,(anonymous_3)
FNDA:15,(anonymous_4)
FNDA:15,(anonymous_5)
FNDA:10,(anonymous_6)
FNDA:0,(anonymous_7)
DA:14,87
DA:16,18
DA:17,18
DA:18,18
DA:22,710
DA:23,15
DA:28,21
DA:29,3
DA:34,3
DA:36,3
DA:37,2
DA:38,2
DA:43,15
DA:47,15
DA:51,10
DA:52,0
LF:16
LH:15
BRDA:22,0,0,15
BRDA:22,0,1,695
BRDA:28,1,0,3
BRDA:28,1,1,18
BRDA:36,2,0,2
BRDA:36,2,1,1
BRF:6
BRH:6
end_of_record
TN:
SF:/home/travis/build/MaibornWolff/codecharta/visualization/app/codeCharta/state/store/dynamicSettings/heightMetric/heightMetric.splitter.ts
FN:3,splitHeightMetricAction
FNF:1
FNH:1
FNDA:37,splitHeightMetricAction
DA:4,37
LF:1
LH:1
BRF:0
BRH:0
end_of_record
TN:
SF:/home/travis/build/MaibornWolff/codecharta/visualization/app/codeCharta/state/store/dynamicSettings/margin/margin.actions.ts
FN:3,(anonymous_0)
FN:14,setMargin
FNF:2
FNH:2
FNDA:91,(anonymous_0)
FNDA:1053,setMargin
DA:3,91
DA:4,91
DA:15,1053
DA:21,91
LF:4
LH:4
BRDA:3,0,0,91
BRDA:3,0,1,91
BRDA:14,1,0,1013
BRF:3
BRH:3
end_of_record
TN:
SF:/home/travis/build/MaibornWolff/codecharta/visualization/app/codeCharta/state/store/dynamicSettings/margin/margin.reducer.ts
FN:3,margin
FNF:1
FNH:1
FNDA:2499,margin
DA:4,2499
DA:6,41
DA:8,2458
LF:3
LH:3
BRDA:3,0,0,1012
BRDA:5,1,0,41
BRDA:5,1,1,2458
BRF:3
BRH:3
end_of_record
TN:
SF:/home/travis/build/MaibornWolff/codecharta/visualization/app/codeCharta/state/store/dynamicSettings/margin/margin.reset.ts
FN:8,getResetMargin
FN:14,calculateMargin
FN:19,(anonymous_2)
FNF:3
FNH:3
FNDA:46,getResetMargin
FNDA:3,calculateMargin
FNDA:12,(anonymous_2)
DA:4,87
DA:5,87
DA:6,87
DA:9,46
DA:10,3
DA:15,3
DA:16,3
DA:17,3
DA:19,3
DA:20,12
DA:21,12
DA:22,9
DA:26,3
DA:27,3
LF:14
LH:14
BRDA:9,0,0,3
BRDA:9,0,1,43
BRDA:9,1,0,46
BRDA:9,1,1,45
BRDA:21,2,0,9
BRDA:21,2,1,3
BRDA:21,3,0,12
BRDA:21,3,1,12
BRF:8
BRH:8
end_of_record
TN:
SF:/home/travis/build/MaibornWolff/codecharta/visualization/app/codeCharta/state/store/dynamicSettings/margin/margin.service.ts
FN:18,(anonymous_0)
FN:28,(anonymous_1)
FN:34,(anonymous_2)
FN:38,(anonymous_3)
FN:42,(anonymous_4)
FN:55,(anonymous_5)
FN:59,(anonymous_6)
FN:63,(anonymous_7)
FN:64,(anonymous_8)
FNF:9
FNH:8
FNDA:20,(anonymous_0)
FNDA:710,(anonymous_1)
FNDA:14,(anonymous_2)
FNDA:28,(anonymous_3)
FNDA:46,(anonymous_4)
FNDA:15,(anonymous_5)
FNDA:15,(anonymous_6)
FNDA:3,(anonymous_7)
FNDA:0,(anonymous_8)
DA:16,87
DA:19,20
DA:20,20
DA:21,20
DA:23,20
DA:24,20
DA:25,20
DA:29,710
DA:30,15
DA:35,14
DA:39,28
DA:43,46
DA:44,46
DA:45,46
DA:46,46
DA:48,46
DA:50,46
DA:51,2
DA:56,15
DA:60,15
DA:64,3
DA:65,0
LF:22
LH:21
BRDA:29,0,0,15
BRDA:29,0,1,695
BRDA:50,1,0,2
BRDA:50,1,1,44
BRDA:50,2,0,46
BRDA:50,2,1,3
BRF:6
BRH:6
end_of_record
TN:
SF:/home/travis/build/MaibornWolff/codecharta/visualization/app/codeCharta/state/store/dynamicSettings/margin/margin.splitter.ts
FN:3,splitMarginAction
FNF:1
FNH:1
FNDA:33,splitMarginAction
DA:4,33
LF:1
LH:1
BRF:0
BRH:0
end_of_record
TN:
SF:/home/travis/build/MaibornWolff/codecharta/visualization/app/codeCharta/state/store/dynamicSettings/searchPattern/searchPattern.actions.ts
FN:3,(anonymous_0)
FN:14,setSearchPattern
FNF:2
FNH:2
FNDA:91,(anonymous_0)
FNDA:1056,setSearchPattern
DA:3,91
DA:4,91
DA:15,1056
DA:21,91
LF:4
LH:4
BRDA:3,0,0,91
BRDA:3,0,1,91
BRDA:14,1,0,1017
BRF:3
BRH:3
end_of_record
TN:
SF:/home/travis/build/MaibornWolff/codecharta/visualization/app/codeCharta/state/store/dynamicSettings/searchPattern/searchPattern.reducer.ts
FN:3,searchPattern
FNF:1
FNH:1
FNDA:2499,searchPattern
DA:4,2499
DA:6,44
DA:8,2455
LF:3
LH:3
BRDA:3,0,0,1012
BRDA:5,1,0,44
BRDA:5,1,1,2455
BRF:3
BRH:3
end_of_record
TN:
SF:/home/travis/build/MaibornWolff/codecharta/visualization/app/codeCharta/state/store/dynamicSettings/searchPattern/searchPattern.service.ts
FN:15,(anonymous_0)
FN:20,(anonymous_1)
FN:26,(anonymous_2)
FN:30,(anonymous_3)
FN:34,(anonymous_4)
FN:38,(anonymous_5)
FN:39,(anonymous_6)
FNF:7
FNH:7
FNDA:15,(anonymous_0)
FNDA:710,(anonymous_1)
FNDA:3,(anonymous_2)
FNDA:16,(anonymous_3)
FNDA:16,(anonymous_4)
FNDA:13,(anonymous_5)
FNDA:15,(anonymous_6)
DA:13,87
DA:15,15
DA:16,15
DA:17,15
DA:21,710
DA:22,16
DA:27,3
DA:31,16
DA:35,16
DA:39,13
DA:40,15
LF:11
LH:11
BRDA:21,0,0,16
BRDA:21,0,1,694
BRF:2
BRH:2
end_of_record
TN:
SF:/home/travis/build/MaibornWolff/codecharta/visualization/app/codeCharta/state/store/dynamicSettings/searchPattern/searchPattern.splitter.ts
FN:3,splitSearchPatternAction
FNF:1
FNH:1
FNDA:33,splitSearchPatternAction
DA:4,33
LF:1
LH:1
BRF:0
BRH:0
end_of_record
TN:
SF:/home/travis/build/MaibornWolff/codecharta/visualization/app/codeCharta/state/store/dynamicSettings/searchedNodePaths/searchedNodePaths.actions.ts
FN:3,(anonymous_0)
FN:14,setSearchedNodePaths
FNF:2
FNH:2
FNDA:91,(anonymous_0)
FNDA:1067,setSearchedNodePaths
DA:3,91
DA:4,91
DA:15,1067
DA:21,91
LF:4
LH:4
BRDA:3,0,0,91
BRDA:3,0,1,91
BRDA:14,1,0,1013
BRF:3
BRH:3
end_of_record
TN:
SF:/home/travis/build/MaibornWolff/codecharta/visualization/app/codeCharta/state/store/dynamicSettings/searchedNodePaths/searchedNodePaths.reducer.ts
FN:3,searchedNodePaths
FNF:1
FNH:1
FNDA:2499,searchedNodePaths
DA:4,2499
DA:6,56
DA:8,2443
LF:3
LH:3
BRDA:3,0,0,1012
BRDA:5,1,0,56
BRDA:5,1,1,2443
BRF:3
BRH:3
end_of_record
TN:
SF:/home/travis/build/MaibornWolff/codecharta/visualization/app/codeCharta/state/store/dynamicSettings/searchedNodePaths/searchedNodePaths.service.ts
FN:13,(anonymous_0)
FN:17,(anonymous_1)
FN:23,(anonymous_2)
FN:27,(anonymous_3)
FN:31,(anonymous_4)
FN:32,(anonymous_5)
FNF:6
FNH:4
FNDA:12,(anonymous_0)
FNDA:710,(anonymous_1)
FNDA:30,(anonymous_2)
FNDA:30,(anonymous_3)
FNDA:0,(anonymous_4)
FNDA:0,(anonymous_5)
DA:11,87
DA:13,12
DA:14,12
DA:18,710
DA:19,30
DA:24,30
DA:28,30
DA:32,0
DA:33,0
LF:9
LH:7
BRDA:18,0,0,30
BRDA:18,0,1,680
BRF:2
BRH:2
end_of_record
TN:
SF:/home/travis/build/MaibornWolff/codecharta/visualization/app/codeCharta/state/store/dynamicSettings/searchedNodePaths/searchedNodePaths.splitter.ts
FN:3,splitSearchedNodePathsAction
FNF:1
FNH:1
FNDA:33,splitSearchedNodePathsAction
DA:4,33
LF:1
LH:1
BRF:0
BRH:0
end_of_record
TN:
SF:/home/travis/build/MaibornWolff/codecharta/visualization/app/codeCharta/state/store/fileSettings/fileSettings.actions.ts
FN:7,(anonymous_0)
FN:18,setFileSettings
FNF:2
FNH:2
FNDA:88,(anonymous_0)
FNDA:7,setFileSettings
DA:7,88
DA:8,88
DA:19,7
DA:25,88
LF:4
LH:4
BRDA:7,0,0,88
BRDA:7,0,1,88
BRDA:18,1,0,0
BRF:3
BRH:2
end_of_record
TN:
SF:/home/travis/build/MaibornWolff/codecharta/visualization/app/codeCharta/state/store/fileSettings/fileSettings.reducer.ts
FNF:0
FNH:0
DA:8,89
LF:1
LH:1
BRF:0
BRH:0
end_of_record
TN:
SF:/home/travis/build/MaibornWolff/codecharta/visualization/app/codeCharta/state/store/fileSettings/fileSettings.splitter.ts
FN:9,splitFileSettingsActions
FNF:1
FNH:1
FNDA:37,splitFileSettingsActions
DA:10,37
DA:13,37
DA:14,31
DA:17,37
DA:18,31
DA:21,37
DA:22,31
DA:25,37
DA:26,33
DA:29,37
LF:10
LH:10
BRDA:13,0,0,31
BRDA:13,0,1,6
BRDA:17,1,0,31
BRDA:17,1,1,6
BRDA:21,2,0,31
BRDA:21,2,1,6
BRDA:25,3,0,33
BRDA:25,3,1,4
BRF:8
BRH:8
end_of_record
TN:
SF:/home/travis/build/MaibornWolff/codecharta/visualization/app/codeCharta/state/store/fileSettings/attributeTypes/attributeTypes.actions.ts
FN:3,(anonymous_0)
FN:14,setAttributeTypes
FNF:2
FNH:2
FNDA:91,(anonymous_0)
FNDA:1050,setAttributeTypes
DA:3,91
DA:4,91
DA:15,1050
DA:21,91
LF:4
LH:4
BRDA:3,0,0,91
BRDA:3,0,1,91
BRDA:14,1,0,1014
BRF:3
BRH:3
end_of_record
TN:
SF:/home/travis/build/MaibornWolff/codecharta/visualization/app/codeCharta/state/store/fileSettings/attributeTypes/attributeTypes.reducer.ts
FN:5,attributeTypes
FNF:1
FNH:1
FNDA:2499,attributeTypes
DA:6,2499
DA:8,39
DA:10,2460
LF:3
LH:3
BRDA:5,0,0,1012
BRDA:7,1,0,39
BRDA:7,1,1,2460
BRF:3
BRH:3
end_of_record
TN:
SF:/home/travis/build/MaibornWolff/codecharta/visualization/app/codeCharta/state/store/fileSettings/attributeTypes/attributeTypes.service.ts
FN:14,(anonymous_0)
FN:18,(anonymous_1)
FN:24,(anonymous_2)
FN:28,(anonymous_3)
FN:32,(anonymous_4)
FN:33,(anonymous_5)
FNF:6
FNH:4
FNDA:12,(anonymous_0)
FNDA:710,(anonymous_1)
FNDA:16,(anonymous_2)
FNDA:16,(anonymous_3)
FNDA:0,(anonymous_4)
FNDA:0,(anonymous_5)
DA:12,87
DA:14,12
DA:15,12
DA:19,710
DA:20,16
DA:25,16
DA:29,16
DA:33,0
DA:34,0
LF:9
LH:7
BRDA:19,0,0,16
BRDA:19,0,1,694
BRF:2
BRH:2
end_of_record
TN:
SF:/home/travis/build/MaibornWolff/codecharta/visualization/app/codeCharta/state/store/fileSettings/attributeTypes/attributeTypes.splitter.ts
FN:4,splitAttributeTypesAction
FNF:1
FNH:1
FNDA:31,splitAttributeTypesAction
DA:5,31
LF:1
LH:1
BRF:0
BRH:0
end_of_record
TN:
SF:/home/travis/build/MaibornWolff/codecharta/visualization/app/codeCharta/state/store/fileSettings/blacklist/blacklist.actions.ts
FN:3,(anonymous_0)
FN:26,addBlacklistItem
FN:33,removeBlacklistItem
FN:40,setBlacklist
FNF:4
FNH:4
FNDA:91,(anonymous_0)
FNDA:9,addBlacklistItem
FNDA:4,removeBlacklistItem
FNDA:1066,setBlacklist
DA:3,91
DA:4,91
DA:5,91
DA:6,91
DA:27,9
DA:34,4
DA:41,1066
DA:47,91
LF:8
LH:8
BRDA:3,0,0,91
BRDA:3,0,1,91
BRDA:40,1,0,1020
BRF:3
BRH:3
end_of_record
TN:
SF:/home/travis/build/MaibornWolff/codecharta/visualization/app/codeCharta/state/store/fileSettings/blacklist/blacklist.reducer.ts
FN:6,blacklist
FNF:1
FNH:1
FNDA:2501,blacklist
DA:7,2501
DA:9,11
DA:11,4
DA:13,52
DA:15,2434
LF:5
LH:5
BRDA:6,0,0,1012
BRDA:8,1,0,11
BRDA:8,1,1,4
BRDA:8,1,2,52
BRDA:8,1,3,2434
BRF:5
BRH:5
end_of_record
TN:
SF:/home/travis/build/MaibornWolff/codecharta/visualization/app/codeCharta/state/store/fileSettings/blacklist/blacklist.service.ts
FN:14,(anonymous_0)
FN:18,(anonymous_1)
FN:24,(anonymous_2)
FN:28,(anonymous_3)
FN:32,(anonymous_4)
FN:33,(anonymous_5)
FNF:6
FNH:6
FNDA:12,(anonymous_0)
FNDA:710,(anonymous_1)
FNDA:16,(anonymous_2)
FNDA:16,(anonymous_3)
FNDA:414,(anonymous_4)
FNDA:30,(anonymous_5)
DA:12,87
DA:14,12
DA:15,12
DA:19,710
DA:20,16
DA:25,16
DA:29,16
DA:33,414
DA:34,30
LF:9
LH:9
BRDA:19,0,0,16
BRDA:19,0,1,694
BRF:2
BRH:2
end_of_record
TN:
SF:/home/travis/build/MaibornWolff/codecharta/visualization/app/codeCharta/state/store/fileSettings/blacklist/blacklist.splitter.ts
FN:4,splitBlacklistAction
FNF:1
FNH:1
FNDA:33,splitBlacklistAction
DA:5,33
LF:1
LH:1
BRF:0
BRH:0
end_of_record
TN:
SF:/home/travis/build/MaibornWolff/codecharta/visualization/app/codeCharta/state/store/fileSettings/edges/edges.actions.ts
FN:3,(anonymous_0)
FN:26,setEdges
FN:33,addEdge
FN:40,removeEdge
FNF:4
FNH:4
FNDA:91,(anonymous_0)
FNDA:1052,setEdges
FNDA:1,addEdge
FNDA:1,removeEdge
DA:3,91
DA:4,91
DA:5,91
DA:6,91
DA:27,1052
DA:34,1
DA:41,1
DA:47,91
LF:8
LH:8
BRDA:3,0,0,91
BRDA:3,0,1,91
BRDA:26,1,0,1016
BRF:3
BRH:3
end_of_record
TN:
SF:/home/travis/build/MaibornWolff/codecharta/visualization/app/codeCharta/state/store/fileSettings/edges/edges.reducer.ts
FN:6,edges
FNF:1
FNH:1
FNDA:2501,edges
DA:7,2501
DA:9,41
DA:11,1
DA:13,1
DA:15,2458
LF:5
LH:5
BRDA:6,0,0,1012
BRDA:8,1,0,41
BRDA:8,1,1,1
BRDA:8,1,2,1
BRDA:8,1,3,2458
BRF:5
BRH:5
end_of_record
TN:
SF:/home/travis/build/MaibornWolff/codecharta/visualization/app/codeCharta/state/store/fileSettings/edges/edges.service.ts
FN:14,(anonymous_0)
FN:18,(anonymous_1)
FN:24,(anonymous_2)
FN:28,(anonymous_3)
FN:32,(anonymous_4)
FN:33,(anonymous_5)
FNF:6
FNH:4
FNDA:12,(anonymous_0)
FNDA:710,(anonymous_1)
FNDA:16,(anonymous_2)
FNDA:16,(anonymous_3)
FNDA:0,(anonymous_4)
FNDA:0,(anonymous_5)
DA:12,87
DA:14,12
DA:15,12
DA:19,710
DA:20,16
DA:25,16
DA:29,16
DA:33,0
DA:34,0
LF:9
LH:7
BRDA:19,0,0,16
BRDA:19,0,1,694
BRF:2
BRH:2
end_of_record
TN:
SF:/home/travis/build/MaibornWolff/codecharta/visualization/app/codeCharta/state/store/fileSettings/edges/edges.splitter.ts
FN:4,splitEdgesAction
FNF:1
FNH:1
FNDA:31,splitEdgesAction
DA:5,31
LF:1
LH:1
BRF:0
BRH:0
end_of_record
TN:
SF:/home/travis/build/MaibornWolff/codecharta/visualization/app/codeCharta/state/store/fileSettings/markedPackages/markedPackages.actions.ts
FN:3,(anonymous_0)
FN:26,setMarkedPackages
FN:33,markPackage
FN:40,unmarkPackage
FNF:4
FNH:4
FNDA:91,(anonymous_0)
FNDA:1066,setMarkedPackages
FNDA:17,markPackage
FNDA:5,unmarkPackage
DA:3,91
DA:4,91
DA:5,91
DA:6,91
DA:27,1066
DA:34,17
DA:41,5
DA:47,91
LF:8
LH:8
BRDA:3,0,0,91
BRDA:3,0,1,91
BRDA:26,1,0,1026
BRF:3
BRH:3
end_of_record
TN:
SF:/home/travis/build/MaibornWolff/codecharta/visualization/app/codeCharta/state/store/fileSettings/markedPackages/markedPackages.reducer.ts
FN:6,markedPackages
FNF:1
FNH:1
FNDA:2501,markedPackages
DA:7,2501
DA:9,55
DA:11,17
DA:13,5
DA:15,2424
LF:5
LH:5
BRDA:6,0,0,1012
BRDA:8,1,0,55
BRDA:8,1,1,17
BRDA:8,1,2,5
BRDA:8,1,3,2424
BRF:5
BRH:5
end_of_record
TN:
SF:/home/travis/build/MaibornWolff/codecharta/visualization/app/codeCharta/state/store/fileSettings/markedPackages/markedPackages.service.ts
FN:14,(anonymous_0)
FN:18,(anonymous_1)
FN:24,(anonymous_2)
FN:28,(anonymous_3)
FN:32,(anonymous_4)
FN:33,(anonymous_5)
FNF:6
FNH:5
FNDA:12,(anonymous_0)
FNDA:710,(anonymous_1)
FNDA:16,(anonymous_2)
FNDA:16,(anonymous_3)
FNDA:7,(anonymous_4)
FNDA:0,(anonymous_5)
DA:12,87
DA:14,12
DA:15,12
DA:19,710
DA:20,16
DA:25,16
DA:29,16
DA:33,7
DA:34,0
LF:9
LH:8
BRDA:19,0,0,16
BRDA:19,0,1,694
BRF:2
BRH:2
end_of_record
TN:
SF:/home/travis/build/MaibornWolff/codecharta/visualization/app/codeCharta/state/store/fileSettings/markedPackages/markedPackages.splitter.ts
FN:4,splitMarkedPackagesAction
FNF:1
FNH:1
FNDA:31,splitMarkedPackagesAction
DA:5,31
LF:1
LH:1
BRF:0
BRH:0
end_of_record
TN:
SF:/home/travis/build/MaibornWolff/codecharta/visualization/app/codeCharta/state/store/treeMap/treeMap.actions.ts
FN:4,(anonymous_0)
FN:15,setTreeMapSettings
FNF:2
FNH:1
FNDA:88,(anonymous_0)
FNDA:0,setTreeMapSettings
DA:4,88
DA:5,88
DA:16,0
DA:22,88
LF:4
LH:3
BRDA:4,0,0,88
BRDA:4,0,1,88
BRDA:15,1,0,0
BRF:3
BRH:2
end_of_record
TN:
SF:/home/travis/build/MaibornWolff/codecharta/visualization/app/codeCharta/state/store/treeMap/treeMap.reducer.ts
FNF:0
FNH:0
DA:5,89
LF:1
LH:1
BRF:0
BRH:0
end_of_record
TN:
SF:/home/travis/build/MaibornWolff/codecharta/visualization/app/codeCharta/state/store/treeMap/treeMap.splitter.ts
FN:6,splitTreeMapSettingsActions
FNF:1
FNH:1
FNDA:30,splitTreeMapSettingsActions
DA:7,30
DA:10,30
DA:11,30
DA:14,30
LF:4
LH:4
BRDA:10,0,0,30
BRDA:10,0,1,0
BRF:2
BRH:1
end_of_record
TN:
SF:/home/travis/build/MaibornWolff/codecharta/visualization/app/codeCharta/state/store/treeMap/mapSize/mapSize.actions.ts
FN:3,(anonymous_0)
FN:14,setMapSize
FNF:2
FNH:2
FNDA:91,(anonymous_0)
FNDA:1044,setMapSize
DA:3,91
DA:4,91
DA:15,1044
DA:21,91
LF:4
LH:4
BRDA:3,0,0,91
BRDA:3,0,1,91
BRDA:14,1,0,1013
BRF:3
BRH:3
end_of_record
TN:
SF:/home/travis/build/MaibornWolff/codecharta/visualization/app/codeCharta/state/store/treeMap/mapSize/mapSize.reducer.ts
FN:3,mapSize
FNF:1
FNH:1
FNDA:2499,mapSize
DA:4,2499
DA:6,33
DA:8,2466
LF:3
LH:3
BRDA:3,0,0,1012
BRDA:5,1,0,33
BRDA:5,1,1,2466
BRF:3
BRH:3
end_of_record
TN:
SF:/home/travis/build/MaibornWolff/codecharta/visualization/app/codeCharta/state/store/treeMap/mapSize/mapSize.service.ts
FN:13,(anonymous_0)
FN:17,(anonymous_1)
FN:23,(anonymous_2)
FN:27,(anonymous_3)
FN:31,(anonymous_4)
FN:32,(anonymous_5)
FNF:6
FNH:4
FNDA:12,(anonymous_0)
FNDA:710,(anonymous_1)
FNDA:15,(anonymous_2)
FNDA:15,(anonymous_3)
FNDA:0,(anonymous_4)
FNDA:0,(anonymous_5)
DA:11,87
DA:13,12
DA:14,12
DA:18,710
DA:19,15
DA:24,15
DA:28,15
DA:32,0
DA:33,0
LF:9
LH:7
BRDA:18,0,0,15
BRDA:18,0,1,695
BRF:2
BRH:2
end_of_record
TN:
SF:/home/travis/build/MaibornWolff/codecharta/visualization/app/codeCharta/state/store/treeMap/mapSize/mapSize.splitter.ts
FN:3,splitMapSizeAction
FNF:1
FNH:1
FNDA:30,splitMapSizeAction
DA:4,30
LF:1
LH:1
BRF:0
BRH:0
end_of_record
TN:
SF:/home/travis/build/MaibornWolff/codecharta/visualization/app/codeCharta/ui/ui.ts
FNF:0
FNH:0
DA:43,87
LF:1
LH:1
BRF:0
BRH:0
end_of_record
TN:
SF:/home/travis/build/MaibornWolff/codecharta/visualization/app/codeCharta/ui/areaSettingsPanel/areaSettingsPanel.component.ts
FN:25,(anonymous_0)
FN:30,(anonymous_1)
FN:35,(anonymous_2)
FN:39,(anonymous_3)
FN:43,(anonymous_4)
FN:48,(anonymous_5)
FN:52,(anonymous_6)
FNF:7
FNH:7
FNDA:12,(anonymous_0)
FNDA:2,(anonymous_1)
FNDA:1,(anonymous_2)
FNDA:1,(anonymous_3)
FNDA:2,(anonymous_4)
FNDA:2,(anonymous_5)
FNDA:2,(anonymous_6)
DA:13,87
DA:16,12
DA:25,12
DA:26,12
DA:27,12
DA:28,12
DA:30,12
DA:31,2
DA:36,1
DA:40,1
DA:44,2
DA:45,2
DA:49,2
DA:53,2
DA:54,2
DA:58,87
LF:16
LH:16
BRF:0
BRH:0
end_of_record
TN:
SF:/home/travis/build/MaibornWolff/codecharta/visualization/app/codeCharta/ui/areaSettingsPanel/areaSettingsPanel.module.ts
FNF:0
FNH:0
DA:5,87
LF:1
LH:1
BRF:0
BRH:0
end_of_record
TN:
SF:/home/travis/build/MaibornWolff/codecharta/visualization/app/codeCharta/ui/attributeSideBar/attributeSideBar.component.ts
FN:48,(anonymous_0)
FN:61,(anonymous_1)
FN:67,(anonymous_2)
FN:72,(anonymous_3)
FN:77,(anonymous_4)
FN:82,(anonymous_5)
FN:87,(anonymous_6)
FN:91,(anonymous_7)
FN:95,(anonymous_8)
FN:98,(anonymous_9)
FNF:10
FNH:9
FNDA:26,(anonymous_0)
FNDA:3,(anonymous_1)
FNDA:2,(anonymous_2)
FNDA:2,(anonymous_3)
FNDA:2,(anonymous_4)
FNDA:2,(anonymous_5)
FNDA:0,(anonymous_6)
FNDA:1,(anonymous_7)
FNDA:2,(anonymous_8)
FNDA:10,(anonymous_9)
DA:33,26
DA:49,26
DA:50,26
DA:51,26
DA:53,26
DA:54,26
DA:55,26
DA:56,26
DA:57,26
DA:58,26
DA:62,3
DA:63,3
DA:64,3
DA:68,2
DA:69,2
DA:73,2
DA:74,2
DA:78,2
DA:79,2
DA:83,2
DA:84,2
DA:88,0
DA:92,1
DA:96,2
DA:97,2
DA:98,10
DA:104,87
LF:27
LH:26
BRDA:96,0,0,2
BRDA:96,0,1,0
BRF:2
BRH:1
end_of_record
TN:
SF:/home/travis/build/MaibornWolff/codecharta/visualization/app/codeCharta/ui/attributeSideBar/attributeSideBar.module.ts
FNF:0
FNH:0
DA:7,87
LF:1
LH:1
BRF:0
BRH:0
end_of_record
TN:
SF:/home/travis/build/MaibornWolff/codecharta/visualization/app/codeCharta/ui/attributeSideBar/attributeSideBar.service.ts
FN:18,(anonymous_0)
FN:23,(anonymous_1)
FN:27,(anonymous_2)
FN:31,(anonymous_3)
FN:36,(anonymous_4)
FN:41,(anonymous_5)
FN:45,(anonymous_6)
FN:46,(anonymous_7)
FNF:8
FNH:7
FNDA:30,(anonymous_0)
FNDA:1,(anonymous_1)
FNDA:1,(anonymous_2)
FNDA:2,(anonymous_3)
FNDA:2,(anonymous_4)
FNDA:2,(anonymous_5)
FNDA:24,(anonymous_6)
FNDA:0,(anonymous_7)
DA:14,87
DA:16,30
DA:18,30
DA:19,30
DA:20,30
DA:24,1
DA:28,1
DA:32,2
DA:33,2
DA:37,2
DA:38,2
DA:42,2
DA:46,24
DA:47,0
LF:14
LH:13
BRF:0
BRH:0
end_of_record
TN:
SF:/home/travis/build/MaibornWolff/codecharta/visualization/app/codeCharta/ui/blacklistPanel/blacklistPanel.component.ts
FN:20,(anonymous_0)
FN:25,(anonymous_1)
FN:26,(anonymous_2)
FN:27,(anonymous_3)
FN:30,(anonymous_4)
FN:34,(anonymous_5)
FNF:6
FNH:6
FNDA:4,(anonymous_0)
FNDA:2,(anonymous_1)
FNDA:4,(anonymous_2)
FNDA:4,(anonymous_3)
FNDA:1,(anonymous_4)
FNDA:1,(anonymous_5)
DA:10,4
DA:20,4
DA:21,4
DA:22,4
DA:26,4
DA:27,4
DA:31,1
DA:35,1
DA:39,87
DA:45,87
LF:10
LH:10
BRF:0
BRH:0
end_of_record
TN:
SF:/home/travis/build/MaibornWolff/codecharta/visualization/app/codeCharta/ui/blacklistPanel/blacklistPanel.module.ts
FNF:0
FNH:0
DA:9,87
LF:1
LH:1
BRF:0
BRH:0
end_of_record
TN:
SF:/home/travis/build/MaibornWolff/codecharta/visualization/app/codeCharta/ui/centerMapButton/centerMapButton.component.ts
FN:14,(anonymous_0)
FN:18,(anonymous_1)
FN:22,(anonymous_2)
FN:26,(anonymous_3)
FNF:4
FNH:4
FNDA:5,(anonymous_0)
FNDA:2,(anonymous_1)
FNDA:1,(anonymous_2)
FNDA:2,(anonymous_3)
DA:7,5
DA:14,5
DA:15,5
DA:19,2
DA:23,1
DA:27,2
DA:34,87
LF:7
LH:7
BRF:0
BRH:0
end_of_record
TN:
SF:/home/travis/build/MaibornWolff/codecharta/visualization/app/codeCharta/ui/centerMapButton/centerMapButton.module.ts
FNF:0
FNH:0
DA:6,87
LF:1
LH:1
BRF:0
BRH:0
end_of_record
TN:
SF:/home/travis/build/MaibornWolff/codecharta/visualization/app/codeCharta/ui/codeMap/codeMap.actions.service.ts
FN:9,(anonymous_0)
FN:11,(anonymous_1)
FN:13,(anonymous_2)
FN:19,(anonymous_3)
FN:32,(anonymous_4)
FN:36,(anonymous_5)
FN:37,(anonymous_6)
FN:47,(anonymous_7)
FN:54,(anonymous_8)
FN:73,(anonymous_9)
FN:76,(anonymous_10)
FN:77,(anonymous_11)
FN:82,(anonymous_12)
FN:90,(anonymous_13)
FN:92,(anonymous_14)
FN:100,(anonymous_15)
FN:101,(anonymous_16)
FN:104,(anonymous_17)
FN:109,(anonymous_18)
FNF:19
FNH:17
FNDA:76,(anonymous_0)
FNDA:12,(anonymous_1)
FNDA:7,(anonymous_2)
FNDA:12,(anonymous_3)
FNDA:13,(anonymous_4)
FNDA:2,(anonymous_5)
FNDA:3,(anonymous_6)
FNDA:0,(anonymous_7)
FNDA:0,(anonymous_8)
FNDA:20,(anonymous_9)
FNDA:23,(anonymous_10)
FNDA:1,(anonymous_11)
FNDA:12,(anonymous_12)
FNDA:12,(anonymous_13)
FNDA:3,(anonymous_14)
FNDA:12,(anonymous_15)
FNDA:20,(anonymous_16)
FNDA:12,(anonymous_17)
FNDA:4,(anonymous_18)
DA:9,76
DA:12,12
DA:13,12
DA:14,12
DA:16,12
DA:20,12
DA:21,11
DA:22,1
DA:23,1
DA:25,1
DA:26,1
DA:29,12
DA:33,13
DA:37,3
DA:39,2
DA:40,1
DA:42,1
DA:43,1
DA:48,0
DA:49,0
DA:50,0
DA:51,0
DA:52,0
DA:54,0
DA:55,0
DA:59,0
DA:60,0
DA:61,0
DA:62,0
DA:63,0
DA:66,0
DA:70,0
DA:74,20
DA:76,23
DA:77,1
DA:79,20
DA:83,12
DA:91,12
DA:92,12
DA:93,3
DA:94,3
DA:95,1
DA:101,20
DA:105,12
DA:106,12
DA:110,4
DA:111,4
DA:112,3
DA:114,4
LF:49
LH:35
BRDA:20,0,0,11
BRDA:20,0,1,1
BRDA:20,1,0,12
BRDA:20,1,1,11
BRDA:22,2,0,1
BRDA:22,2,1,0
BRDA:25,3,0,1
BRDA:25,3,1,0
BRDA:33,4,0,13
BRDA:33,4,1,4
BRDA:33,4,2,4
BRDA:39,5,0,1
BRDA:39,5,1,1
BRDA:55,6,0,0
BRDA:55,6,1,0
BRDA:56,7,0,0
BRDA:56,7,1,0
BRDA:56,7,2,0
BRDA:60,8,0,0
BRDA:60,8,1,0
BRDA:62,9,0,0
BRDA:62,9,1,0
BRDA:76,10,0,23
BRDA:76,10,1,14
BRDA:79,11,0,8
BRDA:79,11,1,12
BRDA:94,12,0,1
BRDA:94,12,1,2
BRDA:94,13,0,3
BRDA:94,13,1,3
BRDA:101,14,0,20
BRDA:101,14,1,15
BRDA:111,15,0,3
BRDA:111,15,1,1
BRF:34
BRH:23
end_of_record
TN:
SF:/home/travis/build/MaibornWolff/codecharta/visualization/app/codeCharta/ui/codeMap/codeMap.arrow.service.ts
FN:18,(anonymous_0)
FN:24,(anonymous_1)
FN:35,(anonymous_2)
FN:40,(anonymous_3)
FN:45,(anonymous_4)
FN:52,(anonymous_5)
FN:67,(anonymous_6)
FN:79,(anonymous_7)
FN:111,(anonymous_8)
FN:145,(anonymous_9)
FN:159,(anonymous_10)
FN:168,(anonymous_11)
FN:170,(anonymous_12)
FN:174,(anonymous_13)
FN:193,(anonymous_14)
FN:200,(anonymous_15)
FN:208,(anonymous_16)
FNF:17
FNH:12
FNDA:169,(anonymous_0)
FNDA:0,(anonymous_1)
FNDA:0,(anonymous_2)
FNDA:0,(anonymous_3)
FNDA:2,(anonymous_4)
FNDA:1,(anonymous_5)
FNDA:0,(anonymous_6)
FNDA:5,(anonymous_7)
FNDA:0,(anonymous_8)
FNDA:4,(anonymous_9)
FNDA:1,(anonymous_10)
FNDA:1,(anonymous_11)
FNDA:2,(anonymous_12)
FNDA:4,(anonymous_13)
FNDA:4,(anonymous_14)
FNDA:4,(anonymous_15)
FNDA:4,(anonymous_16)
DA:12,169
DA:15,169
DA:18,169
DA:19,169
DA:20,169
DA:21,169
DA:25,0
DA:26,0
DA:27,0
DA:28,0
DA:29,0
DA:30,0
DA:32,0
DA:36,0
DA:37,0
DA:38,0
DA:39,0
DA:40,0
DA:42,0
DA:46,2
DA:47,2
DA:48,4
DA:53,1
DA:54,1
DA:57,1
DA:58,3
DA:59,3
DA:61,3
DA:62,1
DA:68,0
DA:69,0
DA:70,0
DA:72,0
DA:73,0
DA:76,0
DA:80,5
DA:81,5
DA:83,5
DA:89,4
DA:90,4
DA:92,4
DA:93,4
DA:94,4
DA:96,4
DA:103,4
DA:104,0
DA:106,4
DA:112,0
DA:113,0
DA:114,0
DA:118,0
DA:120,0
DA:124,0
DA:126,0
DA:127,0
DA:129,0
DA:133,0
DA:134,0
DA:138,0
DA:140,0
DA:141,0
DA:146,4
DA:147,2
DA:148,2
DA:149,2
DA:152,4
DA:153,2
DA:154,2
DA:155,2
DA:160,1
DA:161,1
DA:162,2
DA:163,2
DA:164,2
DA:169,1
DA:170,2
DA:171,1
DA:175,4
DA:179,4
DA:180,2
DA:181,2
DA:183,2
DA:187,2
DA:190,4
DA:194,4
DA:195,4
DA:197,4
DA:201,4
DA:202,4
DA:204,4
DA:205,4
DA:209,4
DA:214,4
DA:215,4
DA:216,2
DA:218,4
LF:96
LH:62
BRDA:26,0,0,0
BRDA:26,0,1,0
BRDA:26,1,0,0
BRDA:26,1,1,0
BRDA:37,2,0,0
BRDA:37,2,1,0
BRDA:53,3,0,1
BRDA:53,3,1,0
BRDA:61,4,0,1
BRDA:61,4,1,2
BRDA:61,5,0,3
BRDA:61,5,1,1
BRDA:61,5,2,1
BRDA:61,5,3,1
BRDA:72,6,0,0
BRDA:72,6,1,0
BRDA:72,7,0,0
BRDA:72,7,1,0
BRDA:72,7,2,0
BRDA:72,7,3,0
BRDA:83,8,0,4
BRDA:83,8,1,1
BRDA:84,9,0,5
BRDA:84,9,1,5
BRDA:84,9,2,4
BRDA:84,9,3,4
BRDA:103,10,0,0
BRDA:103,10,1,4
BRDA:111,11,0,0
BRDA:113,12,0,0
BRDA:113,12,1,0
BRDA:146,13,0,2
BRDA:146,13,1,2
BRDA:146,14,0,4
BRDA:146,14,1,3
BRDA:152,15,0,2
BRDA:152,15,1,2
BRDA:152,16,0,4
BRDA:152,16,1,3
BRDA:174,17,0,4
BRDA:179,18,0,2
BRDA:179,18,1,2
BRDA:200,19,0,0
BRDA:208,20,0,4
BRDA:208,21,0,4
BRDA:208,22,0,4
BRDA:215,23,0,2
BRDA:215,23,1,2
BRF:48
BRH:30
end_of_record
TN:
SF:/home/travis/build/MaibornWolff/codecharta/visualization/app/codeCharta/ui/codeMap/codeMap.component.ts
FN:21,(anonymous_0)
FN:33,(anonymous_1)
FN:39,(anonymous_2)
FN:47,(anonymous_3)
FN:51,(anonymous_4)
FN:56,(anonymous_5)
FN:58,(anonymous_6)
FN:59,(anonymous_7)
FNF:8
FNH:3
FNDA:8,(anonymous_0)
FNDA:0,(anonymous_1)
FNDA:0,(anonymous_2)
FNDA:0,(anonymous_3)
FNDA:2,(anonymous_4)
FNDA:0,(anonymous_5)
FNDA:2,(anonymous_6)
FNDA:0,(anonymous_7)
DA:12,8
DA:22,8
DA:23,8
DA:24,8
DA:25,8
DA:26,8
DA:28,8
DA:29,8
DA:30,8
DA:34,0
DA:35,0
DA:36,0
DA:40,0
DA:41,0
DA:42,0
DA:43,0
DA:48,0
DA:52,2
DA:53,2
DA:59,2
DA:63,87
LF:21
LH:13
BRDA:41,0,0,0
BRDA:41,0,1,0
BRDA:42,1,0,0
BRDA:42,1,1,0
BRF:4
BRH:0
end_of_record
TN:
SF:/home/travis/build/MaibornWolff/codecharta/visualization/app/codeCharta/ui/codeMap/codeMap.label.service.ts
FN:25,(anonymous_0)
FN:35,(anonymous_1)
FN:58,(anonymous_2)
FN:65,(anonymous_3)
FN:89,(anonymous_4)
FN:95,(anonymous_5)
FN:137,(anonymous_6)
FN:144,(anonymous_7)
FNF:8
FNH:7
FNDA:161,(anonymous_0)
FNDA:5,(anonymous_1)
FNDA:1,(anonymous_2)
FNDA:1,(anonymous_3)
FNDA:0,(anonymous_4)
FNDA:4,(anonymous_5)
FNDA:4,(anonymous_6)
FNDA:4,(anonymous_7)
DA:19,161
DA:20,161
DA:22,161
DA:23,161
DA:26,161
DA:27,161
DA:28,161
DA:29,161
DA:31,161
DA:32,161
DA:36,5
DA:37,5
DA:38,4
DA:39,4
DA:40,4
DA:42,4
DA:43,4
DA:44,4
DA:46,4
DA:47,4
DA:48,4
DA:50,4
DA:51,4
DA:53,4
DA:55,5
DA:59,1
DA:60,1
DA:61,0
DA:66,1
DA:67,1
DA:68,1
DA:69,1
DA:72,1
DA:73,2
DA:74,2
DA:82,2
DA:83,2
DA:84,2
DA:86,1
DA:90,0
DA:91,0
DA:96,4
DA:97,4
DA:98,4
DA:100,4
DA:103,4
DA:104,4
DA:107,4
DA:108,4
DA:109,4
DA:110,4
DA:111,4
DA:112,4
DA:113,4
DA:116,4
DA:117,4
DA:118,4
DA:119,4
DA:120,4
DA:122,4
DA:123,4
DA:124,4
DA:126,4
DA:127,4
DA:128,4
DA:130,4
DA:138,4
DA:139,4
DA:140,4
DA:141,4
DA:145,4
DA:150,4
DA:151,4
DA:153,4
LF:74
LH:71
BRDA:37,0,0,4
BRDA:37,0,1,1
BRDA:37,1,0,5
BRDA:37,1,1,5
BRDA:67,2,0,1
BRDA:67,2,1,0
BRDA:137,3,0,0
BRDA:140,4,0,0
BRDA:140,4,1,4
BRF:9
BRH:6
end_of_record
TN:
SF:/home/travis/build/MaibornWolff/codecharta/visualization/app/codeCharta/ui/codeMap/codeMap.module.ts
FNF:0
FNH:0
DA:15,87
LF:1
LH:1
BRF:0
BRH:0
end_of_record
TN:
[...]
DA:795,84
DA:797,84
DA:804,84
DA:811,84
DA:816,84
DA:831,84
DA:855,293
DA:856,293
DA:857,293
DA:858,293
LF:35
LH:35
BRF:0
BRH:0
end_of_record
TN:
SF:/home/travis/build/MaibornWolff/codecharta/visualization/app/codeCharta/util/deltaGenerator.ts
FN:8,(anonymous_0)
FN:18,(anonymous_1)
FN:23,(anonymous_2)
FN:24,(anonymous_3)
FN:31,(anonymous_4)
FN:37,(anonymous_5)
FN:48,(anonymous_6)
FN:57,(anonymous_7)
FN:64,(anonymous_8)
FN:67,(anonymous_9)
FN:71,(anonymous_10)
FN:79,(anonymous_11)
FN:91,(anonymous_12)
FNF:13
FNH:13
FNDA:3,(anonymous_0)
FNDA:6,(anonymous_1)
FNDA:42,(anonymous_2)
FNDA:42,(anonymous_3)
FNDA:3,(anonymous_4)
FNDA:24,(anonymous_5)
FNDA:18,(anonymous_6)
FNDA:25,(anonymous_7)
FNDA:29,(anonymous_8)
FNDA:57,(anonymous_9)
FNDA:40,(anonymous_10)
FNDA:3,(anonymous_11)
FNDA:3,(anonymous_12)
DA:9,3
DA:10,3
DA:11,3
DA:13,3
DA:14,3
DA:15,3
DA:19,6
DA:21,6
DA:23,42
DA:25,42
DA:26,42
DA:28,6
DA:35,3
DA:37,3
DA:38,24
DA:39,24
DA:40,17
DA:41,17
DA:43,7
DA:44,7
DA:48,3
DA:49,18
DA:50,1
DA:51,1
DA:54,3
DA:58,25
DA:59,25
DA:60,25
DA:61,25
DA:65,29
DA:67,29
DA:68,57
DA:71,29
DA:72,40
DA:73,10
DA:76,29
DA:80,3
DA:92,3
LF:38
LH:38
BRDA:39,0,0,17
BRDA:39,0,1,7
BRDA:49,1,0,1
BRDA:49,1,1,17
BRDA:68,2,0,32
BRDA:68,2,1,25
BRDA:72,3,0,10
BRDA:72,3,1,30
BRF:8
BRH:8
end_of_record
TN:
SF:/home/travis/build/MaibornWolff/codecharta/visualization/app/codeCharta/util/fileDownloader.ts
FN:10,(anonymous_0)
FN:22,(anonymous_1)
FN:39,(anonymous_2)
FN:44,(anonymous_3)
FN:56,(anonymous_4)
FN:64,(anonymous_5)
FN:65,(anonymous_6)
FN:68,(anonymous_7)
FN:70,(anonymous_8)
FN:83,(anonymous_9)
FN:91,(anonymous_10)
FNF:11
FNH:10
FNDA:3,(anonymous_0)
FNDA:3,(anonymous_1)
FNDA:3,(anonymous_2)
FNDA:1,(anonymous_3)
FNDA:3,(anonymous_4)
FNDA:2,(anonymous_5)
FNDA:4,(anonymous_6)
FNDA:3,(anonymous_7)
FNDA:15,(anonymous_8)
FNDA:1,(anonymous_9)
FNDA:0,(anonymous_10)
DA:17,3
DA:18,3
DA:19,3
DA:28,3
DA:40,3
DA:42,3
DA:43,1
DA:45,1
DA:50,3
DA:51,1
DA:53,3
DA:57,3
DA:58,3
DA:60,0
DA:65,4
DA:69,3
DA:70,3
DA:71,15
DA:72,15
DA:73,15
DA:74,15
DA:75,6
DA:77,9
DA:80,3
DA:84,1
DA:85,1
DA:86,2
DA:88,1
DA:92,0
DA:93,0
DA:94,0
DA:97,0
DA:98,0
DA:99,0
DA:101,0
DA:102,0
DA:103,0
DA:104,0
DA:105,0
LF:39
LH:27
BRDA:33,0,0,1
BRDA:33,0,1,2
BRDA:34,1,0,0
BRDA:34,1,1,3
BRDA:42,2,0,1
BRDA:42,2,1,2
BRDA:50,3,0,1
BRDA:50,3,1,2
BRDA:57,4,0,3
BRDA:57,4,1,0
BRDA:57,5,0,3
BRDA:57,5,1,3
BRDA:74,6,0,6
BRDA:74,6,1,9
BRDA:93,7,0,0
BRDA:93,7,1,0
BRF:16
BRH:12
end_of_record
TN:
SF:/home/travis/build/MaibornWolff/codecharta/visualization/app/codeCharta/util/fileExtensionCalculator.ts
FN:19,(anonymous_0)
FN:22,(anonymous_1)
FN:28,(anonymous_2)
FN:32,(anonymous_3)
FN:36,(anonymous_4)
FN:48,(anonymous_5)
FN:53,(anonymous_6)
FN:62,(anonymous_7)
FN:66,(anonymous_8)
FN:82,(anonymous_9)
FN:91,(anonymous_10)
FN:100,(anonymous_11)
FN:101,(anonymous_12)
FN:101,(anonymous_13)
FN:104,(anonymous_14)
FN:115,(anonymous_15)
FN:123,(anonymous_16)
FN:128,(anonymous_17)
FNF:18
FNH:18
FNDA:3,(anonymous_0)
FNDA:16,(anonymous_1)
FNDA:7,(anonymous_2)
FNDA:42,(anonymous_3)
FNDA:70,(anonymous_4)
FNDA:3,(anonymous_5)
FNDA:12,(anonymous_6)
FNDA:3,(anonymous_7)
FNDA:13,(anonymous_8)
FNDA:3,(anonymous_9)
FNDA:29,(anonymous_10)
FNDA:3,(anonymous_11)
FNDA:14,(anonymous_12)
FNDA:11,(anonymous_13)
FNDA:45,(anonymous_14)
FNDA:2,(anonymous_15)
FNDA:2,(anonymous_16)
FNDA:2,(anonymous_17)
DA:15,88
DA:16,88
DA:17,88
DA:20,3
DA:21,3
DA:22,16
DA:23,3
DA:25,3
DA:29,7
DA:30,7
DA:33,42
DA:34,39
DA:35,39
DA:36,70
DA:38,39
DA:39,10
DA:41,29
DA:45,7
DA:49,3
DA:50,3
DA:51,1
DA:53,2
DA:54,12
DA:55,12
DA:59,2
DA:63,3
DA:64,3
DA:66,3
DA:67,13
DA:68,10
DA:70,3
DA:71,3
DA:75,3
DA:76,1
DA:79,3
DA:83,3
DA:92,29
DA:101,14
DA:105,45
DA:106,38
DA:111,7
DA:116,2
DA:117,2
DA:118,6
DA:120,2
DA:124,2
DA:125,2
DA:129,2
LF:48
LH:48
BRDA:33,0,0,39
BRDA:33,0,1,3
BRDA:38,1,0,10
BRDA:38,1,1,29
BRDA:50,2,0,1
BRDA:50,2,1,2
BRDA:54,3,0,12
BRDA:54,3,1,0
BRDA:67,4,0,10
BRDA:67,4,1,3
BRDA:75,5,0,1
BRDA:75,5,1,2
BRDA:105,6,0,38
BRDA:105,6,1,7
BRF:14
BRH:13
end_of_record
TN:
SF:/home/travis/build/MaibornWolff/codecharta/visualization/app/codeCharta/util/fileNameHelper.ts
FN:6,(anonymous_0)
FN:10,(anonymous_1)
FN:22,(anonymous_2)
FN:37,(anonymous_3)
FNF:4
FNH:4
FNDA:58,(anonymous_0)
FNDA:58,(anonymous_1)
FNDA:58,(anonymous_2)
FNDA:17,(anonymous_3)
DA:4,91
DA:7,58
DA:11,58
DA:12,58
DA:23,58
DA:25,58
DA:26,58
DA:27,2
DA:28,56
DA:29,1
DA:30,55
DA:31,1
DA:34,54
DA:38,17
LF:14
LH:14
BRDA:25,0,0,58
BRDA:25,0,1,0
BRDA:26,1,0,2
BRDA:26,1,1,56
BRDA:28,2,0,1
BRDA:28,2,1,55
BRDA:30,3,0,1
BRDA:30,3,1,54
BRF:8
BRH:7
end_of_record
TN:
SF:/home/travis/build/MaibornWolff/codecharta/visualization/app/codeCharta/util/fileStateHelper.ts
FN:4,(anonymous_0)
FN:5,(anonymous_1)
FN:5,(anonymous_2)
FN:8,(anonymous_3)
FN:9,(anonymous_4)
FN:12,(anonymous_5)
FN:13,(anonymous_6)
FN:17,(anonymous_7)
FN:18,(anonymous_8)
FN:21,(anonymous_9)
FN:22,(anonymous_10)
FN:25,(anonymous_11)
FN:27,(anonymous_12)
FN:28,(anonymous_13)
FNF:14
FNH:14
FNDA:3,(anonymous_0)
FNDA:6,(anonymous_1)
FNDA:3,(anonymous_2)
FNDA:51,(anonymous_3)
FNDA:21,(anonymous_4)
FNDA:8,(anonymous_5)
FNDA:11,(anonymous_6)
FNDA:4,(anonymous_7)
FNDA:5,(anonymous_8)
FNDA:12,(anonymous_9)
FNDA:10,(anonymous_10)
FNDA:5,(anonymous_11)
FNDA:6,(anonymous_12)
FNDA:3,(anonymous_13)
DA:5,6
DA:9,51
DA:13,11
DA:14,8
DA:18,5
DA:22,12
DA:26,5
DA:27,6
DA:28,3
LF:9
LH:9
BRDA:14,0,0,7
BRDA:14,0,1,1
BRDA:22,1,0,10
BRDA:22,1,1,8
BRDA:27,2,0,5
BRDA:27,2,1,4
BRF:6
BRH:6
end_of_record
TN:
SF:/home/travis/build/MaibornWolff/codecharta/visualization/app/codeCharta/util/fileValidator.ts
FN:4,(anonymous_0)
FN:25,(anonymous_1)
FNF:2
FNH:2
FNDA:35,(anonymous_0)
FNDA:16,(anonymous_1)
DA:5,35
DA:6,22
DA:9,13
DA:10,13
DA:11,26
DA:13,13
DA:14,1
DA:17,12
DA:18,24
DA:19,0
DA:22,12
DA:26,16
DA:27,4
DA:29,12
DA:30,12
DA:31,12
DA:33,12
DA:34,1
DA:42,10
LF:19
LH:18
BRDA:5,0,0,22
BRDA:5,0,1,13
BRDA:5,1,0,35
BRDA:5,1,1,13
BRDA:13,2,0,1
BRDA:13,2,1,12
BRDA:18,3,0,0
BRDA:18,3,1,24
BRDA:26,4,0,4
BRDA:26,4,1,12
BRDA:33,5,0,1
BRDA:33,5,1,10
BRDA:42,6,0,6
BRDA:42,6,1,4
BRF:14
BRH:13
end_of_record
TN:
SF:/home/travis/build/MaibornWolff/codecharta/visualization/app/codeCharta/util/mapBuilder.ts
FN:5,(anonymous_0)
FN:8,(anonymous_1)
FN:20,(anonymous_2)
FN:30,(anonymous_3)
FN:31,(anonymous_4)
FN:34,(anonymous_5)
FN:40,(anonymous_6)
FNF:7
FNH:7
FNDA:4,(anonymous_0)
FNDA:31,(anonymous_1)
FNDA:4,(anonymous_2)
FNDA:4,(anonymous_3)
FNDA:51,(anonymous_4)
FNDA:33,(anonymous_5)
FNDA:79,(anonymous_6)
DA:6,4
DA:8,4
DA:9,31
DA:10,31
DA:11,31
DA:12,4
DA:14,27
DA:17,4
DA:21,4
DA:31,51
DA:35,33
DA:36,33
DA:37,33
DA:41,79
DA:42,33
DA:44,46
DA:45,26
DA:46,46
DA:47,46
DA:48,20
LF:20
LH:20
BRDA:11,0,0,4
BRDA:11,0,1,27
BRDA:37,1,0,4
BRDA:37,1,1,29
BRDA:41,2,0,33
BRDA:41,2,1,46
BRDA:41,3,0,79
BRDA:41,3,1,50
BRDA:44,4,0,26
BRDA:44,4,1,20
BRDA:44,5,0,46
BRDA:44,5,1,46
BRDA:47,6,0,20
BRDA:47,6,1,26
BRF:14
BRH:14
end_of_record
TN:
SF:/home/travis/build/MaibornWolff/codecharta/visualization/app/codeCharta/util/metricHelper.ts
FN:3,isAnyMetricAvailable
FN:4,(anonymous_1)
FN:8,isMetricUnavailable
FN:9,(anonymous_3)
FN:12,getMetricNameFromIndexOrLast
FN:13,(anonymous_5)
FNF:6
FNH:6
FNDA:82,isAnyMetricAvailable
FNDA:100,(anonymous_1)
FNDA:10,isMetricUnavailable
FNDA:25,(anonymous_3)
FNDA:6,getMetricNameFromIndexOrLast
FNDA:20,(anonymous_5)
DA:4,100
DA:5,82
DA:9,25
DA:13,20
DA:14,6
LF:5
LH:5
BRDA:4,0,0,100
BRDA:4,0,1,94
BRDA:5,1,0,82
BRDA:5,1,1,10
BRDA:9,2,0,25
BRDA:9,2,1,23
BRDA:9,2,2,23
BRDA:13,3,0,20
BRDA:13,3,1,18
BRF:9
BRH:9
end_of_record
TN:
SF:/home/travis/build/MaibornWolff/codecharta/visualization/app/codeCharta/util/nodeDecorator.ts
FN:9,(anonymous_0)
FN:17,(anonymous_1)
FN:23,(anonymous_2)
FN:24,(anonymous_3)
FN:34,(anonymous_4)
FN:59,(anonymous_5)
FN:62,(anonymous_6)
FN:67,(anonymous_7)
FN:74,(anonymous_8)
FN:77,(anonymous_9)
FN:86,(anonymous_10)
FN:89,(anonymous_11)
FN:90,(anonymous_12)
FN:99,(anonymous_13)
FN:108,(anonymous_14)
FN:111,(anonymous_15)
FN:119,(anonymous_16)
FN:125,(anonymous_17)
FN:127,(anonymous_18)
FN:129,(anonymous_19)
FN:135,(anonymous_20)
FN:140,(anonymous_21)
FN:147,(anonymous_22)
FN:148,(anonymous_23)
FN:148,(anonymous_24)
FN:151,(anonymous_25)
FN:156,(anonymous_26)
FN:157,(anonymous_27)
FN:157,(anonymous_28)
FN:161,(anonymous_29)
FNF:30
FNH:25
FNDA:27,(anonymous_0)
FNDA:54,(anonymous_1)
FNDA:27,(anonymous_2)
FNDA:143,(anonymous_3)
FNDA:143,(anonymous_4)
FNDA:54,(anonymous_5)
FNDA:310,(anonymous_6)
FNDA:694,(anonymous_7)
FNDA:27,(anonymous_8)
FNDA:144,(anonymous_9)
FNDA:27,(anonymous_10)
FNDA:88,(anonymous_11)
FNDA:229,(anonymous_12)
FNDA:6,(anonymous_13)
FNDA:31,(anonymous_14)
FNDA:50,(anonymous_15)
FNDA:31,(anonymous_16)
FNDA:103,(anonymous_17)
FNDA:103,(anonymous_18)
FNDA:18,(anonymous_19)
FNDA:31,(anonymous_20)
FNDA:0,(anonymous_21)
FNDA:46,(anonymous_22)
FNDA:121,(anonymous_23)
FNDA:121,(anonymous_24)
FNDA:66,(anonymous_25)
FNDA:0,(anonymous_26)
FNDA:0,(anonymous_27)
FNDA:0,(anonymous_28)
FNDA:0,(anonymous_29)
DA:10,27
DA:11,27
DA:12,27
DA:13,27
DA:14,27
DA:18,54
DA:19,54
DA:20,54
DA:24,27
DA:25,143
DA:34,27
DA:35,143
DA:36,6
DA:37,6
DA:38,6
DA:39,6
DA:40,6
DA:41,1
DA:43,6
DA:44,6
DA:45,6
DA:46,6
DA:47,137
DA:48,49
DA:49,110
DA:54,27
DA:55,27
DA:60,54
DA:61,54
DA:62,54
DA:63,310
DA:67,694
DA:71,54
DA:75,27
DA:76,27
DA:77,27
DA:78,144
DA:79,144
DA:80,144
DA:81,144
DA:87,27
DA:88,27
DA:89,27
DA:90,88
DA:91,229
DA:92,73
DA:106,6
DA:107,6
DA:108,6
DA:109,31
DA:111,50
DA:112,31
DA:113,31
DA:116,6
DA:125,31
DA:126,103
DA:127,103
DA:128,40
DA:129,18
DA:140,31
DA:141,0
DA:142,0
DA:148,121
DA:150,46
DA:151,66
DA:153,4
DA:157,0
DA:159,0
DA:160,0
DA:161,0
DA:162,0
DA:163,0
DA:165,0
DA:168,0
LF:74
LH:64
BRDA:26,0,0,143
BRDA:26,0,1,143
BRDA:26,0,2,67
BRDA:26,0,3,7
BRDA:26,0,4,6
BRDA:35,1,0,6
BRDA:35,1,1,137
BRDA:40,2,0,1
BRDA:40,2,1,5
BRDA:47,3,0,49
BRDA:47,3,1,88
BRDA:47,4,0,137
BRDA:47,4,1,137
BRDA:47,4,2,61
BRDA:54,5,0,27
BRDA:54,5,1,0
BRDA:60,6,0,54
BRDA:60,6,1,0
BRDA:60,7,0,54
BRDA:60,7,1,54
BRDA:75,8,0,27
BRDA:75,8,1,0
BRDA:79,9,0,2
BRDA:79,9,1,142
BRDA:80,10,0,144
BRDA:80,10,1,0
BRDA:87,11,0,27
BRDA:87,11,1,0
BRDA:87,12,0,27
BRDA:87,12,1,27
BRDA:91,13,0,73
BRDA:91,13,1,156
BRDA:106,14,0,6
BRDA:106,14,1,0
BRDA:126,15,0,40
BRDA:126,15,1,63
BRDA:126,16,0,103
BRDA:126,16,1,40
BRDA:128,17,0,6
BRDA:128,17,1,34
BRDA:141,18,0,0
BRDA:141,18,1,0
BRDA:141,19,0,0
BRDA:141,19,1,0
BRDA:150,20,0,42
BRDA:150,20,1,4
BRDA:159,21,0,0
BRDA:159,21,1,0
BRF:48
BRH:36
end_of_record
TN:
SF:/home/travis/build/MaibornWolff/codecharta/visualization/app/codeCharta/util/reduxHelper.ts
FN:4,removeItemFromArray
FN:5,(anonymous_1)
FN:10,addItemToArray
FN:19,arrayContainsItem
FN:20,(anonymous_4)
FN:23,isEqualObject
FNF:6
FNH:6
FNDA:11,removeItemFromArray
FNDA:13,(anonymous_1)
FNDA:30,addItemToArray
FNDA:30,arrayContainsItem
FNDA:22,(anonymous_4)
FNDA:35,isEqualObject
DA:5,11
DA:6,13
DA:11,30
DA:12,18
DA:13,18
DA:14,18
DA:16,12
DA:20,30
DA:24,35
LF:9
LH:9
BRDA:11,0,0,18
BRDA:11,0,1,12
BRF:2
BRH:2
end_of_record
TN:
SF:/home/travis/build/MaibornWolff/codecharta/visualization/app/codeCharta/util/scenarioHelper.ts
FN:14,(anonymous_0)
FN:15,(anonymous_1)
FN:18,(anonymous_2)
FN:19,(anonymous_3)
FN:27,(anonymous_4)
FN:28,(anonymous_5)
FN:31,(anonymous_6)
FN:32,(anonymous_7)
FN:35,(anonymous_8)
FN:36,(anonymous_9)
FNF:10
FNH:10
FNDA:2,(anonymous_0)
FNDA:8,(anonymous_1)
FNDA:2,(anonymous_2)
FNDA:6,(anonymous_3)
FNDA:1,(anonymous_4)
FNDA:1,(anonymous_5)
FNDA:1,(anonymous_6)
FNDA:1,(anonymous_7)
FNDA:90,(anonymous_8)
FNDA:360,(anonymous_9)
DA:12,88
DA:15,8
DA:19,6
DA:20,2
DA:28,1
DA:32,1
DA:36,90
DA:37,360
DA:39,90
LF:9
LH:9
BRDA:21,0,0,2
BRDA:21,0,1,1
BRDA:21,0,2,1
BRF:3
BRH:3
end_of_record
TN:
SF:/home/travis/build/MaibornWolff/codecharta/visualization/app/codeCharta/util/settingsHelper.ts
FN:5,convertToVectors
FNF:1
FNH:1
FNDA:1096,convertToVectors
DA:6,1096
DA:8,1096
DA:9,2555
DA:10,731
DA:11,731
DA:12,731
DA:14,731
DA:15,6
DA:21,731
LF:9
LH:9
BRDA:9,0,0,731
BRDA:9,0,1,1824
BRDA:14,1,0,6
BRDA:14,1,1,725
BRDA:14,2,0,731
BRDA:14,2,1,728
BRDA:14,2,2,725
BRDA:16,3,0,3
BRDA:16,3,1,3
BRDA:17,4,0,6
BRDA:17,4,1,0
BRDA:18,5,0,3
BRDA:18,5,1,3
BRF:13
BRH:12
end_of_record
TN:
SF:/home/travis/build/MaibornWolff/codecharta/visualization/app/codeCharta/util/settingsMerger.ts
FN:12,(anonymous_0)
FN:28,(anonymous_1)
FN:39,(anonymous_2)
FN:52,(anonymous_3)
FN:62,(anonymous_4)
FN:75,(anonymous_5)
FN:84,(anonymous_6)
FN:93,(anonymous_7)
FN:100,(anonymous_8)
FN:104,(anonymous_9)
FN:108,(anonymous_10)
FN:115,(anonymous_11)
FN:121,(anonymous_12)
FN:133,(anonymous_13)
FN:139,(anonymous_14)
FNF:15
FNH:12
FNDA:17,(anonymous_0)
FNDA:30,(anonymous_1)
FNDA:9,(anonymous_2)
FNDA:30,(anonymous_3)
FNDA:14,(anonymous_4)
FNDA:30,(anonymous_5)
FNDA:10,(anonymous_6)
FNDA:0,(anonymous_7)
FNDA:0,(anonymous_8)
FNDA:30,(anonymous_9)
FNDA:4,(anonymous_10)
FNDA:1,(anonymous_11)
FNDA:17,(anonymous_12)
FNDA:0,(anonymous_13)
FNDA:17,(anonymous_14)
DA:6,88
DA:7,88
DA:8,88
DA:9,88
DA:10,88
DA:13,17
DA:14,0
DA:17,17
DA:19,17
DA:20,30
DA:21,30
DA:22,30
DA:23,30
DA:25,17
DA:29,30
DA:30,29
DA:31,18
DA:39,18
DA:41,18
DA:42,7
DA:43,14
DA:46,11
DA:53,30
DA:54,29
DA:55,28
DA:62,28
DA:64,28
DA:65,12
DA:66,12
DA:69,16
DA:76,30
DA:77,30
DA:78,8
DA:84,10
DA:86,8
DA:87,7
DA:94,0
DA:95,0
DA:97,0
DA:101,0
DA:105,30
DA:106,30
DA:107,9
DA:108,9
DA:109,6
DA:113,30
DA:114,6
DA:115,6
DA:116,6
DA:122,17
DA:134,0
DA:135,0
DA:136,0
DA:140,17
DA:141,17
DA:142,17
DA:143,17
DA:144,17
LF:58
LH:50
BRDA:12,0,0,15
BRDA:13,1,0,0
BRDA:13,1,1,17
BRDA:14,2,0,0
BRDA:14,2,1,0
BRDA:29,3,0,29
BRDA:29,3,1,1
BRDA:33,4,0,0
BRDA:33,4,1,18
BRDA:35,5,0,0
BRDA:35,5,1,18
BRDA:39,6,0,9
BRDA:39,6,1,9
BRDA:41,7,0,7
BRDA:41,7,1,11
BRDA:53,8,0,29
BRDA:53,8,1,1
BRDA:57,9,0,0
BRDA:57,9,1,28
BRDA:62,10,0,14
BRDA:62,10,1,12
BRDA:64,11,0,12
BRDA:64,11,1,16
BRDA:76,12,0,30
BRDA:76,12,1,0
BRDA:80,13,0,0
BRDA:80,13,1,8
BRDA:84,14,0,10
BRDA:84,14,1,1
BRDA:86,15,0,7
BRDA:86,15,1,1
BRDA:94,16,0,0
BRDA:94,16,1,0
BRDA:108,17,0,6
BRDA:108,17,1,3
BRDA:115,18,0,6
BRDA:115,18,1,0
BRF:37
BRH:26
end_of_record
TN:
SF:/home/travis/build/MaibornWolff/codecharta/visualization/app/codeCharta/util/treeMapGenerator.ts
FN:22,(anonymous_0)
FN:24,(anonymous_1)
FN:27,(anonymous_2)
FN:32,(anonymous_3)
FN:34,(anonymous_4)
FN:45,(anonymous_5)
FN:48,(anonymous_6)
FN:51,(anonymous_7)
FN:56,(anonymous_8)
FN:60,(anonymous_9)
FN:64,(anonymous_10)
FN:68,(anonymous_11)
FN:83,(anonymous_12)
FNF:13
FNH:13
FNDA:9,(anonymous_0)
FNDA:11,(anonymous_1)
FNDA:36,(anonymous_2)
FNDA:9,(anonymous_3)
FNDA:36,(anonymous_4)
FNDA:36,(anonymous_5)
FNDA:36,(anonymous_6)
FNDA:27,(anonymous_7)
FNDA:5,(anonymous_8)
FNDA:25,(anonymous_9)
FNDA:37,(anonymous_10)
FNDA:37,(anonymous_11)
FNDA:36,(anonymous_12)
DA:19,88
DA:20,88
DA:23,9
DA:24,11
DA:25,9
DA:26,9
DA:27,9
DA:28,36
DA:33,9
DA:34,36
DA:35,9
DA:36,9
DA:37,9
DA:38,9
DA:39,9
DA:45,36
DA:49,36
DA:50,36
DA:51,27
DA:53,36
DA:57,5
DA:58,5
DA:60,25
DA:61,5
DA:65,37
DA:69,37
DA:70,0
DA:73,37
DA:74,1
DA:77,36
DA:78,8
DA:80,28
DA:84,36
LF:33
LH:32
BRDA:50,0,0,11
BRDA:50,0,1,25
BRDA:65,1,0,37
BRDA:65,1,1,37
BRDA:65,1,2,3
BRDA:65,1,3,1
BRDA:69,2,0,0
BRDA:69,2,1,37
BRDA:73,3,0,1
BRDA:73,3,1,36
BRDA:77,4,0,8
BRDA:77,4,1,28
BRDA:77,5,0,36
BRDA:77,5,1,25
BRDA:77,5,2,25
BRDA:84,6,0,36
BRDA:84,6,1,20
BRF:17
BRH:16
end_of_record
TN:
SF:/home/travis/build/MaibornWolff/codecharta/visualization/app/codeCharta/util/treeMapHelper.ts
FN:12,(anonymous_0)
FN:22,(anonymous_1)
FN:24,(anonymous_2)
FN:31,(anonymous_3)
FN:43,(anonymous_4)
FN:91,(anonymous_5)
FN:99,(anonymous_6)
FN:107,(anonymous_7)
FN:112,(anonymous_8)
FN:127,(anonymous_9)
FN:130,(anonymous_10)
FN:135,(anonymous_11)
FN:136,(anonymous_12)
FN:139,(anonymous_13)
FN:143,(anonymous_14)
FNF:15
FNH:15
FNDA:9,(anonymous_0)
FNDA:1,(anonymous_1)
FNDA:1,(anonymous_2)
FNDA:43,(anonymous_3)
FNDA:43,(anonymous_4)
FNDA:43,(anonymous_5)
FNDA:43,(anonymous_6)
FNDA:51,(anonymous_7)
FNDA:7,(anonymous_8)
FNDA:1,(anonymous_9)
FNDA:1,(anonymous_10)
FNDA:2,(anonymous_11)
FNDA:3,(anonymous_12)
FNDA:51,(anonymous_13)
FNDA:52,(anonymous_14)
DA:8,89
DA:9,89
DA:10,89
DA:13,9
DA:14,9
DA:15,4
DA:16,5
DA:19,9
DA:23,1
DA:24,1
DA:25,1
DA:28,1
DA:32,43
DA:34,43
DA:35,0
DA:36,43
DA:37,37
DA:39,6
DA:50,43
DA:51,43
DA:52,43
DA:53,43
DA:54,43
DA:55,43
DA:58,43
DA:59,43
DA:60,43
DA:61,43
DA:63,43
DA:92,43
DA:93,18
DA:95,25
DA:100,43
DA:101,18
DA:103,25
DA:108,51
DA:109,51
DA:112,7
DA:114,1
DA:117,51
DA:118,2
DA:121,51
DA:123,51
DA:124,51
DA:128,1
DA:130,1
DA:136,3
DA:140,51
DA:144,52
DA:145,52
DA:146,0
DA:148,52
DA:150,52
DA:151,28
DA:152,24
DA:153,1
DA:154,23
DA:155,14
DA:156,9
DA:157,8
DA:159,1
LF:61
LH:59
BRDA:14,0,0,4
BRDA:14,0,1,5
BRDA:14,1,0,9
BRDA:14,1,1,4
BRDA:32,2,0,43
BRDA:32,2,1,27
BRDA:34,3,0,0
BRDA:34,3,1,43
BRDA:36,4,0,37
BRDA:36,4,1,6
BRDA:50,5,0,43
BRDA:50,5,1,11
BRDA:56,6,0,32
BRDA:56,6,1,11
BRDA:78,7,0,3
BRDA:78,7,1,40
BRDA:77,8,0,43
BRDA:77,8,1,5
BRDA:80,9,0,43
BRDA:80,9,1,6
BRDA:80,10,0,6
BRDA:80,10,1,4
BRDA:80,10,2,4
BRDA:92,11,0,18
BRDA:92,11,1,25
BRDA:100,12,0,18
BRDA:100,12,1,25
BRDA:109,13,0,1
BRDA:109,13,1,50
BRDA:110,14,0,51
BRDA:110,14,1,7
BRDA:110,14,2,7
BRDA:117,15,0,2
BRDA:117,15,1,49
BRDA:117,16,0,51
BRDA:117,16,1,51
BRDA:117,16,2,2
BRDA:118,17,0,0
BRDA:118,17,1,2
BRDA:123,18,0,51
BRDA:123,18,1,50
BRDA:129,19,0,1
BRDA:129,19,1,1
BRDA:130,20,0,1
BRDA:130,20,1,1
BRDA:144,21,0,45
BRDA:144,21,1,7
BRDA:145,22,0,0
BRDA:145,22,1,52
BRDA:150,23,0,28
BRDA:150,23,1,24
BRDA:152,24,0,1
BRDA:152,24,1,23
BRDA:154,25,0,14
BRDA:154,25,1,9
BRDA:155,26,0,1
BRDA:155,26,1,13
BRDA:156,27,0,8
BRDA:156,27,1,1
BRDA:157,28,0,2
BRDA:157,28,1,6
BRF:61
BRH:58
end_of_record
TN:
SF:/home/travis/build/MaibornWolff/codecharta/visualization/app/codeCharta/util/urlExtractor.ts
FN:8,(anonymous_0)
FN:10,(anonymous_1)
FN:24,(anonymous_2)
FN:37,(anonymous_3)
FN:39,(anonymous_4)
FN:48,(anonymous_5)
FN:49,(anonymous_6)
FN:51,(anonymous_7)
FNF:8
FNH:8
FNDA:20,(anonymous_0)
FNDA:4,(anonymous_1)
FNDA:14,(anonymous_2)
FNDA:5,(anonymous_3)
FNDA:5,(anonymous_4)
FNDA:4,(anonymous_5)
FNDA:4,(anonymous_6)
FNDA:2,(anonymous_7)
DA:6,88
DA:8,20
DA:11,4
DA:12,4
DA:13,4
DA:15,4
DA:16,2
DA:18,2
DA:19,0
DA:21,2
DA:25,14
DA:27,14
DA:28,11
DA:31,14
DA:32,1
DA:35,14
DA:37,14
DA:38,5
DA:40,5
DA:45,14
DA:49,4
DA:50,4
DA:51,2
DA:52,2
DA:53,1
DA:54,1
DA:56,1
DA:60,2
LF:28
LH:27
BRDA:15,0,0,2
BRDA:15,0,1,2
BRDA:18,1,0,0
BRDA:18,1,1,2
BRDA:27,2,0,11
BRDA:27,2,1,3
BRDA:31,3,0,1
BRDA:31,3,1,13
BRDA:50,4,0,2
BRDA:50,4,1,2
BRDA:50,5,0,4
BRDA:50,5,1,2
BRDA:52,6,0,1
BRDA:52,6,1,1
BRF:14
BRH:13
end_of_record
TN:
SF:/home/travis/build/MaibornWolff/codecharta/visualization/app/codeCharta/util/color/colorConverter.ts
FN:6,(anonymous_0)
FN:10,(anonymous_1)
FN:16,(anonymous_2)
FN:21,(anonymous_3)
FN:26,(anonymous_4)
FN:37,(anonymous_5)
FN:42,(anonymous_6)
FN:47,(anonymous_7)
FN:55,(anonymous_8)
FN:69,(anonymous_9)
FN:75,(anonymous_10)
FN:83,(anonymous_11)
FN:87,(anonymous_12)
FN:96,(anonymous_13)
FNF:14
FNH:14
FNDA:377,(anonymous_0)
FNDA:2,(anonymous_1)
FNDA:8,(anonymous_2)
FNDA:14,(anonymous_3)
FNDA:35,(anonymous_4)
FNDA:6,(anonymous_5)
FNDA:371,(anonymous_6)
FNDA:1,(anonymous_7)
FNDA:7,(anonymous_8)
FNDA:37,(anonymous_9)
FNDA:59,(anonymous_10)
FNDA:37,(anonymous_11)
FNDA:74,(anonymous_12)
FNDA:37,(anonymous_13)
DA:7,377
DA:11,2
DA:12,2
DA:13,2
DA:17,8
DA:18,8
DA:22,14
DA:23,14
DA:27,35
DA:38,6
DA:39,6
DA:43,371
DA:44,371
DA:48,1
DA:49,1
DA:50,1
DA:52,1
DA:56,7
DA:57,7
DA:58,7
DA:59,7
DA:61,7
DA:62,35
DA:63,35
DA:64,35
DA:66,7
DA:70,37
DA:71,37
DA:72,37
DA:76,59
DA:77,59
DA:78,2
DA:80,59
DA:84,37
DA:88,74
DA:89,74
DA:90,74
DA:91,74
DA:92,74
DA:93,74
DA:97,37
LF:41
LH:41
BRDA:16,0,0,7
BRDA:77,1,0,2
BRDA:77,1,1,57
BRF:3
BRH:3
end_of_record
TN:
SF:/home/travis/build/MaibornWolff/codecharta/visualization/app/codeCharta/util/color/hsl.ts
FN:4,(anonymous_0)
FN:6,(anonymous_1)
FN:10,(anonymous_2)
FN:14,(anonymous_3)
FN:18,(anonymous_4)
FN:22,(anonymous_5)
FNF:6
FNH:6
FNDA:12,(anonymous_0)
FNDA:7,(anonymous_1)
FNDA:7,(anonymous_2)
FNDA:8,(anonymous_3)
FNDA:6,(anonymous_4)
FNDA:2,(anonymous_5)
DA:4,12
DA:7,7
DA:11,7
DA:15,8
DA:19,6
DA:23,2
LF:6
LH:6
BRF:0
BRH:0
end_of_record
